ARM GAS  C:\Users\user\AppData\Local\Temp\ccy1VzKx.s 			page 1


   1              		.cpu cortex-m4
   2              		.eabi_attribute 20, 1
   3              		.eabi_attribute 21, 1
   4              		.eabi_attribute 23, 3
   5              		.eabi_attribute 24, 1
   6              		.eabi_attribute 25, 1
   7              		.eabi_attribute 26, 1
   8              		.eabi_attribute 30, 2
   9              		.eabi_attribute 34, 1
  10              		.eabi_attribute 18, 4
  11              		.file	"hal.c"
  12              		.text
  13              	.Ltext0:
  14              		.section	.gnu.lto_.profile.79a07196,"",%progbits
  15 0000 789C6365 		.ascii	"x\234ce`b`a```d\360\344\004\000\001\033\000_"
  15      60626061 
  15      60606064 
  15      F0E40400 
  15      011B005F 
  16              		.text
  17              		.section	.gnu.lto_.icf.79a07196,"",%progbits
  18 0000 789C6365 		.ascii	"x\234ce`b\340`@\000F\206e\247\367\177af\000\000\017"
  18      6062E060 
  18      40004686 
  18      65A7F77F 
  18      61660000 
  19 0015 1D0338   		.ascii	"\035\0038"
  20              		.text
  21              		.section	.gnu.lto_.jmpfuncs.79a07196,"",%progbits
  22 0000 789C6365 		.ascii	"x\234ce`b\320d@\000F\030\203\211q:3c\363\257\375\237"
  22      6062D064 
  22      40004618 
  22      8389713A 
  22      3363F3AF 
  23 0016 F9EAFF36 		.ascii	"\371\352\3776H\314gfX\314\014\222^\316X\317\300\310"
  23      48CC6766 
  23      58CC0C92 
  23      5ECE58CF 
  23      C0C8
  24 0028 02640100 		.ascii	"\002d\001\000\270\336\010\226"
  24      B8DE0896 
  25              		.text
  26              		.section	.gnu.lto_.inline.79a07196,"",%progbits
  27 0000 789C6365 		.ascii	"x\234ce`b\260d@\000F\006\006\356\223@\222\011\310f["
  27      6062B064 
  27      40004606 
  27      06EE9340 
  27      9209C866 
  28 0015 20CF0416 		.ascii	" \317\004\026\343\302A0q\2034\200\231\014\000f\341\002"
  28      E3C24130 
  28      71833480 
  28      990C0066 
  28      E102
  29 0027 30       		.ascii	"0"
  30              		.text
  31              		.section	.gnu.lto_.pureconst.79a07196,"",%progbits
  32 0000 789C6365 		.ascii	"x\234ce`b`f```d\220\000\000\000\204\000$"
ARM GAS  C:\Users\user\AppData\Local\Temp\ccy1VzKx.s 			page 2


  32      60626066 
  32      60606064 
  32      90000000 
  32      840024
  33              		.text
  34              		.section	.gnu.lto_halInit.79a07196,"",%progbits
  35 0000 789C7591 		.ascii	"x\234u\2211H\202Q\020\307\357\276\247\237\012)\015\015"
  35      31488251 
  35      10C7EFBE 
  35      A79F0A29 
  35      0D0D
  36 0012 850DAD2E 		.ascii	"\205\015\255.Y\015\005\255n-A6\272\224\015J\201\220"
  36      590D05AD 
  36      6E2D4136 
  36      BA940D4A 
  36      8190
  37 0024 357FCF2C 		.ascii	"5\177\317,\004\203j)3\210\367U\204\226\245i48\365\341"
  37      04836A29 
  37      3388F755 
  37      8496A569 
  37      3438F5E1 
  38 0038 D6525063 		.ascii	"\326RPcS\021\015Y \264\025j\3674\302\341\353\340q\367"
  38      53110D59 
  38      20B4156A 
  38      F734C2E1 
  38      EBE071F7 
  39 004c EE7EDCFD 		.ascii	"\356~\334\375\337=+(PC\200\021\000p\323A\006\250l\335"
  39      DF3D2B28 
  39      50438011 
  39      0070D341 
  39      06A86CDD 
  40 0060 02C4EC0A 		.ascii	"\002\304\354\012\242\014\270\035ASP\303M\226bXI\274"
  40      A20CB81D 
  40      415350C3 
  40      4D966258 
  40      49BC
  41 0072 96154F86 		.ascii	"\226\025O\206\223\031\251Z\037\317\032(\030@\232\216"
  41      9319A95A 
  41      1FCF1A28 
  41      18409A8E 
  42 0082 34CCA007 		.ascii	"4\314\240\007\010{.6\266\235\252\245\235\307,\2524\002"
  42      087B2E36 
  42      B69DAAA5 
  42      9DC72CAA 
  42      3402
  43 0094 0AF768F0 		.ascii	"\012\367h\360F3\301\215\227C|\230p\000$\251,g\2543E"
  43      4633C18D 
  43      97437C98 
  43      700024A9 
  43      2C67AC33 
  44 00a9 7A56C5B8 		.ascii	"zV\305\270\376\355\226\274lR.\277?\332\264:\267\013"
  44      FEED96BC 
  44      6C522EBF 
  44      3FDAB43A 
  44      B70B
  45 00bb 8669461D 		.ascii	"\206iF\035\360\0045\020\304VqU?\3562\341X\232\252\200"
  45      F0043510 
ARM GAS  C:\Users\user\AppData\Local\Temp\ccy1VzKx.s 			page 3


  45      C4567155 
  45      3FEE32E1 
  45      589AAA80 
  46 00cf A7C45161 		.ascii	"\247\304Qag\255rg\333`\202YP^\343_\327\237.\342z)q$"
  46      67AD7267 
  46      DB608259 
  46      505EE35F 
  46      D79F2EE2 
  47 00e7 8551EE66 		.ascii	"\205Q\356f/7/p?\326-\230\025\317\350\2259\354o\025\232"
  47      2F372F70 
  47      3FD62D98 
  47      15CFE895 
  47      39EC6F15 
  48 00fc 6FA5BC83 		.ascii	"o\245\274\203\340]\316\007d\203s\024\330\032\210y\324"
  48      E05DCE07 
  48      64837314 
  48      D81A8879 
  48      D4
  49 010d 0453416A 		.ascii	"\004SAj-\232i \255\324\034\013\177Z\343\372\201\323"
  49      2D9A6920 
  49      ADD41C0B 
  49      7F5AE3FA 
  49      81D3
  50 011f 9CB31077 		.ascii	"\234\263\020w\321\301]\271\3149+q\305\016\356\251\307"
  50      D1C15DB9 
  50      CC392B71 
  50      C50EEEA9 
  50      C7
  51 0130 9C53892B 		.ascii	"\234S\211+up\365\1778\033q\227\277\334\007\256\350\231"
  51      7570F57F 
  51      381B7197 
  51      BFDC07AE 
  51      E899
  52 0142 EDF6DBA4 		.ascii	"\355\366\333\244%i\323\364\027\264\306!\337x`jz\322"
  52      2569D3F4 
  52      17B4C621 
  52      DF78606A 
  52      7AD2
  53 0154 1FF085C2 		.ascii	"\037\360\205\302\263a\377\322\362\\8\022\010\3128\022"
  53      B361FFD2 
  53      F25C3812 
  53      08CA3812 
  54 0164 1D1E1BF5 		.ascii	"\035\036\033\365F\242\336\320\314\2027\272\030\224~"
  54      46A2DED0 
  54      CC8237BA 
  54      18947E
  55 0173 30083F4A 		.ascii	"0\010?J/\262\346"
  55      2FB2E6
  56              		.text
  57              		.section	.gnu.lto_.symbol_nodes.79a07196,"",%progbits
  58 0000 789C55C9 		.ascii	"x\234U\311\275\015\302@\020D\341ws>\2332(\005*\333\013"
  58      BD0DC240 
  58      1044E177 
  58      733E9B32 
  58      28052ADB 
  59 0015 2880847F 		.ascii	"(\200\204\177\310\\\005\2613$j\000\311u \226\213\330"
  59      C85C05B1 
ARM GAS  C:\Users\user\AppData\Local\Temp\ccy1VzKx.s 			page 4


  59      33246A00 
  59      C9752096 
  59      8BD8
  60 0027 493EE94D 		.ascii	"I>\351MA<\360i'\203\355\023\234{]C9\212\245?\351&K\355"
  60      413CF069 
  60      2783ED13 
  60      9C7B5D43 
  60      398AA53F 
  61 003f 815A571E 		.ascii	"\201ZW\036\2562\205p\221\345\020\316\262.\204\223\254"
  61      AE328570 
  61      91E510CE 
  61      B22E8493 
  61      AC
  62 0050 847090F5 		.ascii	"\204p\220\365!\354e\303\177\310,\030_\237\224\031\230"
  62      21EC65C3 
  62      7FC82C18 
  62      5F9F9419 
  62      98
  63 0061 9A3D73B3 		.ascii	"\232=s\263\260y\377\354\030\233\231\251)f\227/\233\212"
  63      B079FFEC 
  63      189B99A9 
  63      2966972F 
  63      9B8A
  64 0073 32A3     		.ascii	"2\243"
  65              		.text
  66              		.section	.gnu.lto_.refs.79a07196,"",%progbits
  67 0000 789C6365 		.ascii	"x\234ce`b`c```d`bdb\000\000\000\275\000\024"
  67      60626063 
  67      60606064 
  67      60626462 
  67      000000BD 
  68              		.text
  69              		.section	.gnu.lto_.decls.79a07196,"",%progbits
  70 0000 789CAD56 		.ascii	"x\234\255V{PTU\030\277\337=\313\276\3000m\312?\234\206"
  70      7B505455 
  70      18BFDF3D 
  70      CBBEC030 
  70      6DCA3F9C 
  71 0015 7168E48F 		.ascii	"qh\344\217\002AG\235\232\351\205\232\025%\223\325_;"
  71      0241479D 
  71      9AE9859A 
  71      152593D5 
  71      5F3B
  72 0027 B32DEC2A 		.ascii	"\263-\354*;\301\356\266wij\372\347*\370@\023!K\007*"
  72      3BC1EEB6 
  72      77696AFA 
  72      E72AF840 
  72      13214B07 
  73 003c 53711494 		.ascii	"Sq\024\224\204\360\021a\352J\012\204\240\250\245\"\370"
  73      84F01161 
  73      EA4A0A84 
  73      A0A8A522 
  73      F8
  74 004d 42C437EF 		.ascii	"B\3047\357x(F\3379\347^\356\272b\243Mw\366;\347~\347"
  74      782846DF 
  74      39E75EEE 
  74      BA62A34D 
ARM GAS  C:\Users\user\AppData\Local\Temp\ccy1VzKx.s 			page 5


  74      77F63BE7 
  75 0063 FCCEEF7B 		.ascii	"\374\316\357{\234\357\234\273!\202(\270B\005\241\230"
  75      9CEF9CBB 
  75      218228B8 
  75      4205A198 
  76 0073 A0088230 		.ascii	"\240\010\2020\214\217\210\375\217(\200\322\"\360\307"
  76      8C8F88FD 
  76      8F2880D2 
  76      22F0C7
  77 0082 88721DE5 		.ascii	"\210r\035\345&\312m\224\016\224.\224\036\224~\224A\005"
  77      26CA6D94 
  77      0E942E94 
  77      1E947E94 
  77      4105
  78 0094 7F57B8FF 		.ascii	"\177W\270\3779\211\203\006\354?D\031B\271\206rO\341"
  78      39898306 
  78      EC3F4419 
  78      42B98672 
  78      4FE1
  79 00a6 BD84D217 		.ascii	"\275\204\322\027\304?\250\360\365(\374\035\212\275\233"
  79      C43FA8F0 
  79      F528FC1D 
  79      8ABD9B
  80 00b5 0FE15F47 		.ascii	"\017\341_G\340xf\351w$\233\30083\350P\355\252\317\277"
  80      E07866E9 
  80      77249BC0 
  80      3833E850 
  80      EDAACFBF 
  81 00c9 FC04AA4F 		.ascii	"\374\004\252O\231!\002\325\342\372\352fev9\240^\276"
  81      992102D5 
  81      E2FAEA66 
  81      657639A0 
  81      5EBE
  82 00db EF761C57 		.ascii	"\357v\034W'\242Vq\256\313\037\312\301\027\351\354\360"
  82      27A25671 
  82      AECB1FCA 
  82      C117E9EC 
  82      F0
  83 00ec F5C60213 		.ascii	"\365\306\002\023\237\356\244\334+v\257)\010'\"\320\367"
  83      9FEEA4DC 
  83      2B76AF29 
  83      082722D0 
  83      F7
  84 00fd F6CC2B17 		.ascii	"\366\314+\027C\371\334\004TOt\326}\257\250cQm\316Z\272"
  84      43F9DC04 
  84      544F74D6 
  84      7DAFA863 
  84      516DCE5A 
  85 0112 5E4F4C0C 		.ascii	"^OL\014y\256\246h;\2659\331\0144\237\3418Tr\353\227"
  85      79AEA668 
  85      3BB539D9 
  85      0C349FE1 
  85      385472EB 
  86 0127 C1317C88 		.ascii	"\3011|\210\".\014\026\316\211.\226\371c|V\013\346\304"
  86      222E0C16 
  86      CE892E96 
  86      F9637C56 
ARM GAS  C:\Users\user\AppData\Local\Temp\ccy1VzKx.s 			page 6


  86      0BE6C4
  87 013a EAEECD06 		.ascii	"\352\356\315\006\362\014\005\211y\265\247+u\020e\336"
  87      F20C0589 
  87      79B5A72B 
  87      751065DE 
  88 014a 4241FED3 		.ascii	"BA\376\323\275\223s\227\311\262\010{\300\014\273\200"
  88      BD937397 
  88      C9B2087B 
  88      C00CBB80 
  89 015a C04E88A6 		.ascii	"\300N\210\246I\231l\306v\271,/\226s2d\323\\\001\012"
  89      49996CC6 
  89      76B92C2F 
  89      96733264 
  89      D35C010A 
  90 016e 61226C85 		.ascii	"a\"l\205\211\002\354\206(j\217\342\240\014\007\177\302"
  90      8902EC86 
  90      286A8FE2 
  90      A00C077F 
  90      C2
  91 017f 413451B4 		.ascii	"A4Q\2649w\223\236d\003\263Q\265\277\351\214\016\314"
  91      3977939E 
  91      6403B351 
  91      B5BFE98C 
  91      0ECC
  92 0191 51A312FC 		.ascii	"Q\243\022\3742\012\001wfx\333\244\252%\324\231rt\346"
  92      320A0177 
  92      6678DBA4 
  92      AA25D499 
  92      7274E6
  93 01a4 67CD19F4 		.ascii	"g\315\031\364\215\307\321R\321\274H$\003\314\010\344"
  93      8DC7D152 
  93      D1BC4824 
  93      03CC08E4 
  94 01b4 EFEDAD0D 		.ascii	"\357\355\255\015\341\2512\242\332\261\346p\275H\206"
  94      E1A932A2 
  94      DAB1E670 
  94      BD4886
  95 01c3 F85CDB99 		.ascii	"\370\\\333\231\214<=Y\314S\234s\257Q\326\223\025\\Y"
  95      8C3C3D59 
  95      CC539C73 
  95      AF51D693 
  95      155C59
  96 01d6 D531B051 		.ascii	"\3251\260QGr\271\322\230\321\177j\014Y\307\024\323\322"
  96      4772B9D2 
  96      98D17F6A 
  96      0C59C714 
  96      D3D2
  97 01e8 92F25D61 		.ascii	"\222\362]a\020I\237\361\221\221Q\233\250\357\376\253"
  97      10499FF1 
  97      9191519B 
  97      A8EFFEAB 
  98 01f8 479EAFE9 		.ascii	"G\236\257\351n\225\345\257\302\230S~t\252\012\306k\301"
  98      6E95E5AF 
  98      C298537E 
  98      74AA0AC6 
  98      6BC1
  99 020a ECC04680 		.ascii	"\354\300F\200Xl\004\276\340\316\313y\262?\2230\364\201"
ARM GAS  C:\Users\user\AppData\Local\Temp\ccy1VzKx.s 			page 7


  99      586C04BE 
  99      E0CECB79 
  99      B23F9330 
  99      F481
 100 021c 60744C10 		.ascii	"`tL\020\370\306+\032\370\327`\360^F]\010\001\334\001"
 100      F8C62B1A 
 100      F8D760F0 
 100      5E465D08 
 100      01DC01
 101 022f F08A6078 		.ascii	"\360\212`xI\260'g\003\320\373F'g\350\\\232\373\034Y"
 101      49B02767 
 101      03D0FB46 
 101      2767E85C 
 101      9AFB1C59 
 102 0243 7E5527C0 		.ascii	"~U'\300v\234\337\306\246(\032\323\017\277\343nUB$T\243"
 102      769CDFC6 
 102      A6281AD3 
 102      0FBFE36E 
 102      55422454 
 103 0258 1C46F90D 		.ascii	"\034F\371\015\345\020J\015\312A\210d\025\306\355\325"
 103      E5104A0D 
 103      CA418864 
 103      15C6EDD5 
 104 0268 06D8DB3F 		.ascii	"\006\330\333?j\344\201\261\324\316\325\320\245\243\307"
 104      6AE481B1 
 104      D4CED5D0 
 104      A5A3C7
 105 0277 C2E1BC34 		.ascii	"\302\341\2744\332\367\217[$\313@a\202R\026Jm\037\370"
 105      DAF78F5B 
 105      24CB4061 
 105      8252164A 
 105      6D1FF8
 106 028a 3BB3414F 		.ascii	";\263AO\256\261=\0247\257\250\333c\204\361Q\243\305"
 106      AEB13D14 
 106      37AFA8DB 
 106      6384F151 
 106      A3C5
 107 029c 047518CA 		.ascii	"\004u\030\312\343\204\305-\267\325\350\3610\301\021"
 107      E384C52D 
 107      B7D5E8F1 
 107      30C111
 108 02ab 5C58AB95 		.ascii	"\\X\253\225$\365\203\231?\331\26613\214Wa\003\325\263"
 108      24F58399 
 108      3FD9B631 
 108      338C5761 
 108      03D5B3
 109 02be 57EFFCC9 		.ascii	"W\357\374\311L\356\362\372*l\373.[\231\234\211\352\356"
 109      4CEEF2FA 
 109      2A6CFB2E 
 109      5B999C89 
 109      EAEE
 110 02d0 FAF2F321 		.ascii	"\372\362\363!d1as\315\335\247\226\205\222,\256\224\014"
 110      64316173 
 110      CDDDA796 
 110      85922CAE 
 110      940C
 111 02e2 7DBD554F 		.ascii	"}\275UOr\270\322SX\266\336\310W\025\322\353\343\373"
ARM GAS  C:\Users\user\AppData\Local\Temp\ccy1VzKx.s 			page 8


 111      72B8D253 
 111      58B6DEC8 
 111      5715D2EB 
 111      E3FB
 112 02f4 65FE5DCA 		.ascii	"e\376]\312u\3427\243\276r\311\352,\003Y\307\300\306"
 112      75E237A3 
 112      BE72C9EA 
 112      2C0359C7 
 112      C0C6
 113 0306 1B47B7E4 		.ascii	"\033G\267\344\211\300k\226\025-\272\\U;n\215,\327La"
 113      89C06B96 
 113      152DBA5C 
 113      553B6E8D 
 113      2CD74C61 
 114 031a 4E9F40A7 		.ascii	"N\237@\247\033\261\037I\303}E\210\350\226w\026\261\235"
 114      1BB11F49 
 114      C37D4588 
 114      E8967716 
 114      B19D
 115 032c A0E03F83 		.ascii	"\240\340?\203\301E\367\027!\302+\0234\370\217\301\360"
 115      C145F717 
 115      21C22B13 
 115      34F88FC1 
 115      F0
 116 033d E2D1CBEA 		.ascii	"\342\321\313\352\017\234?\311\246\032\225\374\237\303"
 116      0F9C3FC9 
 116      A61A95FC 
 116      9FC3
 117 034b FC9FC25C 		.ascii	"\374\237\302\\7\2414\243\234E9\203rZ+)\352\332\333\232"
 117      37A134A3 
 117      9C453983 
 117      725A2B29 
 117      EADADB9A 
 118 035f ADA3C1B6 		.ascii	"\255\243\301\266\352\037p\255\345-\015~<\030\276\343"
 118      EA1F70AD 
 118      E52D0D7E 
 118      3C18BEE3 
 119 036f C14802D8 		.ascii	"\301H\002\330\033\202\341\307\264H\224\012\374\235W"
 119      1B82E1C7 
 119      B448940A 
 119      FC9D57
 120 037e 60E30315 		.ascii	"`\343\003\025xp\360\326\222p\262\236\355\207\270em\345"
 120      7870F0D6 
 120      9270B29E 
 120      ED87B865 
 120      6DE5
 121 0390 61535005 		.ascii	"aSP\005\252\341\343\327 \352\2213\300\255\236:\306\252"
 121      AAE1E3D7 
 121      20EA9133 
 121      C0AD9E3A 
 121      C6AA
 122 03a2 EF022E3A 		.ascii	"\357\002.:\257U_\243Z}\203\333\017\374m\034\257\330"
 122      AF555FA3 
 122      5A7D83DB 
 122      0FFC6D1C 
 122      AFD8
 123 03b4 5AFE305B 		.ascii	"Z\3760[\302\277\032\242\227\342\315\237\263\314a+Fn"
ARM GAS  C:\Users\user\AppData\Local\Temp\ccy1VzKx.s 			page 9


 123      C2BF1AA2 
 123      97E2CD9F 
 123      B3CC612B 
 123      466E
 124 03c6 6BB81470 		.ascii	"k\270\024p\032\005h\2010\012\244=\202\367\254:\264O"
 124      1A056881 
 124      300AA43D 
 124      82F7AC3A 
 124      B44F
 125 03d8 3C8F54F8 		.ascii	"<\217T\370E\207\261\214\002\200\267\300\204\251\303"
 125      4587B18C 
 125      0280B7C0 
 125      84A9C3
 126 03e7 EA03C0C6 		.ascii	"\352\003\300\306qTd-\007\262!PW(\272\250\250\242B\311"
 126      7154642D 
 126      07B22150 
 126      5728BAA8 
 126      A8A242C9 
 127 03fb 7ECA6208 		.ascii	"~\312b\010`\344\323\334\222\372\360/9\177a\313\324\325"
 127      60E4D3DC 
 127      92FAF02F 
 127      397F61CB 
 127      D4D5
 128 040d 206A0600 		.ascii	" j\006\000\002\027\004\020r\267\225\371\021\377\004"
 128      02170410 
 128      72B795F9 
 128      11FF04
 129 041c 2D385053 		.ascii	"-8PS\325\225W\327f\276\200\273\207#\033^\0056\326\271"
 129      D59557D7 
 129      66BE80BB 
 129      87231B5E 
 129      0536D6B9 
 130 0430 536E3193 		.ascii	"Sn1\223B~z\017\017\367\373\303\371\351\025\003>\350"
 130      427E7A0F 
 130      0FF7FBC3 
 130      F9E91503 
 130      3EE8
 131 0442 4FF10FFA 		.ascii	"O\361\017\372\300\242?\017\232'\254e_\350\014y\254\010"
 131      C0A23F0F 
 131      9A27AC65 
 131      5FE80C79 
 131      AC08
 132 0454 1F3E0D57 		.ascii	"\037>\015W1\321m,\321\327`\002\266I:\245\256\032V\355"
 132      31D16D2C 
 132      D1D76002 
 132      B6493AA5 
 132      AE1A56ED 
 133 0468 354FDA20 		.ascii	"5O\332 o\270(\373\253\333#\256\226\3112~\035e\035\205"
 133      6FB828FB 
 133      ABDB23AE 
 133      96C9327E 
 133      1D651D85 
 134 047c C115AD1A 		.ascii	"\301\025\255\032\360\025\333V,\022\270\214U\"\300u\230"
 134      F015DB56 
 134      2C12B88C 
 134      5522C075 
 134      98
ARM GAS  C:\Users\user\AppData\Local\Temp\ccy1VzKx.s 			page 10


 135 048d 84CB9795 		.ascii	"\204\313\227\225\265_\010!\227\270W\271e\015-\004\271"
 135      B55F0821 
 135      97B857B9 
 135      650D2D04 
 135      B9
 136 049e 2E624D55 		.ascii	".bMU\337\233\231_\332*/73\203pCc\272A\231\350\313M\306"
 136      DF9B995F 
 136      DA2A2F37 
 136      33837043 
 136      63BA4199 
 137 04b6 50D776EE 		.ascii	"P\327v\356\013\262A\307\010v|s\254\303\240\020\234\\"
 137      0BB241C7 
 137      08767C73 
 137      ACC3A010 
 137      9C5C
 138 04c8 457E68D2 		.ascii	"E~h\322\010ni\004\267T\202\333\214\340Xm\301\320\030"
 138      086E6904 
 138      B75482DB 
 138      8CE0586D 
 138      C1D018
 139 04db D2C319D6 		.ascii	"\322\303\031\326\376z\360\210Ie\370\201\024\025-\365"
 139      FE7AF088 
 139      4965F881 
 139      14152DF5 
 140 04eb 27728276 		.ascii	"'r\202v\215\240]%\350`\004\355\307[\373\014dO\010#\250"
 140      8DA05D25 
 140      E86004ED 
 140      C75BFB0C 
 140      644F0823 
 141 0500 E8AD2E53 		.ascii	"\350\255.Sc\350)!\203\005#\004\235\032A\247J\320\305"
 141      63E82921 
 141      83052304 
 141      9D1A41A7 
 141      4AD0C5
 142 0513 08B2D7F9 		.ascii	"\010\262\327\371\233\364\244\237\023\344\034j\276\022"
 142      9BF4A49F 
 142      13E41C6A 
 142      BE12
 143 0521 AE10DC3D 		.ascii	"\256\020\334=@\356l\035!\350\326\010\272U\202\036F\260"
 143      40EE6C1D 
 143      21E8D608 
 143      BA55821E 
 143      46B0
 144 0533 AD38EF8A 		.ascii	"\2558\357\212\211\224\353\031A\177\366\312'u\"?\011"
 144      8994EB19 
 144      417FF6CA 
 144      2775223F 
 144      09
 145 0544 749B7068 		.ascii	"t\233phk\353\316M\206\207nh\037\333\320\277@\331\321"
 145      6BEBCE4D 
 145      86876E68 
 145      1FDBD0BF 
 145      40D9D1
 146 0557 CA6FCA87 		.ascii	"\312o\312\207u\212\003\227\217<\377%\217\000A\320\253"
 146      758A0397 
 146      8F3CFF25 
 146      8F0041D0 
ARM GAS  C:\Users\user\AppData\Local\Temp\ccy1VzKx.s 			page 11


 146      AB
 147 0568 39D0AB3A 		.ascii	"9\320\253:\320\317\034\310[\277\272\224\220*\356\300"
 147      D0CF1CC8 
 147      5BBFBA94 
 147      902AEEC0 
 148 0578 57F94347 		.ascii	"W\371CGE\205\240\351,)\034\326va@c\030P\031\006\031"
 148      4585A0E9 
 148      2C291CD6 
 148      76614063 
 148      18501906 
 149 058d 43CD6F3B 		.ascii	"C\315o;\372BI\276\2011\324\177[Q\037\376\\\201\334)"
 149      FA4249BE 
 149      8131D47F 
 149      5B511FFE 
 149      5C81DC29 
 150 05a1 D33F3733 		.ascii	"\323?73Wf\034\225\345\215\";\360w8C\300m}\207U\326]"
 150      57661C95 
 150      E58D223B 
 150      F0773843 
 150      C06D7D87 
 151 05b8 788EFEB9 		.ascii	"x\216\376\271\0348}>,\360\216\240F\265;b\0103\242\230"
 151      1C387D3E 
 151      2CF08EA0 
 151      46B53B62 
 151      0833A298 
 152 05cc 1F62D744 		.ascii	"\037b\327D\326\276\242\322\360@|\337}\370{\312\235B"
 152      D6BEA2D2 
 152      F0407CDF 
 152      7DF87BCA 
 152      9D42
 153 05de 7B7DE2EC 		.ascii	"{}\342\354Y6\237Mg[\340M5\276\361\356\007\021\361\261"
 153      59369F4D 
 153      675BE04D 
 153      35BEF1EE 
 153      0711F1B1 
 154 05f2 B182D96A 		.ascii	"\261\202\331jMw\272|S\343\254\276\217\223_\264x}n\311"
 154      4D77BA7C 
 154      53E3ACBE 
 154      8F935FB4 
 154      787D6EC9 
 155 0606 929CE24C 		.ascii	"\222\234\342LrJ\276t\273\323m\361\271\335\251\222e\241"
 155      724ABE74 
 155      BBD36DF1 
 155      B9DDA992 
 155      65A1
 156 0618 2B3D82BD 		.ascii	"+=\202\275E\330\274i\021\216\264$\207\335\356\260[\246"
 156      45D8BC69 
 156      118EB424 
 156      87DDEEB0 
 156      5BA6
 157 062a 474F8D88 		.ascii	"GO\215\210\233\022;\343\223X\013\216\277\340r\273\034"
 157      9B123BE3 
 157      93580B8E 
 157      BFE072BB 
 157      1C
 158 063b 2F386C49 		.ascii	"/8lIN\213\323\225\234\232nwX\322l\310\345rX\254v\307"
 158      4E8BD395 
ARM GAS  C:\Users\user\AppData\Local\Temp\ccy1VzKx.s 			page 12


 158      9C9A6E77 
 158      58D26CC8 
 158      E57258AC 
 159 0651 025B7AAA 		.ascii	"\002[z\252\317\352\373\334\343\220\242S\004\243j\364"
 159      CFEAFBDC 
 159      E390A253 
 159      04A36AF4 
 160 0661 A3FFDFA8 		.ascii	"\243\377\337\250\364\271d\261J>;Z@K\304m\367\206x\322"
 160      F4B964B1 
 160      4A3E3B5A 
 160      404BC46D 
 160      F78678D2 
 161 0675 3D76AFC1 		.ascii	"=v\257\301-y\034\016\273W\357\246^xC\322\334v\207\227"
 161      2D791C0E 
 161      BB57EFA6 
 161      5E7843D2 
 161      DC768797 
 162 0689 6623E5ED 		.ascii	"f#\345\355\370\027-\357\275?o\276%\236:1\237;\301\034"
 162      F8172DEF 
 162      BD3F6FBE 
 162      259E3A31 
 162      9F3BC11C 
 163 069d 724BB133 		.ascii	"rK\2613\246\307\270\245\230\024[j\214\307\355\365I1"
 163      A6C7B8A5 
 163      98145B6A 
 163      8CC7EDF5 
 163      4931
 164 06af F3DF7F67 		.ascii	"\363\337\177gj\\LB\302\254\2307\022\337\234\367i\034"
 164      6A5C4C42 
 164      C2AC9837 
 164      12DF9CF7 
 164      691C
 165 06c1 9DB27A50 		.ascii	"\235\262zPRS\355ho\234\344K\303\300\026z\234n\253\344"
 165      5253ED68 
 165      6F9CE44B 
 165      C3C0167A 
 165      9C6EABE4 
 166 06d5 F0A57BAC 		.ascii	"\360\245{\254>}\342,\232x}b<\357^\347\335k\274\233K"
 166      3E7DE22C 
 166      9A787D62 
 166      3CEF5EE7 
 166      DD6BBC9B 
 167 06ea 3B53E26B 		.ascii	";S\342k\011\361n\327\002\347B\003\322\275\351r\372\246"
 167      09F16ED7 
 167      02E74203 
 167      D2BDE972 
 167      FAA6
 168 06fc 3C9A4F92 		.ascii	"<\232O\2227\231\366\321\311\202^\362\321u3\036m\235"
 168      3799F6D1 
 168      C9825EF2 
 168      D175331E 
 168      6D9D
 169 070e 922CE6BC 		.ascii	"\222,\346\274D\363dJr\333\274v\3120\367\321\030\030"
 169      44F3644A 
 169      72DBBC76 
 169      CA30F7D1 
 169      1818
ARM GAS  C:\Users\user\AppData\Local\Temp\ccy1VzKx.s 			page 13


 170 0720 9EA6C3FA 		.ascii	"\236\246\303\372\356\007\361\011\263\347M\237f\2353"
 170      EE07F109 
 170      B3E74D9F 
 170      669D33
 171 072f 6D4AEC7B 		.ascii	"mJ\354{\263\371\014R\352%\306\367\322\177\360\310\341"
 171      B3F90C52 
 171      EA25C6F7 
 171      D27FF0C8 
 171      E1
 172 0740 75625029 		.ascii	"ubP)\202a\241\207E5\363\3619p%%\260\331\223\377#\001"
 172      8261A187 
 172      4535F3F1 
 172      39702525 
 172      B0D993FF 
 173 0756 AE448231 		.ascii	"\256D\2021\352\336Z\235H\023\226\022\240\314y\374\262"
 173      EADE5A9D 
 173      48139612 
 173      A0CC79FC 
 173      B2
 174 0767 61ED9C69 		.ascii	"a\355\234i\237}\026\223\242U\0145\240\036\220dV\004"
 174      9F7D1693 
 174      A2550C35 
 174      A01E9064 
 174      5604
 175 0779 FF000CB0 		.ascii	"\377\000\014\260\224\240"
 175      94A0
 176              		.text
 177              		.section	.gnu.lto_.symtab.79a07196,"",%progbits
 178 0000 68616C49 		.ascii	"halInit\000"
 178      6E697400 
 179 0008 00       		.ascii	"\000"
 180 0009 00       		.ascii	"\000"
 181 000a 00       		.ascii	"\000"
 182 000b 00000000 		.ascii	"\000\000\000\000\000\000\000\000"
 182      00000000 
 183 0013 E9000000 		.ascii	"\351\000\000\000"
 184 0017 70616C5F 		.ascii	"pal_default_config\000"
 184      64656661 
 184      756C745F 
 184      636F6E66 
 184      696700
 185 002a 00       		.ascii	"\000"
 186 002b 02       		.ascii	"\002"
 187 002c 00       		.ascii	"\000"
 188 002d 00000000 		.ascii	"\000\000\000\000\000\000\000\000"
 188      00000000 
 189 0035 FB000000 		.ascii	"\373\000\000\000"
 190 0039 7374496E 		.ascii	"stInit\000"
 190      697400
 191 0040 00       		.ascii	"\000"
 192 0041 02       		.ascii	"\002"
 193 0042 00       		.ascii	"\000"
 194 0043 00000000 		.ascii	"\000\000\000\000\000\000\000\000"
 194      00000000 
 195 004b EB000000 		.ascii	"\353\000\000\000"
 196 004f 626F6172 		.ascii	"boardInit\000"
 196      64496E69 
ARM GAS  C:\Users\user\AppData\Local\Temp\ccy1VzKx.s 			page 14


 196      7400
 197 0059 00       		.ascii	"\000"
 198 005a 02       		.ascii	"\002"
 199 005b 00       		.ascii	"\000"
 200 005c 00000000 		.ascii	"\000\000\000\000\000\000\000\000"
 200      00000000 
 201 0064 ED000000 		.ascii	"\355\000\000\000"
 202 0068 7364496E 		.ascii	"sdInit\000"
 202      697400
 203 006f 00       		.ascii	"\000"
 204 0070 02       		.ascii	"\002"
 205 0071 00       		.ascii	"\000"
 206 0072 00000000 		.ascii	"\000\000\000\000\000\000\000\000"
 206      00000000 
 207 007a EF000000 		.ascii	"\357\000\000\000"
 208 007e 67707449 		.ascii	"gptInit\000"
 208      6E697400 
 209 0086 00       		.ascii	"\000"
 210 0087 02       		.ascii	"\002"
 211 0088 00       		.ascii	"\000"
 212 0089 00000000 		.ascii	"\000\000\000\000\000\000\000\000"
 212      00000000 
 213 0091 F1000000 		.ascii	"\361\000\000\000"
 214 0095 61646349 		.ascii	"adcInit\000"
 214      6E697400 
 215 009d 00       		.ascii	"\000"
 216 009e 02       		.ascii	"\002"
 217 009f 00       		.ascii	"\000"
 218 00a0 00000000 		.ascii	"\000\000\000\000\000\000\000\000"
 218      00000000 
 219 00a8 F3000000 		.ascii	"\363\000\000\000"
 220 00ac 5F70616C 		.ascii	"_pal_lld_init\000"
 220      5F6C6C64 
 220      5F696E69 
 220      7400
 221 00ba 00       		.ascii	"\000"
 222 00bb 02       		.ascii	"\002"
 223 00bc 00       		.ascii	"\000"
 224 00bd 00000000 		.ascii	"\000\000\000\000\000\000\000\000"
 224      00000000 
 225 00c5 F7000000 		.ascii	"\367\000\000\000"
 226 00c9 68616C5F 		.ascii	"hal_lld_init\000"
 226      6C6C645F 
 226      696E6974 
 226      00
 227 00d6 00       		.ascii	"\000"
 228 00d7 02       		.ascii	"\002"
 229 00d8 00       		.ascii	"\000"
 230 00d9 00000000 		.ascii	"\000\000\000\000\000\000\000\000"
 230      00000000 
 231 00e1 F9000000 		.ascii	"\371\000\000\000"
 232              		.text
 233              		.section	.gnu.lto_.opts,"",%progbits
 234 0000 272D666D 		.ascii	"'-fmath-errno' '-fsigned-zeros' '-ftrapping-math' '"
 234      6174682D 
 234      6572726E 
 234      6F272027 
ARM GAS  C:\Users\user\AppData\Local\Temp\ccy1VzKx.s 			page 15


 234      2D667369 
 235 0033 2D666E6F 		.ascii	"-fno-trapv' '-fno-openmp' '-fno-openacc' '-mcpu=cor"
 235      2D747261 
 235      70762720 
 235      272D666E 
 235      6F2D6F70 
 236 0066 7465782D 		.ascii	"tex-m4' '-mno-thumb-interwork' '-mthumb' '-ggdb' '-"
 236      6D342720 
 236      272D6D6E 
 236      6F2D7468 
 236      756D622D 
 237 0099 4F322720 		.ascii	"O2' '-fomit-frame-pointer' '-falign-functions=16' '"
 237      272D666F 
 237      6D69742D 
 237      6672616D 
 237      652D706F 
 238 00cc 2D666675 		.ascii	"-ffunction-sections' '-fdata-sections' '-fno-common"
 238      6E637469 
 238      6F6E2D73 
 238      65637469 
 238      6F6E7327 
 239 00ff 2720272D 		.ascii	"' '-flto'\000"
 239      666C746F 
 239      2700
 240              		.text
 241              		.comm	__gnu_lto_v1,1,1
 242              		.comm	__gnu_lto_slim,1,1
 243              		.ident	"GCC: (GNU Tools for ARM Embedded Processors 6-2017-q1-update) 6.3.1 20170215 (release) [AR
ARM GAS  C:\Users\user\AppData\Local\Temp\ccy1VzKx.s 			page 16


DEFINED SYMBOLS
                            *ABS*:00000000 hal.c
                            *COM*:00000001 __gnu_lto_v1
                            *COM*:00000001 __gnu_lto_slim

NO UNDEFINED SYMBOLS
