ARM GAS  C:\Users\user\AppData\Local\Temp\ccoKZpIY.s 			page 1


   1              		.cpu cortex-m4
   2              		.eabi_attribute 20, 1
   3              		.eabi_attribute 21, 1
   4              		.eabi_attribute 23, 3
   5              		.eabi_attribute 24, 1
   6              		.eabi_attribute 25, 1
   7              		.eabi_attribute 26, 1
   8              		.eabi_attribute 30, 2
   9              		.eabi_attribute 34, 1
  10              		.eabi_attribute 18, 4
  11              		.file	"hal_pal.c"
  12              		.text
  13              	.Ltext0:
  14              		.section	.gnu.lto_.profile.79a07ae6,"",%progbits
  15 0000 789C6365 		.ascii	"x\234ce`b`a```d\320\220\001\000\000\354\000Q"
  15      60626061 
  15      60606064 
  15      D0900100 
  15      00EC0051 
  16              		.text
  17              		.section	.gnu.lto_.icf.79a07ae6,"",%progbits
  18 0000 789C6365 		.ascii	"x\234ce`b\020a@\000f\206\343\227n\235fc\334\276\377"
  18      60621061 
  18      40006686 
  18      E3976E9D 
  18      6663DCBE 
  19 0015 D00F76A6 		.ascii	"\320\017v\246u;\036\256\342e\000\000hQ\011\233"
  19      753B1EAE 
  19      E2650000 
  19      6851099B 
  20              		.text
  21              		.section	.gnu.lto_.jmpfuncs.79a07ae6,"",%progbits
  22 0000 789C6365 		.ascii	"x\234ce`bPb@\000f\006FF\306zF&FF\346\372z&0\305\310"
  22      60625062 
  22      40006606 
  22      4646C67A 
  22      46264646 
  23 001b 069162AA 		.ascii	"\006\221b\252d\004Q\0009\324\002\300"
  23      64045100 
  23      39D402C0 
  24              		.text
  25              		.section	.gnu.lto_.inline.79a07ae6,"",%progbits
  26 0000 789C6365 		.ascii	"x\234ce`b\370\316\200\000\314\014\014\234\034\214\314"
  26      6062F8CE 
  26      8000CC0C 
  26      0C9C1C8C 
  26      CC
  27 0011 0C0A8C20 		.ascii	"\014\012\214 &\210t\000\223\012\034l\037\364\030\330"
  27      26887400 
  27      930A1C6C 
  27      1FF418D8 
  28 0021 16C83331 		.ascii	"\026\310310\276`g\201\220 \202\003\314\344\000\021\002"
  28      30BE6067 
  28      81902082 
  28      03CCE400 
  28      1102
  29 0033 60A600C8 		.ascii	"`\246\000\310\030F\006>^F\026\210)\214@\022b\224\002"
ARM GAS  C:\Users\user\AppData\Local\Temp\ccoKZpIY.s 			page 2


  29      1846063E 
  29      5E461688 
  29      298C4012 
  29      629402
  30 0046 C4406EA6 		.ascii	"\304@n\246\013\374\030F\001\305P\014aY /\001b)010\357"
  30      0BFC1846 
  30      01C5500C 
  30      6159202F 
  30      01622930 
  31 005d 10576000 		.ascii	"\020W`\000Zo\0012\231\211\201[\030\305}PC9\201r\304"
  31      5A6F0132 
  31      9989815B 
  31      18C57D50 
  31      43398172 
  32 0072 390F6893 		.ascii	"9\017h\223\004\310$\026^\240w'\370\201 \003\000\006"
  32      04C82416 
  32      5EA07727 
  32      F8812003 
  32      0006
  33 0084 0820CB   		.ascii	"\010 \313"
  34              		.text
  35              		.section	.gnu.lto_.pureconst.79a07ae6,"",%progbits
  36 0000 789C6365 		.ascii	"x\234ce`b`g```f\220b\224b\222\004\000\001\307\000b"
  36      60626067 
  36      60606066 
  36      90629462 
  36      92040001 
  37              		.text
  38              		.section	.gnu.lto_palReadBus.79a07ae6,"",%progbits
  39 0000 789C9591 		.ascii	"x\234\225\221\277k\024Q\020\307\347\373fowO\243\377"
  39      BF6B1451 
  39      10C7E7FB 
  39      666F774F 
  39      A3FF
  40 0012 8029AE08 		.ascii	"\200)\256\010\2044.\202\030H\033\260\025\214\345\201"
  40      84342E82 
  40      18481BB0 
  40      158CE581 
  41 0022 24679183 		.ascii	"$g\221\203\300\211k\352\274[\223\250\021\177 \211\227"
  41      C0896BEA 
  41      BC5B93A8 
  41      117F2089 
  41      97
  42 0033 A8972D34 		.ascii	"\250\227-4\304\250\371\351\217\"\325\221\010\202\340"
  42      C4A8F9E9 
  42      8F22D591 
  42      0882E0
  43 0042 8FA4B112 		.ascii	"\217\244\261\022Em\016\264\360\032\033\211\316\274K"
  43      456D0EB4 
  43      F01A1B89 
  43      CEBC4B
  44 0051 E00A9B14 		.ascii	"\340\012\233\024;o\346\315\314g\346\273/C\206bC\324"
  44      3B6FE6CD 
  44      CC67E6BB 
  44      2F438662 
  44      43D4
  45 0063 434447E4 		.ascii	"CDG\344\003\023\314\255wD\345\320\000\352\330\0204b"
ARM GAS  C:\Users\user\AppData\Local\Temp\ccoKZpIY.s 			page 3


  45      0313CCAD 
  45      7744E5D0 
  45      00EAD810 
  45      3462
  46 0075 30829B5C 		.ascii	"0\202\233\\al\215\256\334\347\033\234J\231'\341\257"
  46      616C8DAE 
  46      DCE71B9C 
  46      4A9927E1 
  46      AF
  47 0086 B777BF1D 		.ascii	"\267w\277\035\326\020\310Ix\317n_\015\272\346\255Ml"
  47      D610C849 
  47      78CF6E5F 
  47      0DBAE6AD 
  47      4D6C
  48 0098 AD72DB9F 		.ascii	"\255r\333\237]\373`\263)\033\232\221\362Gh\307<\332"
  48      5DFB60B3 
  48      291B9A91 
  48      F24768C7 
  48      3CDA
  49 00aa 75C602BA 		.ascii	"u\306\002\272\244xl\2532\316\334\015\022\377\323\347"
  49      A4786CAB 
  49      32CEDC0D 
  49      12FFD3E7 
  50 00ba 2F0B61E7 		.ascii	"/\013a\347\234k|5\311\266#e\306cpk\243\\\021\236\240"
  50      9C6B7C35 
  50      C9B62365 
  50      C663706B 
  50      A35C119E 
  51 00cf 53EBBFAE 		.ascii	"S\353\277\256\356L\035\362\275\007L\312\026\344S\370"
  51      EE4C1DF2 
  51      BD074CCA 
  51      16E453F8 
  52 00df 9073791B 		.ascii	"\220sy\0335\273\363\367\262\255\375x\210\352\311\254"
  52      35BBF3F7 
  52      B2ADFD78 
  52      88EAC9AC 
  53 00ef 68900E96 		.ascii	"h\220\016\226^\317\023\223\311\210\361}\365\0025!\351"
  53      5ECF1393 
  53      C988F17D 
  53      F5023521 
  53      E9
  54 0100 76342108 		.ascii	"v4!\010\225zM\0029\271\216d\275~}\323Wj\225U\366\235"
  54      957A4D02 
  54      39B98E64 
  54      BD7E7DD3 
  54      576A9555 
  55 0116 B18DF781 		.ascii	"\261\215\367\201\352d\267\356\357\327o\256\264\245\250"
  55      EA64B7EE 
  55      EFD76FAE 
  55      B4A5A8
  56 0125 96ADB5B9 		.ascii	"\226\255\265\271\224\203*\033,\2526\311\315}O\226\202"
  56      94832A1B 
  56      2CAA36C9 
  56      CD7D4F96 
  56      82
  57 0136 68D13653 		.ascii	"h\3216S!\226\220bZw$,#\242:6\326\263M\260\327\012\016"
  57      21969062 
ARM GAS  C:\Users\user\AppData\Local\Temp\ccoKZpIY.s 			page 4


  57      5A77242C 
  57      23A23A36 
  57      D6B34DB0 
  58 014d FF07CECA 		.ascii	"\377\007\316\312t\254\354\202?6\032\233m\002\036-k\352"
  58      74ACEC82 
  58      3F361A9B 
  58      6D021E2D 
  58      6BEA
  59 015f 00561D58 		.ascii	"\000V\035XUc\315\201\223=pf_+\036\3043G2Jz\356H\227"
  59      5563CD81 
  59      933D7066 
  59      5F2B1EC4 
  59      3347324A 
  60 0177 1AE368A2 		.ascii	"\032\343h\242tM\001\266\322\203}\321\015^8\272{\245"
  60      744D01B6 
  60      D2837DD1 
  60      0D5E38BA 
  60      7BA5
  61 0189 974DFA9F 		.ascii	"\227M\372\237=z\350\006\004\364\023In\367F\177\324\204"
  61      3D7AE806 
  61      04F41349 
  61      6EF7467F 
  61      D484
  62 019b A8927790 		.ascii	"\250\222w\220\205\216\367\366\344O\2379\325\227\357"
  62      858EF7F6 
  62      E44F9F39 
  62      D597EF
  63 01aa 1D2C0E14 		.ascii	"\035,\016\024\373.\016\237+\226\362\005\365K\361\261"
  63      FB2E0E9F 
  63      2B96F205 
  63      F54BF1B1 
  64 01ba EE135129 		.ascii	"\356\023Q)\216\006\373\207\242\370BA\317\263\347\373"
  64      8E06FB87 
  64      A2F84241 
  64      CFB3E7FB 
  65 01ca 878E1688 		.ascii	"\207\216\026\210\007\206\343\177\307\214\321s"
  65      0786E37F 
  65      C78CD173 
  66              		.text
  67              		.section	.gnu.lto_palWriteBus.79a07ae6,"",%progbits
  68 0000 789C9553 		.ascii	"x\234\225SKh\023Q\024}g\336d>\311D]\012v\321\205\020"
  68      4B681351 
  68      147D67DE 
  68      643EC944 
  68      5D0A76D1 
  69 0016 BA7110C4 		.ascii	"\272q\020\304\202.\\\024\\*X\227\001i\342\242\201B\304"
  69      822E5C14 
  69      5C2A5897 
  69      0169E2A2 
  69      8142C4
  70 0029 B4EB4E62 		.ascii	"\264\353Nb\223J\213\037\220&U\032F\224Z\243\366\347"
  70      934A8B1F 
  70      9026551A 
  70      46945AA3 
  70      F6E7
  71 003b 3F5D4888 		.ascii	"?]H\210\213\202T\245]\350FQ\264\012]\010\265\010\272"
  71      8B8254A5 
ARM GAS  C:\Users\user\AppData\Local\Temp\ccoKZpIY.s 			page 5


  71      5DE84651 
  71      B40A5D08 
  71      B508BA
  72 004e 90D47BDF 		.ascii	"\220\324{\3374Z\305M\037\274\373\336\375\235w\357\271"
  72      345AC54D 
  72      1FBCFBDE 
  72      FD9D77EF 
  72      B9
  73 005f 3321A189 		.ascii	"3!\241\211#R\210CB\210]\264!\005\264\213/\204\310Z\032"
  73      23528843 
  73      42885DB4 
  73      2105B48B 
  73      2F84C85A 
  74 0074 C017CF82 		.ascii	"\300\027\317\202\350\327\320\217\013\262$Q\037\374\\"
  74      E8D7D08F 
  74      0BB22451 
  74      1FFC5C
  75 0083 D5DA263C 		.ascii	"\325\332&<Z\265\3227\243\340\345w\372\224~\2316/L\240"
  75      5AB5D237 
  75      A3E0E577 
  75      FA947E99 
  75      362F4CA0 
  76 0097 8DA21607 		.ascii	"\215\242\026\007f\306\344y\351K@'\365\353\363+\037\267"
  76      66C6E479 
  76      E94B4027 
  76      F5EBF32B 
  76      1FB7
  77 00a9 B1AAA195 		.ascii	"\261\252\241\225\324\374b\251 e;\004\335\337\276{_\261"
  77      D4FC62A9 
  77      20653B04 
  77      DDDFBE7B 
  77      5FB1
  78 00bb 62E39E97 		.ascii	"b\343\236\227\363j\013\227\244\267\333\227\022\267 "
  78      F36A0B97 
  78      A4B7DB97 
  78      12B720
  79 00ca 091015B4 		.ascii	"\011\020\025\264\340&Z\004\231\004n#F\341\345\306\265"
  79      E0265A04 
  79      99046E23 
  79      46E1E5C6 
  79      B5
  80 00db F9883CA8 		.ascii	"\371\210<\250R\253\376X\305\330H}3\242Ru\334\3717U\027"
  80      52ABFE58 
  80      C5D8487D 
  80      33A25275 
  80      DCF93755 
  81 00f0 98448CE3 		.ascii	"\230D\214\343?\3146F\242\206~\275Y.\246`\200\316\351"
  81      3FCC3646 
  81      A2867EBD 
  81      592EA660 
  81      80CEE9
  82 0103 25D4BCC6 		.ascii	"%\324\274\306\372 \025p\003\353\207\267S\337\364\230"
  82      FA201570 
  82      03EB87B7 
  82      53DFF498 
  83 0113 A4DC900E 		.ascii	"\244\334\220\016N\016\321\3250X\230,,\022\246\315\""
  83      4E0ED1D5 
ARM GAS  C:\Users\user\AppData\Local\Temp\ccoKZpIY.s 			page 6


  83      3058982C 
  83      2C12A6CD 
  83      22
  84 0124 CC6A8485 		.ascii	"\314j\204\205\303\"\312B\210!\002g\342\206\245\306\247"
  84      C322CA42 
  84      88210267 
  84      E286A5C6 
  84      A7
  85 0135 5C416E6E 		.ascii	"\\Ann\345I\222\237+K\346\260\230\257\2774\231\016\251"
  85      E549929F 
  85      2B4BE6B0 
  85      98AFBF34 
  85      990EA9
  86 0148 FAF83EFF 		.ascii	"\372\370>\377\354\254\343\243\234%N[}i\225\211\246i"
  86      ECACE3A3 
  86      9C254E5B 
  86      7D699589 
  86      A669
  87 015a AA9D7DE3 		.ascii	"\252\235}\343\313\271)\323\235\364\002\227\215\031\370"
  87      CBB929D3 
  87      9DF40297 
  87      8D19F8
  88 0169 18555C63 		.ascii	"\030U\\c\026\256 \350F\001\001r\250L\275\362[v\240\033"
  88      16AE20E8 
  88      46010172 
  88      A84CBDF2 
  88      5B76A01B 
  89 017d 5B82D671 		.ascii	"[\202\326qWA3!\270\247\240\317\374lB\233\012\335\330"
  89      57413321 
  89      B8A7A0CF 
  89      FC6C429B 
  89      0ADDD8
  90 0190 8C6E6D09 		.ascii	"\214nm\011=\214\373\012]c\364\007\001z\261\211n\007"
  90      3D8CFB0A 
  90      5D63F407 
  90      017AB189 
  90      6E07
  91 01a2 684BAB0B 		.ascii	"hK\253\013\345\010\263bb\007\036\022\014\305\2546c\302"
  91      E508B362 
  91      62071E12 
  91      0CC5AC36 
  91      63C2
  92 01b4 AA08FBAF 		.ascii	"\252\010\373\257\252\"\324pP\325\2378G\231-\266\375"
  92      AA22D470 
  92      50D59F38 
  92      47992DB6 
  92      FD
  93 01c5 68DAA22A 		.ascii	"h\332\242*\335![\275\250\252\337<\002\373\177# \010"
  93      DD215BBD 
  93      A8AADF3C 
  93      02FB7F23 
  93      2008
  94 01d7 89471B9D 		.ascii	"\211G\033\235\274^[{\352P'\003Yv9x\254:\341\031\220"
  94      BC5E5B7B 
  94      EA502703 
  94      59763978 
  94      AC3AE119 
ARM GAS  C:\Users\user\AppData\Local\Temp\ccoKZpIY.s 			page 7


  95 01ec 7378F9D3 		.ascii	"sx\371\323\253\320og\024U\270\2434\006\352r\016.=-\276"
  95      ABD06F67 
  95      1455B8A3 
  95      3406EA72 
  95      0E2E3D2D 
  96 0201 207775FD 		.ascii	" wu\375\234\252D\375 C\3040}\024D\304\276\216\003\361"
  96      9CAA44FD 
  96      2043C430 
  96      7D1444C4 
  96      BE8E03F1 
  97 0215 63C78F76 		.ascii	"c\307\217v\306;\272S\211Tgo\337\311T:\236\344{:\263"
  97      C63BBA53 
  97      8954676F 
  97      DFC9543A 
  97      9EE47B3A 
  98 022a B77DBF9B 		.ascii	"\267}\277\233\316\270\335]=n\346t\222\317\023\247\272"
  98      CEB8DD5D 
  98      3D6EE674 
  98      92CF13A7 
  98      BA
  99 023b 7AF62485 		.ascii	"z\366$\205L\364e\364D\2527\363\013{\024\021\307"
  99      4CF465F4 
  99      44AA37F3 
  99      0B7B1411 
  99      C7
 100              		.text
 101              		.section	.gnu.lto_palSetBusMode.79a07ae6,"",%progbits
 102 0000 789C9592 		.ascii	"x\234\225\222OhSA\020\306\347\333y\311{\261\255g\301"
 102      4F685341 
 102      10C6E7DB 
 102      79C97BB1 
 102      AD67C1
 103 0013 1E721042 		.ascii	"\036r\020B/>\004\261\240\007\017=x\024\254\007\017\001"
 103      2F3E04B1 
 103      A0070F3D 
 103      7814AC07 
 103      0F01
 104 0025 6913A181 		.ascii	"i\023\241\201J\304\330s\266\321\244R\241\025J\215\025"
 104      4AC4D873 
 104      B6D1A452 
 104      A1154A8D 
 104      15
 105 0036 C31324D4 		.ascii	"\303\023$\324\252\375gU\210\"\204^\004\377\322^\265"
 105      AAFD6755 
 105      8822845E 
 105      04FFD25E 
 105      B5
 106 0047 282A42D1 		.ascii	"(*B\321\202\342\301\213Vg6z\320[\027vwvw\276\337\316"
 106      82E2C18B 
 106      5667367A 
 106      D05B1776 
 106      777677BE 
 107 005d 7E6C8C0C 		.ascii	"~l\214\014e\015\321A\"\332)\035L0\027_\020\015\007\006"
 107      650DD141 
 107      22DA291D 
 107      4C30175F 
 107      100D0706 
ARM GAS  C:\Users\user\AppData\Local\Temp\ccoKZpIY.s 			page 8


 108 0071 D0C006A0 		.ascii	"\320\300\006\240\242A\021\343\\e,\217|l\230\256i+\255"
 108      A24111E3 
 108      5C652C8F 
 108      7C6C98AE 
 108      692BAD
 109 0084 595DF52B 		.ascii	"Y]\365+\266\274#b\242)\351\3320\215.\311Z9\267p\225"
 109      B6BC2362 
 109      A229E9DA 
 109      308D2EC9 
 109      5A39B770 
 110 0099 C73862C0 		.ascii	"\3078b\300\223\345\327\347W\336o\327\245AR\226\345\225"
 110      93E5D7E7 
 110      57DE6FD7 
 110      A5415296 
 110      E595
 111 00ab 6A85B91B 		.ascii	"j\205\271\033$\361\332\233\2673A\252nm\3116_O\260\335"
 111      24F1DA9B 
 111      B73341AA 
 111      6E6DC936 
 111      5F4FB0DD 
 112 00bf 1531E326 		.ascii	"\0251\343&X\200\230A'n\240\223d\213p\013)I\377\266T"
 112      58809841 
 112      276EA093 
 112      648B700B 
 112      2949FFB6 
 113 00d4 9F68E303 		.ascii	"\237h\343\003N\372t\354\321\261?\312g\223N\351\341\366"
 113      4EFA74EC 
 113      D1B13FCA 
 113      67934EE9 
 113      E1F6
 114 00e6 FF4A8F30 		.ascii	"\377J\2170\213\224\246\277[\334\234\354\210{\327\377"
 114      8B94A6BF 
 114      5BDC9CEC 
 114      887BD7FF 
 115 00f6 568B39C4 		.ascii	"V\2139\304!\363\374*\232v\363\327\210m\376\250c\355"
 115      21F3FC2A 
 115      9A76F3D7 
 115      886DFEA8 
 115      63ED
 116 0108 50429E2D 		.ascii	"PB\236-w\261hc\236\014\361\230\014~\\#\037\216E\243"
 116      77B16863 
 116      9E0CF198 
 116      0C7E5C23 
 116      1F8E45A3 
 117 011c 2257672E 		.ascii	"\"Wg.\260\321\231\327Qz\260\276\221Q`\215\325\244K\345"
 117      B0D199D7 
 117      517AB0BE 
 117      9151608D 
 117      D5A44BE5 
 118 0130 E597BEBE 		.ascii	"\345\227\276\276\227]\241\337\037?9\337\036\2416,\246"
 118      975DA1DF 
 118      1F3F39DF 
 118      1EA1362C 
 118      A6
 119 0141 25230E6A 		.ascii	"%#\016j\342\303\274T\247g\365\017\2459?\234\265\255"
 119      E2C3BC54 
 119      A767F50F 
ARM GAS  C:\Users\user\AppData\Local\Temp\ccoKZpIY.s 			page 9


 119      A5393F9C 
 119      B5AD
 120 0153 A3041610 		.ascii	"\243\004\026\020\341\2623\023\213\010I\321\211\026\330"
 120      E1B23313 
 120      8B0849D1 
 120      8916D8
 121 0162 DB12691B 		.ascii	"\333\022i\033\3568\222\276\020K\377\222b[\"\265\341"
 121      EE3892BE 
 121      104BFF92 
 121      625B22B5 
 121      E1
 122 0173 AE231925 		.ascii	"\256#\031%\335s\244\263_*h\241\264.\001\322'T\222\272"
 122      DD73A4B3 
 122      5F2A68A1 
 122      B42E01D2 
 122      275492BA 
 123 0187 A3F246E3 		.ascii	"\243\362F\343\363+\277\370\323\006\021\267Oi\001\270"
 123      F32BBFF8 
 123      D30611B7 
 123      4F6901B8 
 124 0197 8F228933 		.ascii	"\217\"\2113.\335\217\270\2036P\272\366p\3341\334\267"
 124      2EDD8FB8 
 124      833650BA 
 124      F670DC31 
 124      DCB7
 125 01a9 19953471 		.ascii	"\031\2254qR\256\330\333\263?}\344\350\341\336t\317@"
 125      52AED8DB 
 125      B33F7DE4 
 125      E8E1DE74 
 125      CF40
 126 01bb AE3FD77B 		.ascii	"\256?\327{f(\233\313\2473\032\347\013{\272\367\205\371"
 126      66289BCB 
 126      A7331AE7 
 126      0B7BBAF7 
 126      85F9
 127 01cd 4238D037 		.ascii	"B8\3207\030\026Ngt>~\252opw\206\270\177\250\340\235"
 127      18164E67 
 127      743E7EAA 
 127      6F707786 
 127      B87FA8E0 
 128 01e2 CC674FFC 		.ascii	"\314gO\374\006\323I\3179"
 128      06D349CF 
 128      39
 129              		.text
 130              		.section	.gnu.lto_.symbol_nodes.79a07ae6,"",%progbits
 131 0000 789C6365 		.ascii	"x\234ce`b\010d\000\002\246\251L\365\014\014\023\316"
 131      60620864 
 131      0002A6A9 
 131      4CF50C0C 
 131      13CE
 132 0012 313000A9 		.ascii	"10\000\251]\015\216@\221iL\365\214\250\"\323\231\352"
 132      5D0D8E40 
 132      91694CF5 
 132      8CA822D3 
 132      99EA
 133 0024 99504418 		.ascii	"\231PD\030g1\3253\203E\030\030\032\032\034\030\030\230"
 133      6731D533 
ARM GAS  C:\Users\user\AppData\Local\Temp\ccoKZpIY.s 			page 10


 133      83451818 
 133      1A1A1C18 
 133      1898
 134 0036 99981996 		.ascii	"\231\230\031\226<\374\307\310\000\000;c\023\370"
 134      3CFCC7C8 
 134      00003B63 
 134      13F8
 135              		.text
 136              		.section	.gnu.lto_.refs.79a07ae6,"",%progbits
 137 0000 789C6365 		.ascii	"x\234ce`b`d\000\002\000\000I\000\011"
 137      60626064 
 137      00020000 
 137      490009
 138              		.text
 139              		.section	.gnu.lto_.decls.79a07ae6,"",%progbits
 140 0000 789CB558 		.ascii	"x\234\265XyP\024W\032\357\257\337\014\016\315\200\026"
 140      79501457 
 140      1AEFAFDF 
 140      0C0ECD80 
 140      16
 141 0011 B859AB62 		.ascii	"\270Y\253b,\326B\235\335\332\210\300\226\2729\252\\"
 141      2CD6429D 
 141      DDDA88C0 
 141      96BA39AA 
 141      5C
 142 0022 8F245674 		.ascii	"\217$Vt\261F\223\354\326R5\2130F*\310\270\314\260U\371"
 142      B14693EC 
 142      D652358B 
 142      30462AC8 
 142      B8CCB055 
 143 0037 6B9BC3E0 		.ascii	"k\233\303\340\211\340A\020\217E\274@T\210\361\"\200"
 143      89E04110 
 143      8F45BC40 
 143      5488F122 
 143      80
 144 0048 21801788 		.ascii	"!\200\027\210\250\221S\020\274oD$\212x\260\337{\257"
 144      A8915310 
 144      BC6F4424 
 144      8A78B0DF 
 144      7BAF
 145 005a 67BA9DCC 		.ascii	"g\272\235\314\244\254\332\335.^\277~\257\177\337\367"
 145      A4ACDADD 
 145      2E5EBF7E 
 145      AF7FDFF7 
 146 006a FDBEE3BD 		.ascii	"\375\276\343\275~\203^\020\005\337 A\030C\004A\006A"
 146      7E835E10 
 146      05DF2041 
 146      18430441 
 146      0641
 147 007c 18C44B27 		.ascii	"\030\304K'\010\302^A\275\350\330\017\337\015\3036\002"
 147      08C25E41 
 147      BDE8D80F 
 147      DF0DC336 
 147      02
 148 008d DB28107E 		.ascii	"\333(\020~v\375Z\024\004#\366\201\330\206c+\305f@\\"
 148      76FD5A14 
 148      0423F681 
ARM GAS  C:\Users\user\AppData\Local\Temp\ccoKZpIY.s 			page 11


 148      D886632B 
 148      C566405C 
 149 00a1 1FF6E3B0 		.ascii	"\037\366\343\260Eb\033\202\343'\330\367b;\212\355\245"
 149      45621B82 
 149      E327D8F7 
 149      623B8AED 
 149      A5
 150 00b2 A21B70FE 		.ascii	"\242\033p\376.U\202\275\010\254c\366h\377\266\233\255"
 150      2E5582BD 
 150      08AC63F6 
 150      68FFB69B 
 150      AD
 151 00c3 DFA09D00 		.ascii	"\337\240\235\000\354?\325\330\242v\250=O\266^*\366Z"
 151      EC3FD5D8 
 151      A276A83D 
 151      4FB65E2A 
 151      F65A
 152 00d5 159B7AC5 		.ascii	"\025\233z\305\036\265C\015tc\327\302\037\231\177\264"
 152      1EB5430D 
 152      7463D7C2 
 152      1F997FB4 
 153 00e5 0F77B319 		.ascii	"\017w\263\031\346\305f\220\027\377J\025\273\0218~\013"
 153      E6C56690 
 153      17FF4A15 
 153      BB11387E 
 153      0B
 154 00f6 1B71B389 		.ascii	"\033q\263\211\352\\q\244S\357\272\331\373\232\300\241"
 154      EA5C71A4 
 154      53EFBAD9 
 154      FB9AC0A1 
 155 0106 553515E2 		.ascii	"U5\025\342%h\007\304\30206\013\300\357\300\032\033\016"
 155      256807C4 
 155      C230360B 
 155      C0EFC01A 
 155      1B0E
 156 0118 3A2F0036 		.ascii	":/\0006\217\263\242\240(uN\201SB\031\213\312PTT\262"
 156      8FB3A2A0 
 156      28754E81 
 156      5342198B 
 156      CA505454 
 157 012d 3F451834 		.ascii	"?E\0304\032\371kn\311yq\372\374\201\2119\245AT\015\000"
 157      1AF96B6E 
 157      C97971FA 
 157      FC818939 
 157      A541540D 
 158 0142 6805340A 		.ascii	"h\0054\0129m\345\275\213\237\240:\007N\357\037n8}C\352"
 158      396DE5BD 
 158      8B9FA03A 
 158      074EEF1F 
 158      6E387D43 
 159 0157 840E3A9B 		.ascii	"\204\016:\2337\005\330\334\345\363\345/\014\004C\210"
 159      3705D8DC 
 159      E5F3E52F 
 159      0C044388 
 160 0167 CF9D4F0B 		.ascii	"\317\235O\013>\030\277G\346\227\341-5l\347\322J6\221"
 160      3E18BF47 
 160      E697E12D 
ARM GAS  C:\Users\user\AppData\Local\Temp\ccoKZpIY.s 			page 12


 160      356CE7D2 
 160      4A3691
 161 017a 0C028112 		.ascii	"\014\002\201\022\350\250\236\372\334\253\0018\034.A"
 161      E8A89EFA 
 161      DCAB0138 
 161      1C2E41
 162 0189 300E73CB 		.ascii	"0\016s\313\372j\365\374\255\001\207\203;K\226\031\310"
 162      FA6AF5FC 
 162      AD018783 
 162      3B4B9619 
 162      C8
 163 019a 1B4C63C7 		.ascii	"\033Lc\307\311\302\"*8N\002Jv(N\025\337+}\352\317\247"
 163      C9C2222A 
 163      384E024A 
 163      76284E15 
 163      DF2B7DEA 
 164 01b0 28E2FCEA 		.ascii	"(\342\374\352\336\355C\310\233\364Y\334P\333\\\245\003"
 164      DEED43C8 
 164      9BF459DC 
 164      50DB5CA5 
 164      03
 165 01c1 93B493DA 		.ascii	"\223\264\223\332\257|\3227.+]\226E\370\026$\370\006"
 165      AF7CD237 
 165      2E2B5D96 
 165      45F81624 
 165      F806
 166 01d3 08EC86F1 		.ascii	"\010\354\206\361\324\233q\022\336\227\312r\212\234\231"
 166      D49B7112 
 166      DE97CA72 
 166      8A9C99
 167 01e2 2AFB7E24 		.ascii	"*\373~$\300\036\030\011E0R\200\375`\242j)\016Jp\262"
 167      C01E1809 
 167      45305280 
 167      FD60A26A 
 167      290E4A70 
 168 01f7 1827D144 		.ascii	"\030'\321D\341\366\254|\037\262\006\230\215\343G/\266"
 168      E1F6AC7C 
 168      1FB20698 
 168      8DE3472F 
 168      B6
 169 0208 E8403279 		.ascii	"\350@2yTp\310\203\002N\246\263h\364\361%\224\314A$s"
 169      5470C883 
 169      024EA6B3 
 169      68F4F125 
 169      94CC4124 
 170 021d 402583DC 		.ascii	"@%\203\334x\210\322j\036g\371\223\347\334H\306\261\023"
 170      7888D26A 
 170      1E67F993 
 170      E7DC48C6 
 170      B113
 171 022f 4FF52E47 		.ascii	"O\365.G\032N\275\327pA\226\203\241\024e\017\253\262"
 171      1A4EBDD7 
 171      70419683 
 171      A114650F 
 171      ABB2
 172 0241 07C1AB27 		.ascii	"\007\301\253'G<{\322\370\2607;\2004\362lm|\324q\333"
 172      473C7BD2 
ARM GAS  C:\Users\user\AppData\Local\Temp\ccoKZpIY.s 			page 13


 172      F8B0373B 
 172      8034F26C 
 172      6D7CD471 
 173 0256 9787DDA4 		.ascii	"\227\207\335\244IJ OJ\377\326kkD\322\316\241K\367dT"
 173      494A204F 
 173      4AFFD66B 
 173      6B44D2CE 
 173      A14BF764 
 174 026b 13092DA5 		.ascii	"\023\011-\245\276\226\313(Q2\270\256\313\237\\\346\342"
 174      BE96CB28 
 174      5132B8AE 
 174      CB9F5CE6 
 174      E2
 175 027c DD69D7BB 		.ascii	"\335i\327\273\374\270\352\0218\334\333\337yHOn\360w"
 175      FCB8EA11 
 175      38DCDBDF 
 175      79484F6E 
 175      F077
 176 028e ABD65555 		.ascii	"\253\326UU\351\310]>\330\266!+]Oz\370\240pMf\211Dz\371"
 176      E9C85D3E 
 176      D8B6212B 
 176      5D4F7AF8 
 176      A0704D66 
 177 02a6 E07CCFE9 		.ascii	"\340|\317\351\315~\274d\206\341\360\330\340\223\312"
 177      CD7EBC64 
 177      86E1F0D8 
 177      E093CA
 178 02b5 A15CA388 		.ascii	"\241\\\243\210\303\234\335\315\003\276\244\217Cw\014"
 178      C39CDDCD 
 178      03BEA48F 
 178      43770C
 179 02c4 3CEBA135 		.ascii	"<\353\24153\226\326\014\321T\314X^1\337\327\235\332"
 179      3396D60C 
 179      D154CC58 
 179      5E31DFD7 
 179      9DDA
 180 02d6 6924030C 		.ascii	"i$\003\014,fn-Z\341\353L'\272\2477\011p\014\3358N};"
 180      2C666E2D 
 180      5AE1EB4C 
 180      27BAA737 
 180      09700CDD 
 181 02ee 8DBE8D55 		.ascii	"\215\276\215U|;\205\223']\351|r`T\251,\017\203:\314"
 181      7C3B8593 
 181      275DE97C 
 181      726054A9 
 181      2C0F833A 
 182 0303 48AD9A91 		.ascii	"H\255\232\221\261J2\217f]\274!\221%\204\231x\236\232"
 182      B14A328F 
 182      665DBC21 
 182      91258499 
 182      789E9A
 183 0316 FD40ADCA 		.ascii	"\375@\255\312\316\242\360\032V\010\015(Z\257\212\326"
 183      CEA2F01A 
 183      56080D28 
 183      5AAF8AD6 
 184 0326 A9C974A7 		.ascii	"\251\311t\247q\306\003\0154\222\322\237_n\240\216\342"
 184      71C6030D 
ARM GAS  C:\Users\user\AppData\Local\Temp\ccoKZpIY.s 			page 14


 184      3492D29F 
 184      5F6EA08E 
 184      E2
 185 0337 40F7E8F1 		.ascii	"@\367\350\361\3126\011\202BBLY\324L\246,O\021\325,\011"
 185      CA360982 
 185      42424C59 
 185      D44CA62C 
 185      4F11D52C 
 186 034c 700E82A8 		.ascii	"p\016\202\250\002\270\200\272~\204\0208\017!lq\346S"
 186      02B880BA 
 186      7E841038 
 186      0F216C71 
 186      E653
 187 035e 83586121 		.ascii	"\203Xa!\025\275]\262\274\334\310h\235@ZT\300\305 \224"
 187      15BD5DB2 
 187      BCDCC868 
 187      9D405A54 
 187      C0C52094 
 188 0372 AA384615 		.ascii	"\2528F\025)\002U\357\347\310\225)\204\241\317zD\207"
 188      290255EF 
 188      E7C89529 
 188      84A1CF7A 
 188      4487
 189 0384 513077F9 		.ascii	"Q0w\371e\271\204\333\001\305\010\212\267|[\320]\270"
 189      65B984DB 
 189      01C5088A 
 189      B77C5BD0 
 189      5DB8
 190 0396 D48DAB2A 		.ascii	"\324\215\253*d\270)$\237\001\233*\002\222\231Z\252\256"
 190      64B82924 
 190      9F019B2A 
 190      0292995A 
 190      AAAE
 191 03a8 06D536C1 		.ascii	"\006\3256\301p\265\322T\265k\230\213\251\362\024\235"
 191      70B5D254 
 191      B56B988B 
 191      A9F2149D 
 192 03b8 D6450AA6 		.ascii	"\326E\012\246.6\243\213-\350b\243\342\"'\321]>\"Y\226"
 192      2E36A38B 
 192      2DE862A3 
 192      E22227D1 
 192      5D3E2259 
 193 03cd 81A2B42C 		.ascii	"\201\242\264,\270;\217\313\003\327\246\312''\260\325"
 193      B83B8FCB 
 193      03D7A6CA 
 193      2727B0D5 
 194 03dd 59EDDD30 		.ascii	"Y\355\3350F\275\267\274\356\2648\034\031${e \274b^S"
 194      46BDB7BC 
 194      EEB4381C 
 194      19247B65 
 194      20BC625E 
 195 03f2 BC81BC78 		.ascii	"\274\201\274x\323\252\033\017\032\311\032\2268\270^"
 195      D3AA1B0F 
 195      1AC91A96 
 195      38B85E
 196 0401 579C6220 		.ascii	"W\234b \331|\260\245~_\235\236\344\362AY\321\276\363"
 196      D97CB0A5 
ARM GAS  C:\Users\user\AppData\Local\Temp\ccoKZpIY.s 			page 15


 196      7E5F9D9E 
 196      E4F24159 
 196      D1BEF3
 197 0414 22C9E383 		.ascii	"\"\311\343\203=\245=+\200\024\360\301\303\364b\007)"
 197      3DA53D2B 
 197      8014F0C1 
 197      C3F46207 
 197      29
 198 0425 E6CF699B 		.ascii	"\346\317i\2333\033D\256\373\3678\314^\266\251K\307\327"
 198      331B44AE 
 198      FBF738CC 
 198      5EB6A94B 
 198      C7D7
 199 0437 49175D19 		.ascii	"I\027]\031\373\233\012\312\014\344 \303\372g\026f\036"
 199      FB9B0ACA 
 199      0CE420C3 
 199      FA671666 
 199      1E
 200 0448 962004AF 		.ascii	"\226 \004\257\240\020~\231\362\345\264TL\347{\033\344"
 200      A0107E99 
 200      F2E5B454 
 200      4CE77B1B 
 200      E4
 201 0459 CA34AC5B 		.ascii	"\3124\254[t\277\023\335\277\205\361\177\325\375=J\362"
 201      74BF13DD 
 201      BF85F17F 
 201      D5FD3D4A 
 201      F2
 202 046a 297AE07D 		.ascii	")z\340}\025}\325\035]\006\256hq\364\035\015\372{wt\271"
 202      157DD51D 
 202      5D06AE68 
 202      71F41D0D 
 202      FA7B7774 
 203 047f 3BBA5783 		.ascii	";\272W\203\256\360\214\346T\\e\216\031\270\202\200\313"
 203      AEF08CE6 
 203      545C658E 
 203      19B88280 
 203      CB
 204 0490 ECDD2DA5 		.ascii	"\354\335-\245\314{\260\006\356a\022\256a\273\215\355"
 204      CC7BB006 
 204      EE6112AE 
 204      61BB8DED 
 205 04a0 3EB6BBD8 		.ascii	">\266\273\330\036`\353\306v\007\333\015l7\261]w-\005"
 205      1E60EBC6 
 205      7607DB0D 
 205      6C37B15D 
 205      772D05
 206 04b3 4AA05613 		.ascii	"J\240V\023\212K\356\004\366\272\323\275\242\241\373"
 206      8A4BEE04 
 206      F6BAD3BD 
 206      A2A1FB
 207 04c2 833BBA12 		.ascii	"\203;\272\022\334#\327\246Q\336\356\016osW>\360\256"
 207      DC23D7A6 
 207      51DEEE0E 
 207      6F73573E 
 207      F0AE
 208 04d4 8AEEF298 		.ascii	"\212\356\362\230\025\015\370\274Fu\207g\336.&\270\310"
ARM GAS  C:\Users\user\AppData\Local\Temp\ccoKZpIY.s 			page 16


 208      150DF8BC 
 208      46758767 
 208      DE2E26B8 
 208      C8
 209 04e5 2E55481C 		.ascii	".UH\034\337\2125[\345\231\271F\373\015\347\002\241\352"
 209      DF8A355B 
 209      E599B946 
 209      FB0DE702 
 209      A1EA
 210 04f7 2F7A66CE 		.ascii	"/zf\316\325+\253\255,\220\255\266[\356k\036*\353\373"
 210      D52BABAD 
 210      2C90ADB6 
 210      5BEE6B1E 
 210      2AEBFB
 211 050a 0FE84929 		.ascii	"\017\350I)\337\032oo\274U4\004\202L\236\222\011\217"
 211      DF1A6F6F 
 211      BC553404 
 211      824C9E92 
 211      098F
 212 051c 3087FF4D 		.ascii	"0\207\377M>9\223\343G}\350\346\323\213\212\036\252\273"
 212      3E3993E3 
 212      477DE8E6 
 212      D38B8A1E 
 212      AABB
 213 052e 2DE5C5E8 		.ascii	"-\345\305\350,\257m[\035`\\\356\372\2062\240\272\242"
 213      2CAF6D5B 
 213      1D605CEE 
 213      FA8632A0 
 213      BAA2
 214 0540 FBC0A888 		.ascii	"\373\300\250\210 \366\360\262\234\233\376\3448\247\336"
 214      20F6F0B2 
 214      9C9BFEE4 
 214      38A7DE
 215 054f 78E66169 		.ascii	"x\346ai\000\230\214\334\312\231\266a\251\324\337'\210"
 215      00988CDC 
 215      CA99B661 
 215      A9D4DF27 
 215      88
 216 0560 FF493583 		.ascii	"\377I5\203\342\330y\321\016\217\321\251W\014<\273\265"
 216      E2D879D1 
 216      0E8FD1A9 
 216      570C3CBB 
 216      B5
 217 0571 AE15F85A 		.ascii	"\256\025\370Z6\322\015\276\2545k\250\262\226\351\353"
 217      36D20DBE 
 217      AC356BA8 
 217      B296E9EB 
 218 0581 BEB56D9D 		.ascii	"\276\265m\235\001\344\034y\345d\024\371\363\223Q$\377"
 218      01E41C79 
 218      E56414F9 
 218      F3935124 
 218      FF
 219 0592 CEDD3BDB 		.ascii	"\316\335;\333\360#\220\026N\267f\313\325\375>\336\216"
 219      F0239016 
 219      4EB766CB 
 219      D5FD3EDE 
 219      8E
ARM GAS  C:\Users\user\AppData\Local\Temp\ccoKZpIY.s 			page 17


 220 05a3 2D834824 		.ascii	"-\203H$R\371\300<\307\311g\256\357\334\203\347\341\217"
 220      52F9C03C 
 220      C7C967AE 
 220      EFDC83E7 
 220      E18F
 221 05b5 D919EA25 		.ascii	"\331\031\352%\346\375\205\352X$\377\320\351/T\324\346"
 221      E6FD85EA 
 221      5824FFD0 
 221      E92F54D4 
 221      E6
 222 05c6 E8E98E12 		.ascii	"\350\351\216\022dR\276$9\344\310\2163+\345\274*`2\003"
 222      6452BE24 
 222      39E4C88E 
 222      332BE5BC 
 222      2A603203 
 223 05da 28932A7A 		.ascii	"(\223*z[BT\242\367\267\274\020i\350\276sG\207\272\201"
 223      5B4254A2 
 223      F7B7BC10 
 223      69E8BE73 
 223      4787BA81 
 224 05ee AFFC8E83 		.ascii	"\257\374\216\203\351Ih\237G\360\317w\207\247\370\276"
 224      E949689F 
 224      47F0CF77 
 224      87A7F8BE 
 225 05fe 9F59A568 		.ascii	"\237Y\245hZMi\242\011\222\305\020H\301&\213\332ji*\344"
 225      5A4D69A2 
 225      0992C510 
 225      48C1268B 
 225      DA6A692A 
 226 0613 758B48B7 		.ascii	"u\213H\267\272}Z\370\250\217\220\001\035?\237u\367\347"
 226      BA7D5AF8 
 226      A88F9001 
 226      1D3F9F75 
 226      F7E7
 227 0625 1AC014A4 		.ascii	"\032\300\024\244$\277\210\225X:j_\"\272BDUx&\002_\241"
 227      24BF8895 
 227      583A6A5F 
 227      22BA4244 
 227      55782602 
 228 063b FD5FE282 		.ascii	"\375_\342\202\346\23223\012\374\264u\231.j\353r\251"
 228      E69A3233 
 228      0AFCB475 
 228      992E6AEB 
 228      72A9
 229 064d 685480DF 		.ascii	"hT\200\337\265\334\275&\352D>\007\363utn\305\352\212"
 229      B5DCBD26 
 229      EA443E07 
 229      F375746E 
 229      C5EA8A
 230 0660 EDBE23B2 		.ascii	"\355\276#\262\3311<U\036&\262p9?\317\002,\027G\340}"
 230      D9313C55 
 230      1E26B270 
 230      393FCF02 
 230      2C1747E0 
 231 0675 99A8E31A 		.ascii	"\231\250\343\032\226\266\0379\001\243\363\344\274.\271"
 231      96B61F39 
 231      01A3F3E4 
ARM GAS  C:\Users\user\AppData\Local\Temp\ccoKZpIY.s 			page 18


 231      BC2EB9
 232 0684 F2440159 		.ascii	"\362D\001YV}\002\323\007S(\014\012\325\224\343#\336"
 232      567D02D3 
 232      0753280C 
 232      0AD594E3 
 232      23DE
 233 0696 0BF0FB00 		.ascii	"\013\360\373\000\273pg\024`\2058\032\245w\345\244\326"
 233      BB706714 
 233      6085381A 
 233      A577E5A4 
 233      D6
 234 06a7 F991837A 		.ascii	"\371\221\203zVr\271\035\355\327$F\206Z\344d\316u\234"
 234      5672B91D 
 234      EDD72446 
 234      865AE464 
 234      CE759C
 235 06ba 3EA57311 		.ascii	">\245s\021\\%\262\311\037\313vU\032\264\014?}CCp5#\230"
 235      5C25B2C9 
 235      1FCB7655 
 235      1AB40C3F 
 235      7D434370 
 236 06d1 E124D898 		.ascii	"\341$\330\230RWJ\024\202M\033\215X\001xF\302\232D\030"
 236      52574A14 
 236      824D1B8D 
 236      58017846 
 236      C29A4418 
 237 06e5 AC54038E 		.ascii	"\254T\003\216\217\257\022\314d\004_\\\272\332+\222\037"
 237      8FAF12CC 
 237      64045F5C 
 237      BADA2B92 
 237      1F
 238 06f6 38C1DDF5 		.ascii	"8\301\335\365\205\317u\244\201\015\304UU\233\356\031"
 238      85CF75A4 
 238      810DC455 
 238      559BEE19 
 239 0706 BDAD8975 		.ascii	"\275\255\211u\242\267\243|\303\251\011-\3548\276V\224"
 239      A2B7A37C 
 239      C3A9092D 
 239      EC38BE56 
 239      94
 240 0717 608DE876 		.ascii	"`\215\350v\034\247)Y\275\243\2370\217)\202G\241S\356"
 240      1CA72959 
 240      BDA39F30 
 240      8F298247 
 240      A153EE
 241 072a BD475C51 		.ascii	"\275G\\QX\317\243p\375\301\300\327C\274F\341k\026\205"
 241      58CFA370 
 241      FDC1C0D7 
 241      43BC46E1 
 241      6B1685
 242 073d 6C67148E 		.ascii	"lg\024\216ll\3372DM\323\355\352\353\262,\351(\012\262"
 242      6C6CDF32 
 242      444DD3ED 
 242      EAEBB22C 
 242      E9280AB2 
 243 0751 541259EE 		.ascii	"T\022Y\356A\310aA\270\277#u\355P\322\302\203\340\211"
 243      41C86141 
ARM GAS  C:\Users\user\AppData\Local\Temp\ccoKZpIY.s 			page 19


 243      B8BF2375 
 243      ED50D2C2 
 243      83E089
 244 0764 DF4FE9D7 		.ascii	"\337O\351\327\317\200+s\271\234\337\326\226\253\233"
 244      CF802B73 
 244      B99CDFD6 
 244      96AB9B
 245 0773 03D8245D 		.ascii	"\003\330$]\234\033\371\344\231\354\035\265\304+\351"
 245      9C1BF9E4 
 245      99EC1DB5 
 245      C42BE9
 246 0782 CD8CF426 		.ascii	"\315\214\364&'\351\207\347\356\355\365A\322]<n+S\217"
 246      27E987E7 
 246      EEEDF541 
 246      D25D3C6E 
 246      2B538F
 247 0795 AF94B702 		.ascii	"\257\224\267\002\203\301\006\225\365\006\312\232>l\341"
 247      83C10695 
 247      F506CA9A 
 247      3E6CE1
 248 07a4 35357838 		.ascii	"55x8\037H7g\333\334\232V\252l\212~t\023\276\274\376"
 248      1F483767 
 248      DBDC9A56 
 248      AA6C8A7E 
 248      7413BEBC 
 249 07b9 7B5FBE29 		.ascii	"{_\276)\2660\216\365\217\262%\362\234c_\364\234}a\344"
 249      B6308EF5 
 249      8FB225F2 
 249      9C635FF4 
 249      9C7D61E4 
 250 07cd 58893A   		.ascii	"X\211:"
 251 07d0 9A52D2A9 		.ascii	"\232R\322\251\247?[de\021\341\274\272\206\266\213\230"
 251      A73F5B64 
 251      6511E1BC 
 251      BA86B68B 
 251      98
 252 07e1 2FDC3460 		.ascii	"/\3344`\233\310\177\034\365W\014\030\311\022\037v\236"
 252      9BC87F1C 
 252      F5570C18 
 252      C9121F76 
 252      9E
 253 07f2 EEDAD67B 		.ascii	"\356\332\326{\327\007L#\001$l;\235\277i1\264\030\262"
 253      D7074C23 
 253      01246C3B 
 253      9DBF6931 
 253      B418B2
 254 0805 1D0A5DBC 		.ascii	"\035\012]\274reT\337\363/:\315\017\357=\3712\031!@\304"
 254      726554DF 
 254      F32F3ACD 
 254      0FEF3DF9 
 254      32192140 
 255 081a 48988055 		.ascii	"H\230\200U\264\023\253\250\200\331)\024G\302.4\224\213"
 255      B413ABA8 
 255      80D92914 
 255      47C22E34 
 255      948B
 256 082c 3B059D41 		.ascii	";\005\235A\203\255\031\217\333u\201\231\312\016\021"
ARM GAS  C:\Users\user\AppData\Local\Temp\ccoKZpIY.s 			page 20


 256      83AD198F 
 256      DB758199 
 256      CA0E11
 257 083b 0C4CF756 		.ascii	"\014L\367V\304\345\211\224\337n1\320\311\222\2423\353"
 257      C4E58994 
 257      DF6E31D0 
 257      C992A233 
 257      EB
 258 084c B76EF495 		.ascii	"\267n\364\225\024\033K\177\321\006\242\253[\373\312"
 258      141B4B7F 
 258      D106A2AB 
 258      5BFBCA
 259 085b FDB5BA8B 		.ascii	"\375\265\272\213~I\367\272\326\373\237\215\331&\237"
 259      7E49F7BA 
 259      D6FB9F8D 
 259      D9269F
 260 086a AD64A5B5 		.ascii	"\255d\245\265\342j\232\234\374\025\356\202{\304@\310"
 260      E26A9A9C 
 260      FC15EE82 
 260      7BC440C8 
 261 087a C72CE14A 		.ascii	"\307,\341J\327\310\376\033g\346\341\217\213\275\342"
 261      D7C8FE1B 
 261      67E6E18F 
 261      8BBDE2
 262 0889 18FA95D9 		.ascii	"\030\372\225\331y.\202,gA\203\314\272\316\277x\015w"
 262      792E822C 
 262      674183CC 
 262      BACEBF78 
 262      0D77
 263 089b B133DC79 		.ascii	"\2613\334y\234a\362\243mw\375\335\275W\367\352\022\306"
 263      9C61F2A3 
 263      6D77FDDD 
 263      BD57F7EA 
 263      12C6
 264 08ad B0D8C9B0 		.ascii	"\260\330\311\2609\357f\215\321\335\037\257\350\214\201"
 264      39EF668D 
 264      D1DD1FAF 
 264      E88C81
 265 08bc A63EA238 		.ascii	"\246>\2428t\345\315\344\274\312\344`\370Fq\006w\005"
 265      74E5CDE4 
 265      BCCAE460 
 265      F8467106 
 265      7705
 266 08ce 8DE03EC5 		.ascii	"\215\340>\305\231\375\314\231\223'\252\032\211v\327"
 266      99FDCC99 
 266      9327AA1A 
 266      8976D7
 267 08dd A575AABA 		.ascii	"\245u\252\272\360-\337ui\217\340\013\225W\326\353H\016"
 267      F02DDF75 
 267      698FE00B 
 267      9557D6EB 
 267      480E
 268 08ef 77FD457B 		.ascii	"w\375E{\362K\345\030\036@\377\207q\273u\233R\245=\354"
 268      F24BE518 
 268      1E40FF87 
 268      71BB759B 
 268      52A53DEC 
ARM GAS  C:\Users\user\AppData\Local\Temp\ccoKZpIY.s 			page 21


 269 0903 87ED9DD2 		.ascii	"\207\355\235\322j\345_\034\3768|Y\323\323\354\3575R"
 269      6AE55F1C 
 269      FE387C59 
 269      D3D3ECEF 
 269      3552
 270 0915 479C913A 		.ascii	"G\234\221:\314#\265\272\271#\305\327=R\2070\037\007"
 270      CC23B5BA 
 270      B923C5D7 
 270      3D528730 
 270      1F07
 271 0927 593E4A99 		.ascii	"Y>J\231\357G\234\276\327\\H\273H\334#\345\025}:\375"
 271      EF479CBE 
 271      D75C48BB 
 271      48DC23E5 
 271      157D3AFD 
 272 093b EC45BD12 		.ascii	"\354E\275\022\251\266Q<R\337)\221\302\255C#x@\211T\231"
 272      A9B6513C 
 272      52DF2991 
 272      C2AD4323 
 272      78408954 
 273 0950 38469016 		.ascii	"8F\220\026G\307\233\255\321\261S\223\354\206\017\377"
 273      47C79BAD 
 273      D1B15393 
 273      EC860FFF 
 274 0960 FC49F0B4 		.ascii	"\374I\360\264\2600A\267(\332\376\205d\261$\305%8\"\302"
 274      B03041B7 
 274      28DAFE85 
 274      64B124C5 
 274      253822C2 
 275 0974 2D8E2F62 		.ascii	"-\216/b\336\211Jt\330\354Q1\013\343\346\307\331\035"
 275      DE894A74 
 275      D8EC5131 
 275      0BE3E6C7 
 275      D91D
 276 0986 49B171B6 		.ascii	"I\261q\266(\207\315\026o\217\372<!)\230=\005G'.\012"
 276      2887CD16 
 276      6F8FFA3C 
 276      2129983D 
 276      0547272E 
 277 099b B62E9A6F 		.ascii	"\266.\232o\215\215\265\306FM\034\037\021\034>!l\322"
 277      8D8DB5C6 
 277      464D1C1F 
 277      111C3E21 
 277      6CD2
 278 09ad 3FC2A270 		.ascii	"?\302\242p\376\355\004[\202\365mk\364\374\270\250\270"
 278      FEED045B 
 278      82F56D6B 
 278      F4FCB8A8 
 278      B8
 279 09be 8498F8A4 		.ascii	"\204\230\370\244Xk\324\242h\324\225`\215\262\304Z\027"
 279      586BD4A2 
 279      68D49560 
 279      8DB2C45A 
 279      17
 280 09cf 4427C53B 		.ascii	"D'\305;,\216/\027[\355\343\027\012\006\247\321\277\377"
 280      2C8E2F17 
 280      5BEDE317 
ARM GAS  C:\Users\user\AppData\Local\Temp\ccoKZpIY.s 			page 22


 280      0A06A7D1 
 280      BFFF
 281 09e1 EF8DDABF 		.ascii	"\357\215\332\277\264GY\354\216X\264\200\226\214q\266"
 281      B44759EC 
 281      8E58B480 
 281      968C71B6 
 282 09f1 C5B64407 		.ascii	"\305\266D\007\365\325\342\370x\332;Q\346y\221s\243\246"
 282      F5D5E2F8 
 282      78DA3B51 
 282      E6799173 
 282      A3A6
 283 0a03 516B73B9 		.ascii	"Qks\2715f\331f\017\23341\324f\017]\030\035\037J\005"
 283      3566D966 
 283      0F9B3431 
 283      D4660F5D 
 283      181D1F4A 
 284 0a18 ECA173E7 		.ascii	"\354\241s\347\315\216\010\017\2355kz\350\207sfF\376"
 284      CD8E080F 
 284      9D356B7A 
 284      E8877366 
 284      46FE
 285 0a2a 339CBEB2 		.ascii	"3\234\276\262`\034-\361\361\261\250\330\207\242\342"
 285      601C2DF1 
 285      F1B1A8D8 
 285      87A2E2
 286 0a39 62757FFA 		.ascii	"bu\177\372\300\374\021\275\315\322\315\232\366\261Y"
 286      C0FC11BD 
 286      CDD2CD9A 
 286      F6B159
 287 0a48 3775AED9 		.ascii	"7u\256\331\014\237\301G\372\230xkt\242\022\336\260\211"
 287      0C9FC147 
 287      FA98786B 
 287      74A212DE 
 287      B089
 288 0a5a 1687C1F9 		.ascii	"\026\207\301\371@\354V\007\211\234n&3\247\233\365s>"
 288      40EC5607 
 288      899C6E26 
 288      33A79BF5 
 288      733E
 289 0a6c 9933DD3C 		.ascii	"\2313\335<$r\356\234\0313\246\233}\"\347\375u\316\014"
 289      2472EE9C 
 289      1933A69B 
 289      7D22E7FD 
 289      75CE0C
 290 0a7f B37E76E4 		.ascii	"\263~v\344\364\031f2\325l6\332\035\2130J\237/\216\263"
 290      F4196632 
 290      D56C36DA 
 290      1D8B304A 
 290      9F2F8EB3 
 291 0a93 591C12F7 		.ascii	"Y\034\022\367$.\326\342\360\261-X\200Z\214T\245eA\264"
 291      242ED6E2 
 291      F0B12D58 
 291      805A8C54 
 291      A56541B4 
 292 0aa7 DD31D9E2 		.ascii	"\3351\331\342\370\333\377!\222\316 N~\275\270)r\316"
 292      F8DBFF21 
 292      92CE204E 
ARM GAS  C:\Users\user\AppData\Local\Temp\ccoKZpIY.s 			page 23


 292      7EBDB829 
 292      72CE
 293 0ab9 40A1A07E 		.ascii	"@\241\240~f$\226\334\037^O\334\236\030\343\022\215\021"
 293      662496DC 
 293      1F5E4FDC 
 293      9E18E312 
 293      8D11
 294 0acb FCB0FB2C 		.ascii	"\374\260\373,1\316aE\005\376\370<\327\352\300\247\331"
 294      31CE6145 
 294      05FEF83C 
 294      D7EAC0A7 
 294      D9
 295 0adc B658AB21 		.ascii	"\266X\253!\316\266\010;\213\343W\316tX0\030\237'\332"
 295      CEB6083B 
 295      8BE357CE 
 295      74583018 
 295      9F27DA
 296 0aef 9216D379 		.ascii	"\222\026\323y\177\213eARB\214\3052~R\330\344\010\203"
 296      7F8B6541 
 296      52428CC5 
 296      327E52D8 
 296      E40883
 297 0b02 73A48B59 		.ascii	"s\244\213Y\030\235\370\312\273\311\332\321\037#\376"
 297      189DF8CA 
 297      BBC9DAD1 
 297      1F23FE
 298 0b11 037FCD6A 		.ascii	"\003\177\315j^"
 298      5E
 299              		.text
 300              		.section	.gnu.lto_.symtab.79a07ae6,"",%progbits
 301 0000 70616C52 		.ascii	"palReadBus\000"
 301      65616442 
 301      757300
 302 000b 00       		.ascii	"\000"
 303 000c 00       		.ascii	"\000"
 304 000d 00       		.ascii	"\000"
 305 000e 00000000 		.ascii	"\000\000\000\000\000\000\000\000"
 305      00000000 
 306 0016 0B010000 		.ascii	"\013\001\000\000"
 307 001a 70616C57 		.ascii	"palWriteBus\000"
 307      72697465 
 307      42757300 
 308 0026 00       		.ascii	"\000"
 309 0027 00       		.ascii	"\000"
 310 0028 00       		.ascii	"\000"
 311 0029 00000000 		.ascii	"\000\000\000\000\000\000\000\000"
 311      00000000 
 312 0031 10010000 		.ascii	"\020\001\000\000"
 313 0035 70616C53 		.ascii	"palSetBusMode\000"
 313      65744275 
 313      734D6F64 
 313      6500
 314 0043 00       		.ascii	"\000"
 315 0044 00       		.ascii	"\000"
 316 0045 00       		.ascii	"\000"
 317 0046 00000000 		.ascii	"\000\000\000\000\000\000\000\000"
 317      00000000 
ARM GAS  C:\Users\user\AppData\Local\Temp\ccoKZpIY.s 			page 24


 318 004e 18010000 		.ascii	"\030\001\000\000"
 319 0052 5F70616C 		.ascii	"_pal_lld_setgroupmode\000"
 319      5F6C6C64 
 319      5F736574 
 319      67726F75 
 319      706D6F64 
 320 0068 00       		.ascii	"\000"
 321 0069 02       		.ascii	"\002"
 322 006a 00       		.ascii	"\000"
 323 006b 00000000 		.ascii	"\000\000\000\000\000\000\000\000"
 323      00000000 
 324 0073 1E010000 		.ascii	"\036\001\000\000"
 325              		.text
 326              		.section	.gnu.lto_.opts,"",%progbits
 327 0000 272D666D 		.ascii	"'-fmath-errno' '-fsigned-zeros' '-ftrapping-math' '"
 327      6174682D 
 327      6572726E 
 327      6F272027 
 327      2D667369 
 328 0033 2D666E6F 		.ascii	"-fno-trapv' '-fno-openmp' '-fno-openacc' '-mcpu=cor"
 328      2D747261 
 328      70762720 
 328      272D666E 
 328      6F2D6F70 
 329 0066 7465782D 		.ascii	"tex-m4' '-mno-thumb-interwork' '-mthumb' '-ggdb' '-"
 329      6D342720 
 329      272D6D6E 
 329      6F2D7468 
 329      756D622D 
 330 0099 4F322720 		.ascii	"O2' '-fomit-frame-pointer' '-falign-functions=16' '"
 330      272D666F 
 330      6D69742D 
 330      6672616D 
 330      652D706F 
 331 00cc 2D666675 		.ascii	"-ffunction-sections' '-fdata-sections' '-fno-common"
 331      6E637469 
 331      6F6E2D73 
 331      65637469 
 331      6F6E7327 
 332 00ff 2720272D 		.ascii	"' '-flto'\000"
 332      666C746F 
 332      2700
 333              		.text
 334              		.comm	__gnu_lto_v1,1,1
 335              		.comm	__gnu_lto_slim,1,1
 336              		.ident	"GCC: (GNU Tools for ARM Embedded Processors 6-2017-q1-update) 6.3.1 20170215 (release) [AR
ARM GAS  C:\Users\user\AppData\Local\Temp\ccoKZpIY.s 			page 25


DEFINED SYMBOLS
                            *ABS*:00000000 hal_pal.c
                            *COM*:00000001 __gnu_lto_v1
                            *COM*:00000001 __gnu_lto_slim

NO UNDEFINED SYMBOLS
