ARM GAS  C:\Users\user\AppData\Local\Temp\ccAmSRdA.s 			page 1


   1              		.cpu cortex-m4
   2              		.eabi_attribute 20, 1
   3              		.eabi_attribute 21, 1
   4              		.eabi_attribute 23, 3
   5              		.eabi_attribute 24, 1
   6              		.eabi_attribute 25, 1
   7              		.eabi_attribute 26, 1
   8              		.eabi_attribute 30, 2
   9              		.eabi_attribute 34, 1
  10              		.eabi_attribute 18, 4
  11              		.file	"hal_st.c"
  12              		.text
  13              	.Ltext0:
  14              		.section	.gnu.lto_.profile.79a072d0,"",%progbits
  15 0000 789C6365 		.ascii	"x\234ce`b`a```d\220\342\001\000\000\300\0003"
  15      60626061 
  15      60606064 
  15      90E20100 
  15      00C00033 
  16              		.text
  17              		.section	.gnu.lto_.icf.79a072d0,"",%progbits
  18 0000 789C6365 		.ascii	"x\234ce`bP`@\000V\206\205??\354\345a\274\366\357\375"
  18      60625060 
  18      40005686 
  18      853F3FEC 
  18      E561BCF6 
  19 0016 136EA67D 		.ascii	"\023n\246}\027\036\254ga\276\263\265\373\0203\313\261"
  19      171EAC67 
  19      61BEB3B5 
  19      FB1033CB 
  19      B1
  20 0027 BFE7B7B3 		.ascii	"\277\347\267\2631\000\000\032\271\020\215"
  20      3100001A 
  20      B9108D
  21              		.text
  22              		.section	.gnu.lto_.jmpfuncs.79a072d0,"",%progbits
  23 0000 789C6365 		.ascii	"x\234ce`b\020c@\000V\020\301\010\004\365L\014\014\314"
  23      60621063 
  23      40005610 
  23      C10804F5 
  23      4C0C0CCC 
  24 0014 209A0528 		.ascii	" \232\005(\000\000\016\012\0011"
  24      00000E0A 
  24      0131
  25              		.text
  26              		.section	.gnu.lto_.inline.79a072d0,"",%progbits
  27 0000 789C6365 		.ascii	"x\234ce`bHe@\000V\006\006\026\036F\240 \003\003\333"
  27      60624865 
  27      40005606 
  27      06161E46 
  27      A0200303 
  28 0015 027910C5 		.ascii	"\002y\020\305\300\310\005\"\030\330X\201\302l\037\364"
  28      C0C80522 
  28      18D85881 
  28      C26C1FF4 
  29 0025 E0E24C0C 		.ascii	"\340\342L\014,\314@!\246\013\374p!fL!\026L!\006\000"
  29      2CCC4021 
ARM GAS  C:\Users\user\AppData\Local\Temp\ccAmSRdA.s 			page 2


  29      A60BFC70 
  29      21664C21 
  29      164C2106 
  30 003a 9CEB0870 		.ascii	"\234\353\010p"
  31              		.text
  32              		.section	.gnu.lto_.pureconst.79a072d0,"",%progbits
  33 0000 789C6365 		.ascii	"x\234ce`b\340f```e\220`\224b\222b\226b\221\002\000\004"
  33      6062E066 
  33      60606065 
  33      90609462 
  33      92629662 
  34 0018 1000A2   		.ascii	"\020\000\242"
  35              		.text
  36              		.section	.gnu.lto_stInit.79a072d0,"",%progbits
  37 0000 789C6365 		.ascii	"x\234ce`bX\314\300\300`\012\304\322@\314\310\314\300"
  37      606258CC 
  37      C0C0600A 
  37      C4D240CC 
  37      C8CCC0
  38 0013 C834E11C 		.ascii	"\3104\341\034\003C#\007\023##\210\321\300\301\310P\317"
  38      03432307 
  38      13232388 
  38      D1C0C1C8 
  38      50CF
  39 0025 C458CFD8 		.ascii	"\304X\317\330\317<\235\231\361P\373\263\235L\232\313"
  39      CF3C9D99 
  39      F150FBB3 
  39      9D4C9ACB 
  40 0035 1B80E0C0 		.ascii	"\033\200\340\300\364\037\222\015+\0160\316gf`\230\011"
  40      F41F920D 
  40      2B0E30CE 
  40      67666098 
  40      09
  41 0046 C420C0B8 		.ascii	"\304 \300\270\234Q\223\001\250\354\321\306\177Sy\331"
  41      9C519301 
  41      A8ECD1C6 
  41      7F5379D9 
  42 0056 5820E28C 		.ascii	"X \342\214+\030\331\030\201\364\372K\214\007\032\376"
  42      2B18D918 
  42      81F4FA4B 
  42      8C071AFE 
  43 0066 FD6F6F38 		.ascii	"\375oo8pg\021\343\177V\240T\027\020\203\354\350ff\002"
  43      706711E3 
  43      7F56A054 
  43      171083EC 
  43      E8666602 
  44 007a D1CCAF19 		.ascii	"\321\314\257\031\233\027\374\226\006\251\007\031\262"
  44      9B17FC96 
  44      06A90719 
  44      B2
  45 0087 73E79BDB 		.ascii	"s\347\233\333\354\365\177\0338\34633\316d\006\232\300"
  45      ECF57F1B 
  45      38E63333 
  45      CE64069A 
  45      C0
  46 0098 B892B19E 		.ascii	"\270\222\261\236a>P\355[\306\246\005\377\271\301\352"
  46      613E50ED 
ARM GAS  C:\Users\user\AppData\Local\Temp\ccAmSRdA.s 			page 3


  46      5BC6A605 
  46      FFB9C1EA 
  47 00a8 40A00B28 		.ascii	"@\240\013(\011\324\316\304\300`\354l\025\023\024\342"
  47      09D4CEC4 
  47      C060EC6C 
  47      151314E2 
  48 00b8 1F1CE39C 		.ascii	"\037\034\343\234\221\231\224\031\\R\232\222\231\037"
  48      91999419 
  48      5C529A92 
  48      991F
  49 00c6 930C62E7 		.ascii	"\223\014b\347\027\033\232\233\351\347\027\353g$\346"
  49      171B9A9B 
  49      E9E717EB 
  49      6724E6
  50 00d5 E8171725 		.ascii	"\350\027\027%\203\350\370\342\022\275d\006\000\225\273"
  50      83E8F8E2 
  50      12BD6406 
  50      0095BB
  51 00e4 49AE     		.ascii	"I\256"
  52              		.text
  53              		.section	.gnu.lto_stStartAlarm.79a072d0,"",%progbits
  54 0000 789C9D92 		.ascii	"x\234\235\222_HSQ\034\307\317\367\236y\357\030eo\021"
  54      5F485351 
  54      1CC7CFF7 
  54      9E79EF18 
  54      656F11
  55 0013 B4071F12 		.ascii	"\264\007\037\022\261\007/K0\350\301\027#\020\224\240"
  55      B1072F4B 
  55      30E8C117 
  55      231094A0 
  56 0023 ED71203A 		.ascii	"\355q :\203\015\026\013\357\3521\257cK\332\326\037\212"
  56      830D160B 
  56      EFEA31AF 
  56      634BDAD6 
  56      1F8A
  57 0035 B4497207 		.ascii	"\264Ir\007+\246\263\271\315\312\324\214\206\005=ie\257"
  57      2BA6B3B9 
  57      CDCAD48C 
  57      86053D69 
  57      65AF
  58 0047 09A3500C 		.ascii	"\011\243P\014\014\212F\021\201\366;w\267\2607\351\300"
  58      0C8A4611 
  58      81F63B77 
  58      B7B037E9 
  58      C0
  59 0058 B9E7FC7E 		.ascii	"\271\347\374~\367w>\277\357\357wN\035\223\330\202\304"
  59      F7773EBF 
  59      EFEF774E 
  59      1D93D882 
  59      C4
  60 0069 58923176 		.ascii	"X\2221v\230&8\203tc\205\261!\273\004\210\215n\007\033"
  60      98263883 
  60      746385B1 
  60      21BB0488 
  60      8D6E071B 
  61 007d 943088EB 		.ascii	"\2240\210\353|\224cixc^j\316\3524\312\243s\362e=v\310"
  61      7C946369 
ARM GAS  C:\Users\user\AppData\Local\Temp\ccAmSRdA.s 			page 4


  61      78635E6A 
  61      CEEA34CA 
  61      A373F265 
  62 0094 E08CA568 		.ascii	"\340\214\245h\212\201,\232)\352m\264x\227_\343\006\007"
  62      8A812C9A 
  62      29EA6DB4 
  62      78975FE3 
  62      0607
  63 00a6 6C647E5D 		.ascii	"ld~]\036\373X/L\011\015d\376\312\025\337\037\340m`\264"
  63      1EFB582F 
  63      4C090D64 
  63      FECA15DF 
  63      1FE06D60 
  64 00bb DF7C5EB9 		.ascii	"\337|^\271\211\246\373\272\036\321\313[\267\270~\304"
  64      89A6FBBA 
  64      1ED1CB5B 
  64      B7B87EC4 
  65 00cb E01C3970 		.ascii	"\340\0349p\002b\022NL\300\311\310\3050\205&\021\377"
  65      0262124E 
  65      4CC0C9C8 
  65      C5308526 
  65      11FF
  66 00dd A1B47D7B 		.ascii	"\241\264}{\277l\313\374\311\211\007\220Aka\025e}{gX"
  66      BF6CCBFC 
  66      C9890790 
  66      416B6115 
  66      657D7B67 
  67 00f2 2F57EFE1 		.ascii	"/W\357\341\335)\231\304\213\023,NA\242\212\004\227\304"
  67      DD2999C4 
  67      8B132C4E 
  67      41A28A04 
  67      97C4
  68 0104 CAD72109 		.ascii	"\312\327!\011\314\225r\374\245\203\267\233\022\214\334"
  68      CC9572FC 
  68      A583B79B 
  68      128CDC
  69 0113 EC161A33 		.ascii	"\354\026\0323\246\204\215\324\276\224^\2166\010\025"
  69      A6848DD4 
  69      BE945E8E 
  69      360815
  70 0122 F97F5598 		.ascii	"\371\177U\230\345M\243q\234H\237\2604\3663\361b-\242"
  70      E54DA371 
  70      9C489FB0 
  70      34F633F1 
  70      622DA2
  71 0135 FC9514AD 		.ascii	"\374\225\024\255\265\344\215\314E\220\251+\305\261K"
  71      B5E48DCC 
  71      4590A92B 
  71      C5B14B
  72 0144 32430132 		.ascii	"2C\0012!\212\220\3119\022[z\255\210\226\330\314\230"
  72      218A90C9 
  72      39125B7A 
  72      AD8896D8 
  72      CC98
  73 0156 95FC8F2F 		.ascii	"\225\374\217/\216\232)8\242i\231\351\357\257\354\006"
  73      8E9A2938 
  73      A26999E9 
ARM GAS  C:\Users\user\AppData\Local\Temp\ccAmSRdA.s 			page 5


  73      EFAFEC06 
  74 0166 C661F03A 		.ascii	"\306a\360:\314\220\210\222\020A?r\313\325o\212\232\327"
  74      CC908892 
  74      10413F72 
  74      CBD56F8A 
  74      9AD7
  75 0178 A3437AA5 		.ascii	"\243Cz\245\220<8\325np\031\017a\340\016\325j&\241\240"
  75      903C38D5 
  75      6E70190F 
  75      61E00ED5 
  75      6A26A1A0 
  76 018c 9D91D29A 		.ascii	"\235\221\322\232\354*\210\240\364\014!\024<\202\212"
  76      EC2A88A0 
  76      F40C2114 
  76      3C828A
  77 019b A34E2B02 		.ascii	"\243N+\002\217\341\262\012\251n.\306\352-U{\311\231"
  77      8FE1B20A 
  77      A96E2EC6 
  77      EA2D557B 
  77      C999
  78 01ad BE2468B3 		.ascii	"\276$h\263f>X\264'Pw\327\244\220\177\216N\232\364g\377"
  78      663E58B4 
  78      275077D7 
  78      A4907F8E 
  78      4E9AF467 
  79 01c2 419F37E9 		.ascii	"A\2377\351\222E_0\351\213Fr\322Q\243KxJ'\327\021\251"
  79      92455F30 
  79      E98B4672 
  79      D251A34B 
  79      784A27D7 
  80 01d8 24267CE6 		.ascii	"$&|\346\013\020-g\237\021Ig\257B8\314\333\212\223>\272"
  80      0B102D67 
  80      9F114967 
  80      AF4238CC 
  80      DB8A933E 
  81 01ed 737ADDAD 		.ascii	"sz\335\255\035'\274g<\247\335\336\016\177\240/\340\016"
  81      1D27BC67 
  81      3CA7DDDE 
  81      0E7FA02F 
  81      E00E
  82 01ff 5FE80F84 		.ascii	"_\350\017\204\274>\261\017i\256\343mjHS\375\275AU\033"
  82      BC3EB10F 
  82      69AEE36D 
  82      6A4853FD 
  82      BD41551B 
  83 0213 F089B547 		.ascii	"\360\211\265G\013\267\370\230\322\333\247\205\003\347"
  83      0BB7F898 
  83      D2DBA785 
  83      03E7
  84 0221 CEDAC4A7 		.ascii	"\316\332\304\247so\200\363\241\201\260\246\272=\335"
  84      736F80F3 
  84      A181B0A6 
  84      BA3DDD
  85 0230 ADC7D4AE 		.ascii	"\255\307\324\256\256\223\252\247\263\373\242\313B\366"
  85      AE93AAA7 
  85      B3FBA2CB 
  85      42F6
ARM GAS  C:\Users\user\AppData\Local\Temp\ccAmSRdA.s 			page 6


  86 023e 0483FD2D 		.ascii	"\004\203\375-~\366\033\320\024\021J"
  86      7EF61BD0 
  86      14114A
  87              		.text
  88              		.section	.gnu.lto_stStopAlarm.79a072d0,"",%progbits
  89 0000 789C8D50 		.ascii	"x\234\215P\277KBQ\024>\337\273\366\224\240\275\310\255"
  89      BF4B4251 
  89      143EDFBB 
  89      F694A0BD 
  89      C8AD
  90 0012 C9E53D4C 		.ascii	"\311\345=L(h5\002\301\010\322Q\220\322AA0|\326\3523"
  90      28683502 
  90      C108D251 
  90      90D24141 
  90      307CD6EA 
  91 0027 3441A15A 		.ascii	"4A\241Z\322\034\342\015\016\226\245\322\030\025\210"
  91      D21CE20D 
  91      0E96A5D2 
  91      181588
  92 0036 044D19F4 		.ascii	"\004M\031\364\027HC\320PDJ\011\201u\257F8v\340p~}\347"
  92      174843D0 
  92      50444A09 
  92      8175AF46 
  92      3876E070 
  93 004d FBCEBD63 		.ascii	"\373\316\275c$\221\002\242\004\021Ms\007#H\373-\242"
  93      249102A2 
  93      04114D73 
  93      072348FB 
  93      2DA2
  94 005f A4450244 		.ascii	"\244E\002D\242[@\011\011\011\354\261\002C3\363t!\331"
  94      A25B4009 
  94      0909ECB1 
  94      024333F3 
  94      7421D9
  95 0072 CA3AB746 		.ascii	"\312:\267F\241+\357\350\351I\203\021\025\271\013C\031"
  95      A12BEFE8 
  95      E9498311 
  95      15B90B43 
  95      19
  96 0083 36E2B0C7 		.ascii	"6\342\260\307\363\376\301\204l\032\366q\014\231KP\375"
  96      F3FEC184 
  96      6C1AF671 
  96      0C994B50 
  96      FD
  97 0094 010DBDFF 		.ascii	"\001\015\275\377\235\321\0337%|-\361Q\226\273\320\310"
  97      9DD11B37 
  97      257C2DF1 
  97      5196BBD0 
  97      C8
  98 00a5 314944F6 		.ascii	"1ID\366\214f\267\367z\225W\376(RC\245\236\314\0064E"
  98      8C66B7F7 
  98      7A9557FE 
  98      285243A5 
  98      9ECC0634 
  99 00ba 86517A9C 		.ascii	"\206Qz\234@\346\374\025\310\274\231O7\357\315\273\314"
  99      40E6FC15 
  99      C8BC994F 
ARM GAS  C:\Users\user\AppData\Local\Temp\ccAmSRdA.s 			page 7


  99      37EFCDBB 
  99      CC
 100 00cb 6018605A 		.ascii	"`\030`Z\325\317\267\361a)8L\274U\252}\334Z\014\034\301"
 100      D5CFB7F1 
 100      6129384C 
 100      BC55AA7D 
 100      DC5A0C1C 
 101 00e0 6012CE60 		.ascii	"`\022\316`\305)\254$\260\225\273n\307\254V\365TRo_v"
 101      C529AC24 
 101      B095BB6E 
 101      C7AC56F5 
 101      54526F5F 
 102 00f5 A6DEF916 		.ascii	"\246\336\371\026C\025\006\016\371\201\003\021\324\240"
 102      4315060E 
 102      F9810311 
 102      D4A0
 103 0103 8E6AF03B 		.ascii	"\216j\360;P\347\333/\330n\347\256g\304m\203\017\310"
 103      50E7DB2F 
 103      D86EE7AE 
 103      67C46D83 
 103      0FC8
 104 0115 F2017F89 		.ascii	"\362\001\177\211D\344p.\370V\275+\036\2373\024^\017"
 104      44E4702E 
 104      F856BD2B 
 104      1E9F3314 
 104      5E0F
 105 0127 7BE29BC1 		.ascii	"{\342\233\301p\324\027\020yT\263\317\317\251QM\015\255"
 105      70D41710 
 105      7954B3CF 
 105      CFA9514D 
 105      0DAD
 106 0139 45542D16 		.ascii	"ET-\026\020\321\257\305\225\000\271\376\267\263\021"
 106      10D1AFC5 
 106      9500B9FE 
 106      B7B311
 107 0148 8DC535D5 		.ascii	"\215\3055\325\343]v\314\252n\367\242\352u-o\331\177"
 107      E35D76CC 
 107      AA6EF7A2 
 107      EA752D6F 
 107      D97F
 108 015a 59FC9148 		.ascii	"Y\374\221HP\011\321\017H|\222C"
 108      5009D10F 
 108      487C9243 
 109              		.text
 110              		.section	.gnu.lto_stSetAlarm.79a072d0,"",%progbits
 111 0000 789C8D90 		.ascii	"x\234\215\220Kh\023Q\024\206\317?7\235\011\305\307N"
 111      4B681351 
 111      1486CF3F 
 111      379D09C5 
 111      C74E
 112 0012 0A66D185 		.ascii	"\012f\321\205\245\324E\207X\250\340\242\233\012Rh\021"
 112      A5D44587 
 112      58A8E0A2 
 112      9B0A5268 
 112      11
 113 0023 4C9681D2 		.ascii	"L\226\201\322\246B\002\221H'\272\355mH[LJ\025\305\326"
 113      A6420291 
ARM GAS  C:\Users\user\AppData\Local\Temp\ccAmSRdA.s 			page 8


 113      4827BAED 
 113      6D485B4C 
 113      4A15C5D6 
 114 0037 14C314A2 		.ascii	"\024\303\024\242T\243y\325\007\212\013\207(\272jE\327"
 114      54A379D5 
 114      078A0B87 
 114      28BA6A45 
 114      D7
 115 0048 11825A51 		.ascii	"\021\202ZQPP|\024\021R\317\235V\321\235\027\356\334"
 115      50507C14 
 115      1152CF9D 
 115      56D19D17 
 115      EEDC
 116 005a 73CEFDE7 		.ascii	"s\316\375\347\277\3379-\244Q\023D\263D\264\2277\004"
 116      BFDF392D 
 116      A4511344 
 116      B344B497 
 116      3704
 117 006c 413BB746 		.ascii	"A;\267F4\351\325\000\025H/hB\303\004\316\212\005\201"
 117      34E9D500 
 117      15482F68 
 117      42C304CE 
 117      8A0581
 118 007f DACCDBFB 		.ascii	"\332\314\333\373Z\327\262\344\345,T\214i9\325f\013\242"
 118      5AD7B2E4 
 118      E52C548C 
 118      6939D566 
 118      0BA2
 119 0091 2C6FB5B0 		.ascii	",o\265\260\214.V=OU.\2139a\013\300\303\351\347\325\305"
 119      8C2E563D 
 119      4F552E8B 
 119      39610BC0 
 119      C3E9E7D5 
 120 00a6 D7BB54AA 		.ascii	"\327\273T\252\241\235\323\237\205J}\267\350\005q\374"
 120      A19DD39F 
 120      854A7DB7 
 120      E80571FC 
 121 00b6 EE61E33C 		.ascii	"\356a\343<:\257J\231\224N\375\202\220\373l!P\200`C\\"
 121      3AAF4A99 
 121      944EFD82 
 121      90FB6C21 
 121      50806043 
 122 00cb 870FD7E0 		.ascii	"\207\017\327\340#.\021n\240S\351_U\233\027w\352\236"
 122      232E116E 
 122      A053E95F 
 122      559B1777 
 122      EA9E
 123 00dd FCEF3771 		.ascii	"\374\3577q\023:\343S\371\005\034\331\334\234\221\316"
 123      133AE353 
 123      F9051CD9 
 123      DC9C91CE 
 124 00ed 9B2B7870 		.ascii	"\233+xp\304\303\360\352\017J\263Hu\221\021\232:\305"
 124      C4C3F0EA 
 124      0F4AB348 
 124      7591119A 
 124      3AC5
 125 00ff 3A346573 		.ascii	":4es\306I?n\025}.\202]\270\373\001\035y\027\341InGV"
ARM GAS  C:\Users\user\AppData\Local\Temp\ccAmSRdA.s 			page 9


 125      C6493F6E 
 125      157D2E82 
 125      5DB8FB01 
 125      1D7917E1 
 126 0117 3AA97645 		.ascii	":\251vEQ\374\227\302m\257\204\216\034;\275Gm\361G\346"
 126      51FC97C2 
 126      6DAF848E 
 126      1C3BBD47 
 126      6DF147E6 
 127 012b D1B7A4F1 		.ascii	"\321\267\244\361\007)\2655\222{\206P\"\227++\360\027"
 127      0729B535 
 127      927B8650 
 127      22972B2B 
 127      F017
 128 013d 32A10C9D 		.ascii	"2\241\014\235-*\320\2718?U{f\250\221x\\\315Zq\343S\353"
 128      2D2AD0B9 
 128      383F557B 
 128      66A89178 
 128      5CCD5A71 
 129 0154 56AA7CD4 		.ascii	"V\252|\324\320\362\245\357O\2756r\260E\013V\030\242"
 129      D0F2A5EF 
 129      4FBD3672 
 129      B0450B56 
 129      18A2
 130 0166 AA20F8A2 		.ascii	"\252 \370\242\260\372\365\213a\026ejR6\312\263{J}\266"
 130      B0FAF58B 
 130      6116656A 
 130      5236CAB3 
 130      7B4A7DB6 
 131 017a D0710B36 		.ascii	"\320q\0136.q\257\356#,\332\234\257\276\324\375e%ZZa"
 131      2E71AFEE 
 131      232CDA9C 
 131      AFBED4FD 
 131      65255A5A 
 132 018f 0B03B761 		.ascii	"\013\003\267ab\277o[\201;\360\253F\326\221ld\352aw\212"
 132      62BF6F5B 
 132      813BF0AB 
 132      46D6916C 
 132      64EA6177 
 133 01a4 0A9B3E22 		.ascii	"\012\233>\"\271\2641\007Up;Ns\017<7\215\250\247\377"
 133      B9B43107 
 133      55703B4E 
 133      730F3C37 
 133      8DA8A7FF 
 134 01b8 50E858F0 		.ascii	"P\350X\360h \324\037\211\216F\003\211Sc\321x(\254\342"
 134      6820D41F 
 134      898E4603 
 134      895363D1 
 134      7828ACE2 
 135 01cc B8E53FD8 		.ascii	"\270\345?\330k\306-32\0223\255\361\260:\207\255Dw\230"
 135      6BC62D33 
 135      321233AD 
 135      F1B03A87 
 135      AD447798 
 136 01e0 8C91512B 		.ascii	"\214\221Q+\021=q\334\243>\003\377gp2>\236\260\314@p"
 136      113D71DC 
 136      A33E03FF 
ARM GAS  C:\Users\user\AppData\Local\Temp\ccAmSRdA.s 			page 10


 136      6770323E 
 136      9EB0CC40 
 137 01f5 A8E78039 		.ascii	"\250\347\20098x\330\014\016\014\235\366o[\016\307bc"
 137      3878D80C 
 137      0E0C9DF6 
 137      6F5B0EC7 
 137      6263
 138 0207 DD11FA05 		.ascii	"\335\021\372\005\\}\324\373"
 138      5C7DD4FB 
 139              		.text
 140              		.section	.gnu.lto_stGetAlarm.79a072d0,"",%progbits
 141 0000 789C8D4F 		.ascii	"x\234\215OMK\033Q\024\275g^2\223\026\354\017\260\001"
 141      4D4B1B51 
 141      14BD675E 
 141      329316EC 
 141      0FB001
 142 0013 BBB50B87 		.ascii	"\273\265\013\207\030\260\340\326B\021\024\241\3112 "
 142      18B0E0D6 
 142      421114A1 
 142      C93220
 143 0022 6DB24820 		.ascii	"m\262H 0\342D\267y\221H\321\200\025E\243\2652B\026Z"
 143      30E244B7 
 143      799148D1 
 143      801545A3 
 143      B5324216 
 144 0037 DB24A64B 		.ascii	"\333$\246K\205\022t\341\312\257\354\205\240\335t\241"
 144      851274E1 
 144      CAAFEC85 
 144      A0DD74A1 
 145 0047 44143F50 		.ascii	"D\024?P\324\373\242H\227>\270\274\373q\356\271\347\270"
 145      D4FBA248 
 145      973EB8BC 
 145      FB71EEB9 
 145      E7B8
 146 0059 49230B44 		.ascii	"I#\013DI\"z\315\001A\320\306\267\211R\036\015P\211\364"
 146      49227ACD 
 146      0141D0C6 
 146      B789521E 
 146      0D5089F4 
 147 006d 80921A92 		.ascii	"\200\222\032\222\370*\262\002{\351\225\357bL8\014sq"
 147      F82AB202 
 147      7BE995EF 
 147      624C380C 
 147      7371
 148 007f 79B2F5ED 		.ascii	"y\262\365\355\360\225*\2017\\\316\311\312\210\321\274"
 148      F0952A81 
 148      375CCEC9 
 148      CA88D1BC 
 149 008f 28E5902C 		.ascii	"(\345\220,gk\306\334\357]\371\302\021\032\3152|\011"
 149      676BC6DC 
 149      EF5DF9C2 
 149      111ACD32 
 149      7C09
 150 00a1 5E2CC2AB 		.ascii	"^,\302\253n\374@31\372\240t;\325\240\273r\202\024\200"
 150      6EFC4033 
 150      31FAA074 
 150      3BD5A0BB 
ARM GAS  C:\Users\user\AppData\Local\Temp\ccAmSRdA.s 			page 11


 150      72821480 
 151 00b5 FBCBD059 		.ascii	"\373\313\320Y\012\025+(\313\333\273/\262\3747\207\353"
 151      0A152B28 
 151      CBDBBB2F 
 151      B2FC3787 
 151      EB
 152 00c6 0FBCEF08 		.ascii	"\017\274\357\010\236\217r(A\031n\360/\376a\375\317\325"
 152      9E8F7228 
 152      41196EF0 
 152      2FFE61FD 
 152      CFD5
 153 00d8 F14DB6F1 		.ascii	"\361M\266\361\211*-\371\225'/\215:\325\254\300\177W"
 153      892A2DF9 
 153      95272F8D 
 153      3AD5ACC0 
 153      7F57
 154 00ea 083FA1F3 		.ascii	"\010?\241\363\215_\320\347\205\306\375\351\341\365\035"
 154      8D5FD0E7 
 154      85C6FDE9 
 154      E1F51D
 155 00f9 434977D5 		.ascii	"CIw\325a\333\371\213\332\313\207R\261(s\271\302\371"
 155      61DBF98B 
 155      DACB8752 
 155      B12873B9 
 155      C2F9
 156 010b A6C7C13C 		.ascii	"\246\307\301<\034\341F\201\345\347\225|\036,o\235\235"
 156      1CE14681 
 156      E5E7957C 
 156      1E2C6F9D 
 156      9D
 157 011c 1A665EA6 		.ascii	"\032f^\246S\262\272v\3324\301\036u\024\341`\206%\326"
 157      53B2BA76 
 157      DA34C11E 
 157      7514E160 
 157      8625D6
 158 012f EF30E86E 		.ascii	"\3570\350n\272\264\257\373\212\012\264\260\2529\302"
 158      BAB4AFFB 
 158      8A0AB4B0 
 158      AA39C2
 159 013e C00A4CBC 		.ascii	"\300\012L\274\365>\"P\202\217\2160T\315\334l\350J.\253"
 159      F53E2250 
 159      828F8E30 
 159      54CDDC6C 
 159      E84A2EAB 
 160 0152 62EFEC12 		.ascii	"b\357\354\022\312\035\347\376\216\366\320\307`O \324"
 160      CA1DE7FE 
 160      8EF6D0C7 
 160      604F20D4 
 161 0162 118D7D8E 		.ascii	"\021\215}\216\005\022\003\221\230\025\012\253\334\262"
 161      05120391 
 161      98150AAB 
 161      DCB2
 162 0170 7DEFDA4C 		.ascii	"}\357\332L\3136\243\237\342\246\335\037V\177\257\235"
 162      CB36A39F 
 162      E2A6DD1F 
 162      567FAF9D 
 163 0180 680953E7 		.ascii	"h\011S\347\363v\372\254\376\204m\006\202\335\376V\263"
ARM GAS  C:\Users\user\AppData\Local\Temp\ccAmSRdA.s 			page 12


 163      F376FAAC 
 163      FE846D06 
 163      82DDFE56 
 163      B3
 164 0191 ABEBBD19 		.ascii	"\253\353\275\031\354\354\036\364=\262\364\306\343\221"
 164      ECEC1EF4 
 164      3DB2F4C6 
 164      E391
 165 019f 9628DD03 		.ascii	"\226(\335\003\034\204\246\347"
 165      1C84A6E7 
 166              		.text
 167              		.section	.gnu.lto_.symbol_nodes.79a072d0,"",%progbits
 168 0000 789C55C8 		.ascii	"x\234U\310\271\015\200@\014\005\321\361_\266/(\212\330"
 168      B90D8040 
 168      0C05D1F1 
 168      5FB62F28 
 168      8AD8
 169 0012 5B020967 		.ascii	"[\002\011gL\025\024A\015T\202\260\310<\311H\257\"F\""
 169      4C151441 
 169      0D5482B0 
 169      C83CC948 
 169      AF224622 
 170 0026 CD72986E 		.ascii	"\315r\230n\210]m\010Y\344\226e\225+\313&/Yvy\227\304"
 170      885D6D08 
 170      59E49665 
 170      952BCB26 
 170      2F597679 
 171 003c 0E79FD05 		.ascii	"\016y\375\005Z\353\241P9\237\327\370\000\311\311\035"
 171      5AEBA150 
 171      399FD7F8 
 171      00C9C91D 
 172 004c 0B       		.ascii	"\013"
 173              		.text
 174              		.section	.gnu.lto_.refs.79a072d0,"",%progbits
 175 0000 789C6365 		.ascii	"x\234ce`b`d\000\002\000\000I\000\011"
 175      60626064 
 175      00020000 
 175      490009
 176              		.text
 177              		.section	.gnu.lto_.decls.79a072d0,"",%progbits
 178 0000 789CB557 		.ascii	"x\234\265WiP\024I\026\256W\331 4 Nk\030n\254;K\030\030"
 178      69501449 
 178      16AE57D9 
 178      2034204E 
 178      6B186EAC 
 179 0018 101B0E88 		.ascii	"\020\033\016\210l\350\256?\014\235\326q\214\030gv\033"
 179      6CE8AE3F 
 179      0C9DD671 
 179      8C186776 
 179      1B
 180 0029 77627F30 		.ascii	"wb\1770\321\213\300\214\304r\270t\263\021\363kJ@E\274"
 180      D18BC08C 
 180      C472B874 
 180      B311F36B 
 180      4A4045BC 
 181 003d 40450554 		.ascii	"@E\005T\300\003u@\005<\021\217\026\024\021Q\021\017"
 181      C0037540 
ARM GAS  C:\Users\user\AppData\Local\Temp\ccAmSRdA.s 			page 13


 181      053C118F 
 181      16141151 
 181      110F
 182 004f 040FF03E 		.ascii	"\004\017\360>\007\025\017\020\307a_\036E\225e\343\030"
 182      07150F10 
 182      C7615F1E 
 182      459565E3 
 182      18
 183 0060 B1BB159D 		.ascii	"\261\273\025\235\225\3712\277\367\275\227\357eVf{H\262"
 183      95F932BF 
 183      F7BD97EF 
 183      6556667B 
 183      48B2
 184 0072 54F99124 		.ascii	"T\371\221$}L$i#HR/>\236\222$m\223\264\207\312\333\261"
 184      7D4C2469 
 184      2348522F 
 184      3E9E9224 
 184      6D93B487 
 185 0089 1CC67204 		.ascii	"\034\306r\004K\015\226Z,u\322\273\3177\310\201T\322"
 185      4B0D965A 
 185      2C75D2BB 
 185      CF37C881 
 185      54D2
 186 009b D7584EE8 		.ascii	"\327XN\350xd\301\341N\347\007\324\361\022:\026,C\260"
 186      7864C1E1 
 186      4EE707D4 
 186      F1123A16 
 186      2C43B0
 187 00ae 5461F1C3 		.ascii	"Ta\361\303~_,W\261}F\342\274\336(\367`\375FpR\237\374"
 187      7E5F2C57 
 187      B17D46E2 
 187      BCDE28F7 
 187      60FD4670 
 188 00c5 B10F7FD2 		.ascii	"\261\017\177\322\307\3606o\032\312&\301\253rQ\036\320"
 188      C7F0366F 
 188      1ACA26C1 
 188      AB72511E 
 188      D0
 189 00d6 E9D3F904 		.ascii	"\351\323\371\004\030\364\3503\377\003}\002\341\223,"
 189      18F4E833 
 189      FF037D02 
 189      E1932C
 190 00e5 E23242F8 		.ascii	"\3422B\370\362\007\003\347b\301\247\347\012\372\025"
 190      F20703E7 
 190      62C1A7E7 
 190      0AFA15
 191 00f4 3E1AE351 		.ascii	">\032\343Q\202/\304\300\267\212\300\236\305G\017\312"
 191      822FC4C0 
 191      B78AC09E 
 191      C5470FCA 
 192 0104 D7E00A20 		.ascii	"\327\340\012 \026\006\261^\000\376\006V\230\330\253"
 192      1606B15E 
 192      00FE0656 
 192      98D8AB
 193 0113 3E00AC1F 		.ascii	">\000\254\037{eI\220\252]\240j\010Y\026\242,(\331O("
 193      7B654990 
 193      AA5DA06A 
ARM GAS  C:\Users\user\AppData\Local\Temp\ccAmSRdA.s 			page 14


 193      085916A2 
 193      2C28D94F 
 194 0128 838E910F 		.ascii	"\203\216\221\017sK\352\303\347\300\033LM\325\006Y3\000"
 194      734BEAC3 
 194      E7C01B4C 
 194      4DD50659 
 194      3300
 195 013a A057D011 		.ascii	"\240W\320\021r\267\305x\237\177\22269Pg\3774\267\341"
 195      72B7C578 
 195      9F7F9236 
 195      395067FF 
 195      34B7E1
 196 014d 8EB90DAE 		.ascii	"\216\271\015\256\322\336\302\211\300\372\346Wt\264y"
 196      D2DEC289 
 196      C0FAE657 
 196      74B479
 197 015c 101968BB 		.ascii	"\020\031h\273\355\325\226\317BJ\025\376x\375F\013\333"
 197      EDD596CF 
 197      424A15FE 
 197      78FD460B 
 197      DB
 198 016d B1DE2E97 		.ascii	"\261\336.\227\377\022\002\0263\310(6=iX\353\203\342"
 198      FF120216 
 198      33C82836 
 198      3D6958EB 
 198      83E2
 199 017f 10330C42 		.ascii	"\0203\014B\261{\316\205#\346a+\231V\2322H\206\257\207"
 199      B17BCE85 
 199      23E6612B 
 199      99569A32 
 199      4886AF87 
 200 0193 42290C87 		.ascii	"B)\014\207\022\030\216\306\267\3010|\3174q&W\352\362"
 200      12188EC6 
 200      B7C1307C 
 200      CF347126 
 200      57EAF2
 201 01a6 6D034614 		.ascii	"m\003F\024*\205\355\212\2539\365\367+\323\224-\250\025"
 201      2A85ED8A 
 201      AB39F5F7 
 201      2BD3942D 
 201      A815
 202 01b8 4051B015 		.ascii	"@Q\260\025\010\374\010!\324cl\342{\013\264\001l\206"
 202      08FC0821 
 202      D4636CE2 
 202      7B0BB401 
 202      6C86
 203 01ca 6B389FED 		.ascii	"k8\237\3550\002\265\323J[3=\310g\314\331\253u[K\010"
 203      3002B5D3 
 203      4A5B333D 
 203      C867CCD9 
 203      AB755B4B 
 204 01df 3A116406 		.ascii	":\021d\006\032\007\177\354\332\361\250\362\225\037\357"
 204      1A077FEC 
 204      DAF1A8F2 
 204      951FEF
 205 01ee A288A6A5 		.ascii	"\242\210\246\245\235\033\007\220\010\326>\233^\266\206"
 205      9D1B0790 
ARM GAS  C:\Users\user\AppData\Local\Temp\ccAmSRdA.s 			page 15


 205      08D63E9B 
 205      5EB686
 206 01fd F0199868 		.ascii	"\360\031\230h$N\345\335\034\310g\020\260\212\310\271"
 206      244EE5DD 
 206      1CC86710 
 206      B08AC8B9 
 207 020d F5CDD526 		.ascii	"\365\315\325&\0106\027\323)\270\272\362'\344vR\247\366"
 207      083617D3 
 207      29B8BAF2 
 207      27E47652 
 207      A7F6
 208 021f 80192A34 		.ascii	"\200\031*4\247\202\314\370\316P\224T%+M\361\376\\\202"
 208      A782CCF8 
 208      CE509454 
 208      252B4DF1 
 208      FE5C82
 209 0232 5D38C99D 		.ascii	"]8\311\2358I\330\015\301\324(\305A9v\226a'Z\331\272"
 209      3849D80D 
 209      C1D428C5 
 209      41397696 
 209      61275AD9 
 210 0247 317BBD27 		.ascii	"1{\275'\251\007\352\201\\{\350\362%\023\230\203\335"
 210      A907EA81 
 210      5C7BE8F2 
 210      25139883 
 210      DD
 211 0258 1254BA21 		.ascii	"\022T\272!\340\316\264\355\037Q;WQd\330\207\316\354"
 211      E0CEB4ED 
 211      1F513B57 
 211      5164D887 
 211      CEEC
 212 026a D59C41DF 		.ascii	"\325\234A\337xD\227\356\276\374\263?\331\3052(\347\355"
 212      784497EE 
 212      BEFCB33F 
 212      D9C53228 
 212      E7ED
 213 027c 287A46FA 		.ascii	"(zF\3723r\240_#]gF\0253#Uhd\277fd\237j\344PA\367.\331"
 213      3372A05F 
 213      235D6746 
 213      15332355 
 213      6864BF66 
 214 0299 44370D45 		.ascii	"D7\015E`2\261\257\256\262\347\026\3517\355\207X\332"
 214      6032B1AF 
 214      AEB2E716 
 214      E937ED87 
 214      58DA
 215 02ab 0F82C87B 		.ascii	"\017\202\310{VQ\205\"c\336\333Y\336\203\256W(\012\032"
 215      56518522 
 215      63DEDB59 
 215      DE83AE57 
 215      280A1A
 216 02be 544C1407 		.ascii	"TL\024\007;4\213;\214\211?\314\022\177\342u\305@\362"
 216      3B348B3B 
 216      8C893FCC 
 216      127FE275 
 216      C540F2
 217 02d1 8AAFD283 		.ascii	"\212\257\322\203%g\276\021LM\277\315U\\\251\012\365"
ARM GAS  C:\Users\user\AppData\Local\Temp\ccAmSRdA.s 			page 16


 217      2567BE11 
 217      4C4DBFCD 
 217      555CA90A 
 217      F5
 218 02e2 9C2E2097 		.ascii	"\234. \227\306\3432\362\034a<\313vv\025x\220\271\204"
 218      C6E332F2 
 218      1C613CCB 
 218      76761578 
 218      90B984
 219 02f5 1135ECBD 		.ascii	"\0215\354\275\327\354)\230\252\177\327\307D=\252\326"
 219      D7EC2998 
 219      AA7FD7C7 
 219      443DAAD6 
 220 0305 98AA8D4C 		.ascii	"\230\252\215L5\214\251\364yc\205\037\311\342L7\313N"
 220      358CA9F4 
 220      7963851F 
 220      C9E24C37 
 220      CB4E
 221 0317 DF95F5A1 		.ascii	"\337\225\365\241\240Q\322bq\354\255-\260\243|\3238a"
 221      A051D262 
 221      71ECAD2D 
 221      B0A37CD3 
 221      3861
 222 0329 B5B66068 		.ascii	"\265\266`h\266\272\003\020\004G5\263G\215fk\231\331"
 222      B6BA0310 
 222      044735B3 
 222      478D666B 
 222      99D9
 223 033b A78B1E17 		.ascii	"\247\213\036\027\372\223|n\266`\347\222\245~\224\012"
 223      FA937C6E 
 223      B660E792 
 223      A57E940A 
 224 034b 53D8FB68 		.ascii	"S\330\373hTA\331-%\303\314v\034\034\327\230\216S&\332"
 224      5441D92D 
 224      25C3CC76 
 224      1C1CD798 
 224      8E5326DA 
 225 035f A8630C6D 		.ascii	"\250c\014m\335\315\327|}3\373\026\010\203\253kD\202"
 225      DDCDD77C 
 225      7D33FB16 
 225      0883AB6B 
 225      4482
 226 0371 13E0AB2A 		.ascii	"\023\340\253*b\023\361{\257\347\034\366\346;\347\022"
 226      6213F17B 
 226      AFE71CF6 
 226      E63BE712 
 227 0381 359A57F5 		.ascii	"5\232W\365\274\336\203\313^t\270\243d\257\037\337I."
 227      BCDE83CB 
 227      5E74B8A3 
 227      64AF1FDF 
 227      492E
 228 0393 3A7CEE4E 		.ascii	":|\356NQ\272/\037n\244r\315\305\343OL\344)w8\243tI\015"
 228      51BA2F1F 
 228      6EA472CD 
 228      C5E34F4C 
 228      E4297738 
 229 03ab 3167D020 		.ascii	"1g\320 }\310\016\2409jx}\312\203tq\365\205\307v\327"
ARM GAS  C:\Users\user\AppData\Local\Temp\ccAmSRdA.s 			page 17


 229      7DC80EA0 
 229      396A787D 
 229      CA837471 
 229      F585C776 
 230 03c0 8A4D5C47 		.ascii	"\212M\\G\345\025\373k\252|H\217\310A\346\215\032O\322"
 230      E515FB6B 
 230      AA7C488F 
 230      C841E68D 
 230      1A4FD2
 231 03d3 CB05D52B 		.ascii	"\313\005\325+\213\360\252\340\362\213z i&6X\265\367"
 231      8BF0AAE0 
 231      F28B7A20 
 231      69263658 
 231      B5F7
 232 03e5 40AD98C1 		.ascii	"@\255\230\301h\335\327\314\302\277f{\356\234\2505\363"
 232      68DDD7CC 
 232      C2BF667B 
 232      EE9CA835 
 232      F3
 233 03f6 09294097 		.ascii	"\011)@\227[\323\225\211$\203kVw\226m\026\223#t:\271"
 233      5BD39589 
 233      24836B56 
 233      77966D16 
 233      9323743A 
 234 040b 9D8DFE74 		.ascii	"\235\215\376t:\212\010%\366k\221\274L7\017\204\016\207"
 234      3A8A0825 
 234      F66B91BC 
 234      4C370F84 
 234      0E87
 235 041d 563E9596 		.ascii	"V>\225\226\356c\255\036\226,\206\306\204\233\330\216"
 235      EE63AD1E 
 235      962C86C6 
 235      849BD88E 
 236 042d BE84F066 		.ascii	"\276\204\360f\006\277\002\026U\211}rs:\006\352\301g"
 236      06BF0216 
 236      55897D72 
 236      733A06EA 
 236      C167
 237 043f DE07DEBE 		.ascii	"\336\007\336\276a\323*3Y\304\235\314\177v\365\276HX"
 237      61D32A33 
 237      59C49DCC 
 237      7F76F5BE 
 237      4858
 238 0451 308AC52F 		.ascii	"0\212\305/\253\322\274H\026\037[~h\355\251\001d\005"
 238      ABD2BC48 
 238      161F5B7E 
 238      68EDA901 
 238      6405
 239 0463 17D48FA0 		.ascii	"\027\324\217\240\205}\004!\265\371S\262\232\217\034"
 239      857D0421 
 239      B5F953B2 
 239      9A8F1C
 240 0472 CE5E7615 		.ascii	"\316^v\025\310\032.t\244\337n\027\361\031\206b\316\311"
 240      C81A2E74 
 240      A4DF6E17 
 240      F1198662 
 240      CEC9
ARM GAS  C:\Users\user\AppData\Local\Temp\ccAmSRdA.s 			page 18


 241 0484 8741A488 		.ascii	"\207A\244\210\017\375RW\023D6\363v\355\236-\233\201"
 241      0FFD5257 
 241      134436F3 
 241      76ED9E2D 
 241      9B81
 242 0496 6CE34267 		.ascii	"l\343Bg^\355C3)\347Ba\323\232}^d\027\027\212\273W\026"
 242      5EED4333 
 242      29E74261 
 242      D39A7D5E 
 242      6417178A 
 243 04ad FB924A2E 		.ascii	"\373\222J.\234\257\274\220\341C\016q!\243\274|\265\017"
 243      9CAFBC90 
 243      E1430E71 
 243      21A3BC7C 
 243      B50F
 244 04bf A9E6426A 		.ascii	"\251\346BjUK\2668q\332\251|k\323\255Bo\221\025O\224"
 244      554BB638 
 244      71DAA97C 
 244      6BD3AD42 
 244      6F91154F 
 245 04d4 339B1ABA 		.ascii	"3\233\032\272\200\324rp\346\236s\327L\375\346\341\251"
 245      80D47270 
 245      E69E73D7 
 245      4CFDE6E1 
 245      A9
 246 04e5 9A87D12C 		.ascii	"\232\207\321,\0159\007sv\0174\246\241\001\321'\031\272"
 246      0D390773 
 246      760F34A6 
 246      A101D127 
 246      19BA
 247 04f7 9345F6A9 		.ascii	"\223E\366\251\032\331\306\333\0336\231\214y\350\017"
 247      1AD9C6DB 
 247      1B36998C 
 247      79E80F
 248 0506 3DF471E6 		.ascii	"=\364q\346\221\027~\020\030\03088P\367\004\263\367z"
 248      91177E10 
 248      18183838 
 248      50F704B3 
 248      F77A
 249 0518 253D0D3F 		.ascii	"%=\015?\347\271\344\336\266\323\213\224\302j`T\027p"
 249      E7B9E4DE 
 249      B6D38B94 
 249      C26A6054 
 249      1770
 250 052a 9F76C160 		.ascii	"\237v\301`m\037\234g\274\273\350[\342*7\022\361\323"
 250      6D1F9C67 
 250      BCBBE85B 
 250      E22A3712 
 250      F1D3
 251 053c 944E18FC 		.ascii	"\224N\030\374\264\021~\352\035x\275\016~\316\010?\313"
 251      B4117EEA 
 251      1D78BD0E 
 251      7ECE083F 
 251      CB
 252 054d E061149D 		.ascii	"\340a\024\235-\3464\321$\301c\034\357`C\024\215{\020"
 252      2DE634D1 
 252      24C1631C 
ARM GAS  C:\Users\user\AppData\Local\Temp\ccAmSRdA.s 			page 19


 252      EF604314 
 252      8D7B10
 253 0560 D2E56078 		.ascii	"\322\345`x\005\201\320\215E\221\003\341\015\326=X2\260"
 253      0581D08D 
 253      459103E1 
 253      0DD63D58 
 253      32B0
 254 0572 FD33D669 		.ascii	"\3753\326iX\377\202\365\034\254\347b\231\207\245\027"
 254      58FF82F5 
 254      1CACE762 
 254      9987A517 
 255 0582 E505583F 		.ascii	"\345\005X?\307\372%\226Tl\277\306\372\005\226\371r "
 255      C7FA2596 
 255      546CBFC6 
 255      FA0596F9 
 255      7220
 256 0594 FB08711F 		.ascii	"\373\010q\037[\3435\037\037\031}\0145\316\250I\207\376"
 256      5BE3351F 
 256      1F197D0C 
 256      35CEA849 
 256      87FE
 257 05a6 C92D3A4C 		.ascii	"\311-:L\003w\352\300\367\215\340f0\240[u\301jt\037["
 257      0377EAC0 
 257      F78DE066 
 257      30A05B75 
 257      C16A741F 
 258 05bb 1DBA3A41 		.ascii	"\035\272:AC\3375\242o\033\321\017t\236<0\242O\276\223"
 258      43DF35A2 
 258      6F1BD10F 
 258      749E3C30 
 258      A24FBE93 
 259 05cf B7261DF9 		.ascii	"\267&\035\371-#\374\206\221\274S\207\276fD_4\242o\350"
 259      2D23FC86 
 259      91BC5387 
 259      BE66445F 
 259      34A26FE8 
 260 05e3 5C79E8DE 		.ascii	"\\y\350\336\025}Pt\3347\335{\362\226\343\272\0306\271"
 260      157D5074 
 260      DC37DD7B 
 260      F296E3BA 
 260      1836B9
 261 05f6 5F706FAD 		.ascii	"_po\255O\035\373\035\367A\344p~59\375\3102GQ\200\302"
 261      4F1DFB1D 
 261      F741E470 
 261      7E3539FD 
 261      C8324751 
 262 060c 24713069 		.ascii	"$q0i\353\350\316O\226\345iJ\335hFv\335H\326\366NFt\246"
 262      EBE8CE4F 
 262      96E5694A 
 262      DD684676 
 262      DD48D6F6 
 263 0624 DBDDA3FB 		.ascii	"\333\335\243\373<\235\203\360\3049\014\376\014,\360"
 263      3C9D83F0 
 263      C4390CFE 
 263      0C2CF0
 264 0633 44C0D5AD 		.ascii	"D\300\325\255\017\365F\362\036]\214\357\271_xz\362\236"
 264      0FF546F2 
ARM GAS  C:\Users\user\AppData\Local\Temp\ccAmSRdA.s 			page 20


 264      1E5D8CEF 
 264      B95F787A 
 264      F29E
 265 0645 044E7E15 		.ascii	"\004N~\025\311[\004\\\375\276\213\004r8\275\3526\\\334"
 265      C95B045C 
 265      FDBE8B04 
 265      7238BDEA 
 265      365CDC
 266 0658 3290ACF0 		.ascii	"2\220\254\360`W\274\352u\007r\361\256:\230\207\347e"
 266      6057BCEA 
 266      750772F1 
 266      AE3A9887 
 266      E765
 267 066a 87275ED5 		.ascii	"\207'^\325a\221<\0302\345\276#\237\006\313\375\016\207"
 267      61913C18 
 267      32E5BE23 
 267      9F06CBFD 
 267      0E87
 268 067c 85B8B1FF 		.ascii	"\205\270\261\377\337\233\234\236\014\367\227^\227\365"
 268      DF9B9C9E 
 268      0CF7975E 
 268      97F5
 269 068a B70CEAA1 		.ascii	"\267\014\352\241\366M^,\373\262+\011\326\010.\332\371"
 269      F64D5E2C 
 269      FBB22B09 
 269      D6082EDA 
 269      F9
 270 069b 3CCF8F14 		.ascii	"<\317\217\024\262\371A\305\331\343K\006\342\245\306"
 270      B2F941C5 
 270      D9E34B06 
 270      E2A5C6
 271 06aa D54E2F35 		.ascii	"\325N/5\201%\227n)\012\362\244\003\277+.\321f\211\315"
 271      8125976E 
 271      290AF2A4 
 271      03BF2B2E 
 271      D16689CD 
 272 06be B7AF484B 		.ascii	"\267\257HKez\301q\255[\370W\262\223\223mxPY#\216z?\024"
 272      657AC171 
 272      AD5BF857 
 272      B293936D 
 272      78505923 
 273 06d6 AFAC5FB1 		.ascii	"\257\254_\261\311\304O\221{t\270\350\324\263\225fr\204"
 273      C9C44F91 
 273      7B74B8E8 
 273      D4B39566 
 273      7284
 274 06e8 635FDF5B 		.ascii	"c_\337[\321\002\034K\235\252y\264\253\253\377\303=G"
 274      D1021C4B 
 274      9DAA79B4 
 274      ABABFFC3 
 274      3D47
 275 06fa 1687CA0A 		.ascii	"\026\207\312\012\231\235*\027\272\017\366\370\222z\306"
 275      999D2A17 
 275      BA0FF6F8 
 275      927AC6
 276 0709 646ADFD0 		.ascii	"dj\337\320\371\320\023\202\207\003\230\261\024\253\177"
 276      F9D01382 
ARM GAS  C:\Users\user\AppData\Local\Temp\ccAmSRdA.s 			page 21


 276      870398B1 
 276      14AB7F
 277 0718 A824C895 		.ascii	"\250$\310\225\315\260R&\352\037\322<\005\351\237\374"
 277      CDB05226 
 277      EA1FD23C 
 277      05E99FFC 
 278 0728 40BBF9FF 		.ascii	"@\273\371\377\212'\353\0252L\202pvV\301*LO.\263\223"
 278      8A27EB15 
 278      324C8270 
 278      7656C12A 
 278      4C4F2EB3 
 279 073d 270F87D5 		.ascii	"'\017\207\325h(\017SM{\320\340\276\306\312|\037\355"
 279      68280F53 
 279      4D7BD0E0 
 279      BEC6CA7C 
 279      1FED
 280 074f 6002C6BD 		.ascii	"`\002\306\275\014q\3312\365/_\266\250^\262\353\367\251"
 280      0C71D932 
 280      F52F5FB6 
 280      A85EB2EB 
 280      F7A9
 281 0761 A27C6FB3 		.ascii	"\242|o\263\260\221\361^\033\210\336\3312o\265\267\236"
 281      B091F15E 
 281      1B88DED9 
 281      326FB5B7 
 281      9E
 282 0772 7BCDFBB8 		.ascii	"{\315\373\270\217\317;\270O\036\271Ait\341\325\276:"
 282      8FCF3BB8 
 282      4F1EB941 
 282      6974E1D5 
 282      BE3A
 283 0784 A83CD5A5 		.ascii	"\250<\325\245\244M\204\265\262\005\226c\256\360\376"
 283      A44D84B5 
 283      B2059663 
 283      AEF0FE
 284 0793 AE53CDC2 		.ascii	"\256S\315\302\236\031\370_z\235<\0225/\367V\026\372"
 284      9E19F85F 
 284      7A9D3C12 
 284      352FF756 
 284      16FA
 285 07a5 91333CFC 		.ascii	"\2213<\374\3632S\313=\373\362\376\307R]\336\351\015"
 285      F33253CB 
 285      3DFBF2FE 
 285      C7525DDE 
 285      E90D
 286 07b7 B540CB7B 		.ascii	"\265@\313{\2011\357\205,\357\207\357o\3143\221\353\234"
 286      8131EF85 
 286      2CEF87EF 
 286      6FCC3391 
 286      EB9C
 287 07c9 ADE7CAA2 		.ascii	"\255\347\312\242\005\376\202"
 287      05FE82
 288 07d0 AD3E84DF 		.ascii	"\255>\204\337\355\213\370\335\276Hc*22\255gL\347]7r"
 288      ED8BF8DD 
 288      BE48632A 
 288      3232AD67 
 288      4CE75D37 
ARM GAS  C:\Users\user\AppData\Local\Temp\ccAmSRdA.s 			page 22


 289 07e5 4CA49333 		.ascii	"L\244\22335\267\244W\212e\341\243\273\016\017\021\327"
 289      35B7A457 
 289      8A65E1A3 
 289      BB0E0F11 
 289      D7
 290 07f6 E1374F1A 		.ascii	"\3417O\032\337\210+\241\031\305\375\251em\036\375\256"
 290      DF882BA1 
 290      19C5FDA9 
 290      656D1EFD 
 290      AE
 291 0807 9ACDEAAA 		.ascii	"\232\315\352\252)\346\201nY\362\362\212\311\230\304"
 291      29E6816E 
 291      59F2F28A 
 291      C998C4
 292 0816 4D18AD8D 		.ascii	"M\030\255\215,Z[X\2407\253\201\256iy~\300\317\230\226"
 292      2C5A5B58 
 292      A037AB81 
 292      AE69797E 
 292      C0CF9896 
 293 082a 7ED11575 		.ascii	"~\321\025ue\307\007\364\245e\254H\313V\221\026\374\023"
 293      65C707F4 
 293      A565AC48 
 293      CB569116 
 293      FC13
 294 083c A353DD20 		.ascii	"\243S\335 \322\362#K\313\236U9\023\210\342\311f\237"
 294      D2F2234B 
 294      CB9E5539 
 294      1388E2C9 
 294      669F
 295 084e 75377BA5 		.ascii	"u7{\245\227\226\225\035\235ZV\350\037\226\022-\226%"
 295      9796951D 
 295      9D5A56E8 
 295      1F96122D 
 295      9625
 296 0860 C65896B2 		.ascii	"\306X\226\262X.h]\226m\"\331\234\355\300\252\216\205"
 296      582E685D 
 296      966D22D9 
 296      9CEDC0AA 
 296      8E85
 297 0872 9A4F130C 		.ascii	"\232O\023\014>\325\276\345\3236\341\323vy\244\344\351"
 297      3ED5BEE5 
 297      D336E1D3 
 297      7679A4E4 
 297      E9
 298 0883 704E4B8C 		.ascii	"pNK\214szM\375\362o\001\326\2600)\334:>\3226\343\253"
 298      737A4DFD 
 298      F26F01D6 
 298      B03029DC 
 298      3A3ED236 
 299 0899 8848EBAC 		.ascii	"\210H\353\254\270\231q\021\316\224\230\270\244\310h"
 299      B8997111 
 299      CE9498B8 
 299      A4C868
 300 08a8 DA4E7284 		.ascii	"\332Nr\204\215\033\033\232\344\010\235\025\025\037\352"
 300      8D1B1B9A 
 300      E4089D15 
 300      151FEA
ARM GAS  C:\Users\user\AppData\Local\Temp\ccAmSRdA.s 			page 23


 301 08b7 488EA6B5 		.ascii	"H\216\246\265\335\341\014\211\226|\035\316\010gT\262"
 301      DDE10C89 
 301      967C1DCE 
 301      086754B2 
 302 08c7 73527C54 		.ascii	"sR|Tr\202\331nO\211Kt\206\217\261;\377\031=>2\331\231"
 302      7282D96E 
 302      4F894B74 
 302      868FB13B 
 302      FF193D3E 
 303 08de E4E0FA0E 		.ascii	"\344\340\372\016\316\345LJ\212wD~\227\230\022\300Z\001"
 303      CEE54C4A 
 303      8A77447E 
 303      979812C0 
 303      5A01
 304 08f0 A812109B 		.ascii	"\250\022\020\233036&&6&rlHx\300\230\321a\343\376\025"
 304      30333626 
 304      26362672 
 304      6C4878C0 
 304      98D161E3 
 305 0906 1689FD9F 		.ascii	"\026\211\375\237$&%\306~\022\03353.2.1:>%&62!\012\271"
 305      242625C6 
 305      7E121B35 
 305      332E322E 
 305      313A3E25 
 306 0920 126323ED 		.ascii	"\022c#\3551\261\337F\245\304;\355\316\357g\307:BfI^"
 306      31B1DF46 
 306      A5C43BED 
 306      CEEF67C7 
 306      3A426649 
 307 0935 AAD17FFC 		.ascii	"\252\321\177\374\357\215:\276wD\342Lc\320\002Z\362F"
 307      EF8D3ABE 
 307      7744E24C 
 307      63D0025A 
 307      F246
 308 0947 D1199710 		.ascii	"\321\031\227\020kw\216\377\365X%;C\005Kh\364,\252(\334"
 308      6B778EFF 
 308      F558253B 
 308      43054B68 
 308      F42CAA28 
 309 095c F5A1214B 		.ascii	"\365\241!K\232\315#\206\355X\247\332\234*\232\210\260"
 309      9ACD2386 
 309      ED58A7DA 
 309      9C2A9A88 
 309      B0
 310 096d C7C7C7D8 		.ascii	"\307\307\307\330\3430;\323>,)\263\223\222\235\216\320"
 310      E3303BD3 
 310      3E2C29B3 
 310      93929D8E 
 310      D0
 311 097e 8819D3C3 		.ascii	"\210\031\323\303\307\204~\361\305\344\320\031\323\246"
 311      C7847EF1 
 311      C5E4D019 
 311      D3A6
 312 098c FF3B4CA4 		.ascii	"\377;L\244\211r\241]\017\253u\272-\\\376\312f\232<}"
 312      8972A15D 
 312      0FAB75BA 
 312      2D5CFECA 
ARM GAS  C:\Users\user\AppData\Local\Temp\ccAmSRdA.s 			page 24


 312      669A3C7D 
 313 09a0 928D4CB6 		.ascii	"\222\215L\266\332L\237N\236a#V\253\215\330\260L\262"
 313      DA4C9F4E 
 313      9E612356 
 313      AB8DD8B0 
 313      4CB2
 314 09b2 D9C85F22 		.ascii	"\331\310_\"\254\304\372\345\014\223\325:\305\306\360"
 314      ACC4FAE5 
 314      0C93D53A 
 314      C5C6F0
 315 09c1 63D83B8C 		.ascii	"c\330;\214L\231j\223#Ps\332\024\233)b:\242\255\2661"
 315      4C996A93 
 315      235073DA 
 315      149B2962 
 315      3AA2ADB6 
 316 09d6 58C210F9 		.ascii	"X\302\020\371w\333\347\377\215\217\016g\002\315]\\\002"
 316      77DBE7FF 
 316      8D8F0E67 
 316      02CD5D5C 
 316      02
 317 09e7 0F8D10EC 		.ascii	"\017\215\020\354N\213\010\202\203./{\024\215\213\237"
 317      4E8B0882 
 317      832E2F7B 
 317      148D8B9F 
 318 09f7 DDFE6D4A 		.ascii	"\335\376mJb\264\335\0362.\354Oc\275T\311\024=+*\371"
 318      62B4DD1E 
 318      322EEC4F 
 318      63BD54C9 
 318      143D2B2A 
 319 0a0c A33E78D2 		.ascii	"\243>x\322l\216\036\244\366\304\272Q\377s\270:\374\235"
 319      6C8E1EA4 
 319      F6C4BA51 
 319      FF73B83A 
 319      FC9D
 320 0a1e DBE171FF 		.ascii	"\333\341q\377\001\3529(\305"
 320      01EA3928 
 320      C5
 321              		.text
 322              		.section	.gnu.lto_.symtab.79a072d0,"",%progbits
 323 0000 7374496E 		.ascii	"stInit\000"
 323      697400
 324 0007 00       		.ascii	"\000"
 325 0008 00       		.ascii	"\000"
 326 0009 00       		.ascii	"\000"
 327 000a 00000000 		.ascii	"\000\000\000\000\000\000\000\000"
 327      00000000 
 328 0012 AE000000 		.ascii	"\256\000\000\000"
 329 0016 73745374 		.ascii	"stStartAlarm\000"
 329      61727441 
 329      6C61726D 
 329      00
 330 0023 00       		.ascii	"\000"
 331 0024 00       		.ascii	"\000"
 332 0025 00       		.ascii	"\000"
 333 0026 00000000 		.ascii	"\000\000\000\000\000\000\000\000"
 333      00000000 
 334 002e BF000000 		.ascii	"\277\000\000\000"
ARM GAS  C:\Users\user\AppData\Local\Temp\ccAmSRdA.s 			page 25


 335 0032 73745374 		.ascii	"stStopAlarm\000"
 335      6F70416C 
 335      61726D00 
 336 003e 00       		.ascii	"\000"
 337 003f 00       		.ascii	"\000"
 338 0040 00       		.ascii	"\000"
 339 0041 00000000 		.ascii	"\000\000\000\000\000\000\000\000"
 339      00000000 
 340 0049 C1000000 		.ascii	"\301\000\000\000"
 341 004d 73745365 		.ascii	"stSetAlarm\000"
 341      74416C61 
 341      726D00
 342 0058 00       		.ascii	"\000"
 343 0059 00       		.ascii	"\000"
 344 005a 00       		.ascii	"\000"
 345 005b 00000000 		.ascii	"\000\000\000\000\000\000\000\000"
 345      00000000 
 346 0063 C3000000 		.ascii	"\303\000\000\000"
 347 0067 73744765 		.ascii	"stGetAlarm\000"
 347      74416C61 
 347      726D00
 348 0072 00       		.ascii	"\000"
 349 0073 00       		.ascii	"\000"
 350 0074 00       		.ascii	"\000"
 351 0075 00000000 		.ascii	"\000\000\000\000\000\000\000\000"
 351      00000000 
 352 007d C6000000 		.ascii	"\306\000\000\000"
 353 0081 73745F6C 		.ascii	"st_lld_init\000"
 353      6C645F69 
 353      6E697400 
 354 008d 00       		.ascii	"\000"
 355 008e 02       		.ascii	"\002"
 356 008f 00       		.ascii	"\000"
 357 0090 00000000 		.ascii	"\000\000\000\000\000\000\000\000"
 357      00000000 
 358 0098 C8000000 		.ascii	"\310\000\000\000"
 359              		.text
 360              		.section	.gnu.lto_.opts,"",%progbits
 361 0000 272D666D 		.ascii	"'-fmath-errno' '-fsigned-zeros' '-ftrapping-math' '"
 361      6174682D 
 361      6572726E 
 361      6F272027 
 361      2D667369 
 362 0033 2D666E6F 		.ascii	"-fno-trapv' '-fno-openmp' '-fno-openacc' '-mcpu=cor"
 362      2D747261 
 362      70762720 
 362      272D666E 
 362      6F2D6F70 
 363 0066 7465782D 		.ascii	"tex-m4' '-mno-thumb-interwork' '-mthumb' '-ggdb' '-"
 363      6D342720 
 363      272D6D6E 
 363      6F2D7468 
 363      756D622D 
 364 0099 4F322720 		.ascii	"O2' '-fomit-frame-pointer' '-falign-functions=16' '"
 364      272D666F 
 364      6D69742D 
 364      6672616D 
ARM GAS  C:\Users\user\AppData\Local\Temp\ccAmSRdA.s 			page 26


 364      652D706F 
 365 00cc 2D666675 		.ascii	"-ffunction-sections' '-fdata-sections' '-fno-common"
 365      6E637469 
 365      6F6E2D73 
 365      65637469 
 365      6F6E7327 
 366 00ff 2720272D 		.ascii	"' '-flto'\000"
 366      666C746F 
 366      2700
 367              		.text
 368              		.comm	__gnu_lto_v1,1,1
 369              		.comm	__gnu_lto_slim,1,1
 370              		.ident	"GCC: (GNU Tools for ARM Embedded Processors 6-2017-q1-update) 6.3.1 20170215 (release) [AR
ARM GAS  C:\Users\user\AppData\Local\Temp\ccAmSRdA.s 			page 27


DEFINED SYMBOLS
                            *ABS*:00000000 hal_st.c
                            *COM*:00000001 __gnu_lto_v1
                            *COM*:00000001 __gnu_lto_slim

NO UNDEFINED SYMBOLS
