ARM GAS  C:\Users\user\AppData\Local\Temp\ccujIdCh.s 			page 1


   1              		.cpu cortex-m4
   2              		.eabi_attribute 20, 1
   3              		.eabi_attribute 21, 1
   4              		.eabi_attribute 23, 3
   5              		.eabi_attribute 24, 1
   6              		.eabi_attribute 25, 1
   7              		.eabi_attribute 26, 1
   8              		.eabi_attribute 30, 2
   9              		.eabi_attribute 34, 1
  10              		.eabi_attribute 18, 4
  11              		.file	"hal_lld.c"
  12              		.text
  13              	.Ltext0:
  14              		.section	.gnu.lto_.profile.79a076c7,"",%progbits
  15 0000 789C6365 		.ascii	"x\234ce`b`a```d\310\214\003\000\001\260\000\324"
  15      60626061 
  15      60606064 
  15      C88C0300 
  15      01B000D4 
  16              		.text
  17              		.section	.gnu.lto_.icf.79a076c7,"",%progbits
  18 0000 789C6365 		.ascii	"x\234ce`b\020f@\000f\206I\253\377\3530\366\277}\323"
  18      60621066 
  18      40006686 
  18      49ABFFEB 
  18      30F6BF7D 
  19 0015 C7C174E0 		.ascii	"\307\301t\340\366\265\011\354\014\000V\246\010\217"
  19      F6B509EC 
  19      0C0056A6 
  19      088F
  20              		.text
  21              		.section	.gnu.lto_.jmpfuncs.79a076c7,"",%progbits
  22 0000 789C6365 		.ascii	"x\234ce`b\340d@\000&\020\301\010\304\000\001\227\000"
  22      6062E064 
  22      40002610 
  22      C108C400 
  22      019700
  23 0013 14       		.ascii	"\024"
  24              		.text
  25              		.section	.gnu.lto_.inline.79a076c7,"",%progbits
  26 0000 789C6365 		.ascii	"x\234ce`b0d@\000&\006\006\005\015F\006&\213\005\353"
  26      60623064 
  26      40002606 
  26      06050D46 
  26      06268B05 
  27 0015 9919D816 		.ascii	"\231\031\330\026\3103\201\004\031\271@\004\303!\206"
  27      C8338104 
  27      19B94004 
  27      C32186
  28 0024 8D4C40A9 		.ascii	"\215L@\251\272s\337T\340R\014\000\266\260\007\210"
  28      BA73DF54 
  28      E0520C00 
  28      B6B00788 
  29              		.text
  30              		.section	.gnu.lto_.pureconst.79a076c7,"",%progbits
  31 0000 789C6365 		.ascii	"x\234ce`b`e`\000\222R\214R\000\001\005\000D"
  31      60626065 
ARM GAS  C:\Users\user\AppData\Local\Temp\ccujIdCh.s 			page 2


  31      60009252 
  31      8C520001 
  31      050044
  32              		.text
  33              		.section	.gnu.lto_hal_lld_init.79a076c7,"",%progbits
  34 0000 789CA595 		.ascii	"x\234\245\225]H\024Q\024\307\357\231;\373%k+h\272\204"
  34      5D481451 
  34      14C7EF99 
  34      3BFB256B 
  34      2B68BA84 
  35 0014 44AFBE34 		.ascii	"D\257\2764TR\320\203/AD\020A\372(D\332C\202`dA\017\301"
  35      5452D083 
  35      2F414410 
  35      41FA2844 
  35      DA438260 
  36 002c CEE6AA61 		.ascii	"\316\346\252a\364\361P\232\220\315F\204Z\251}\333j\345"
  36      F4F1509A 
  36      90CD4684 
  36      5AA97DDB 
  36      6AE5
  37 003e BA69BA65 		.ascii	"\272i\272ej\226\366\241\246\211\204RR\244P\346W\367"
  37      6A96F6A1 
  37      A6898452 
  37      52A450E6 
  37      57F7
  38 0050 DC3BEEEC 		.ascii	"\334;\356\354\366\222\273\016\354\331\335\231;\277\377"
  38      F692BB0E 
  38      ECD9DD99 
  38      3BBFFF
  39 005f FF9C33F7 		.ascii	"\377\2343\367\214\211H\244\332J\310.BH:\373\200\211"
  39      8C8948A4 
  39      DA4AC82E 
  39      42483AFB 
  39      8089
  40 0071 8074BE9B 		.ascii	"\200t\276\233\020\267U\222h0\203\250qr\207\203\250v"
  40      10B75592 
  40      683083A8 
  40      71728783 
  40      A876
  41 0083 0AB2382D 		.ascii	"\012\2628-\003\340\017\325\012\304%Q\031\\p\216VP\010"
  41      03E00FD5 
  41      0AC42551 
  41      195C708E 
  41      565008
  42 0096 947EF149 		.ascii	"\224~\361Ii\325*;\374\025o-%j\261S\243\204T\262\017"
  42      69D52A3B 
  42      FC156F2D 
  42      256AB153 
  42      A38454B2 
  43 00ab 1E500D69 		.ascii	"\036P\015i\204-\033\273\263x1\336,\213\363P\003f`\337"
  43      842D1BBB 
  43      B37831DE 
  43      2C8BF350 
  43      036660DF 
  44 00bf 0D7DE057 		.ascii	"\015}\340W\027\227JU\177\3275\360\355^/\021\2152#,X"
  44      17974A55 
  44      7FD735F0 
ARM GAS  C:\Users\user\AppData\Local\Temp\ccujIdCh.s 			page 3


  44      ED5E2F11 
  44      8D32232C 
  45 00d4 31D830D8 		.ascii	"1\3300\330180$`H\304\220\204a-\206d\014)\030\234\030"
  45      31383024 
  45      6048C490 
  45      84612D86 
  45      640C2918 
  46 00ea 0829637C 		.ascii	"\010)c|\264y\232J\370M'!\3204\371=\027\025\253\250\304"
  46      B4799A4A 
  46      F84D2721 
  46      D034F93D 
  46      1715ABA8 
  47 00ff 8C941707 		.ascii	"\214\224\027\007z,g\251F%@_\236\252\366/6\361W\375q"
  47      7A2C67A9 
  47      4625405F 
  47      9EAAF62F 
  47      36F157FD 
  48 0114 4A95D9A9 		.ascii	"J\225\331\251\257#s>\223\006Un\226\322\006\215R\270"
  48      AF23733E 
  48      9306556E 
  48      96D2068D 
  48      52B8
  49 0126 01A9500B 		.ascii	"\001\251P\013\251\004\327\377,\357\035\265+u\252\007"
  49      A904D7FF 
  49      2CEF1DB5 
  49      2B75AA07 
  50 0136 3456839B 		.ascii	"4V\203\233\240\301%\236)\334\002\2050\261\031+JEG\251"
  50      A0C1259E 
  50      29DC0285 
  50      30B1192B 
  50      4A4547A9 
  51 014a 3328F5A0 		.ascii	"3(\365\240\260\313\303\235\2657)\232\002Xb\207\003\032"
  51      B0CBC39D 
  51      B537299A 
  51      02586287 
  51      031A
  52 015c D87DD1C3 		.ascii	"\330}\321\303\335xM\206\333\006\376\016\307\207J \003"
  52      DD784D86 
  52      DB06FE0E 
  52      C7874A20 
  52      03
  53 016d 81BB02DD 		.ascii	"\201\273\002\335T;KE\221L\321\231\277\307\351\330M\270"
  53      543B4B45 
  53      914CD199 
  53      BFC7E9D8 
  53      4DB8
  54 017f 1F7B091E 		.ascii	"\037{\011\036\030\224\207\240\254.\337F\203\365\210"
  54      189487A0 
  54      AC2EDF46 
  54      83F588
  55 018e B14209CE 		.ascii	"\261B\011\316\351\011Z\243\263\346\3438\011qM<\301\242"
  55      E9095AA3 
  55      B3E6E338 
  55      09714D3C 
  55      C1A2
  56 01a0 DF252048 		.ascii	"\337% H6\001;\2630\322\032\326\2565\320,$\313m\321\027"
  56      36013BB3 
ARM GAS  C:\Users\user\AppData\Local\Temp\ccujIdCh.s 			page 4


  56      30D21AD6 
  56      AE35D02C 
  56      24CB6DD1 
  57 01b5 E2B1A1F6 		.ascii	"\342\261\241\366\004\024&\021{\035\236\032\250\226\360"
  57      04142611 
  57      7B1D9E1A 
  57      A896F0
  58 01c4 3ACCEB75 		.ascii	":\314\353u\260G\347\314\317q|\373\266\306\336\350\200"
  58      B047E7CC 
  58      CF717CFB 
  58      B6C6DEE8 
  58      80
  59 01d5 4179B6DA 		.ascii	"Ay\266\332F\267\031\254\366\360\004\227\364\004\035"
  59      46B719AC 
  59      F6F00497 
  59      F4041D
  60 01e4 D1597BCE 		.ascii	"\321Y{\316q2\342:\376it\202\200=o\3723m\027\215\306"
  60      7132E23A 
  60      FE697482 
  60      803D6FFA 
  60      336D178D 
  61 01f9 7907D019 		.ascii	"y\007\320\031{\243\203\206\332\013lt\002\367>9\2735"
  61      7BA38386 
  61      DA0B6C74 
  61      02F73E39 
  61      BB35
  62 020b 342C3D7C 		.ascii	"4,=|\246\016\324\230\371\274\254\244\020>G\341%\230"
  62      A60ED498 
  62      F9BCACA4 
  62      103E47E1 
  62      2598
  63 021d D9AD5DE8 		.ascii	"\331\255]\350.1|O\233\370\262\253\013\236z\233\370\253"
  63      2E317C4F 
  63      9BF8B2AB 
  63      0B9E7A9B 
  63      F8AB
  64 022f 8EBAF958 		.ascii	"\216\272\371X\273\3225\324\026\307\2741u3t3_\257t_\335"
  64      BBD235D4 
  64      16C7BC31 
  64      75337433 
  64      5FAF745F 
  65 0244 3D653396 		.ascii	"=e3\226\220\257\036\356\313$\004\240w\271\020U\337\315"
  65      90AF1EEE 
  65      CB2404A0 
  65      77B91055 
  65      DFCD
  66 0256 422C49E8 		.ascii	"B,I\350\325O\264\\\216\323K!\301\353P\035\272x\035V"
  66      D54FB45C 
  66      8ED34B21 
  66      C1EB501D 
  66      BA781D56 
  67 026a A8D517A1 		.ascii	"\250\325\027\241\365\006\313\220$ZxB\210\255\015\253"
  67      F506CB90 
  67      245A7842 
  67      88AD0DAB 
  68 027a 29FCEF71 		.ascii	")\374\357qx\313if\235\326/\234\317\227\324\232\004+"
  68      78CB6966 
ARM GAS  C:\Users\user\AppData\Local\Temp\ccujIdCh.s 			page 5


  68      9DD62F9C 
  68      CF97D49A 
  68      042B
  69 028c 59E0C6AF 		.ascii	"Y\340\306\257\217{m\272q3\0140\3268x\006\237\245\353"
  69      8F7B6DBA 
  69      71330C30 
  69      D6387806 
  69      9FA5EB
  70 029f 8BD88A8A 		.ascii	"\213\330\212\212\251\331u\372\002\031\336\241\030\301"
  70      A9D975FA 
  70      0219DEA1 
  70      18C1
  71 02ad F70925C1 		.ascii	"\367\011%\301\014|\235\314L,f\350i\256\304\2327\007"
  71      0C7C9DCC 
  71      4C2C66E8 
  71      69AEC49A 
  71      3707
  72 02bf BDBD8FF0 		.ascii	"\275\275\217\360\366\201\217\341\033\277\264iY\214a"
  72      F6818FE1 
  72      1BBFB469 
  72      598C61
  73 02ce 95297DD4 		.ascii	"\225)}\324\267\302\304R\364\370\301\010\374\220\276"
  73      B7C2C452 
  73      F4F8C108 
  73      FC90BE
  74 02dd 19D0B56C 		.ascii	"\031\320\265l\274\005\203E\026\221d\312\312;4\314\301"
  74      BC058345 
  74      169164CA 
  74      CA3B34CC 
  74      C1
  75 02ee 161DFC69 		.ascii	"\026\035\374i\271\246 @N\301\272\177\256\271?^\237\177"
  75      B9A62040 
  75      4EC1BA7F 
  75      AEB93F5E 
  75      9F7F
  76 0300 73F8BA1A 		.ascii	"s\370\272\032\211\355q\030\215\020\373\214\217\203\223"
  76      89ED7118 
  76      8D10FB8C 
  76      8F8393
  77 030f 7C85226F 		.ascii	"|\205\"o\343\005\276\243\361\016\237\357\333\240\305"
  77      E305BEA3 
  77      F10E9FEF 
  77      DBA0C5
  78 031e B5A05A35 		.ascii	"\265\240Z5j\251\304\341\006c\340b\257~+\231\202\223"
  78      6AA9C4E1 
  78      0663E062 
  78      AF7E2B99 
  78      8293
  79 0330 DEE90B7C 		.ascii	"\336\351\013|\303\362\216\225\261\015\303rgKv\356\330"
  79      C3F28E95 
  79      B10DC372 
  79      674B76EE 
  79      D8
  80 0341 9EBD2F6B 		.ascii	"\236\275/kof\366\216Cy9y\231G\217\035\314+\310\316\305"
  80      6F66F68E 
  80      43793979 
  80      99478F1D 
ARM GAS  C:\Users\user\AppData\Local\Temp\ccujIdCh.s 			page 6


  80      CC2BC8CE 
  81 0356 DF05859B 		.ascii	"\337\005\205\233\266mU\012\012\225C\007\362\225\303"
  81      B66D550A 
  81      0A954307 
  81      F295C3
  82 0365 05478E16 		.ascii	"\005G\216\026*\231Y{\266l\026qg\372\361\343xe\177~\376"
  82      2A99597B 
  82      B66C1671 
  82      67FAF1E3 
  82      78657F7E 
  83 037a C18DB9E4 		.ascii	"\301\215\271\344/>\360\337\203"
  83      2F3EF0DF 
  83      83
  84              		.text
  85              		.section	.gnu.lto_stm32_clock_init.79a076c7,"",%progbits
  86 0000 789CA557 		.ascii	"x\234\245W[L\024W\030>\377\314^f\357\313\302\302R\211"
  86      5B4C1457 
  86      183EFFCC 
  86      5E66EFCB 
  86      C2C25289 
  87 0014 6234F1DE 		.ascii	"b4\361\336\265\326\264\246o\304\304\364\245mR\215O6"
  87      B5D6B4A6 
  87      6FC4C4F4 
  87      A56D528D 
  87      4F36
  88 0026 4DAB0FD2 		.ascii	"M\253\017\322\330\320T\333\370\346\000\273`\301xI\250"
  88      D8D054DB 
  88      F8E600BB 
  88      60C17849 
  88      A8
  89 0037 52532EAD 		.ascii	"RS.\255\261J\213\"\326\033^W\204\256 \202X\265\002\336"
  89      B14A8B22 
  89      D61B5E57 
  89      84AE2082 
  89      58B502DE 
  90 004b 2B0ADEB0 		.ascii	"+\012\336\260\212\210\212n\317\177\316\331\235\355\232"
  90      8A888A6E 
  90      CF7FCED9 
  90      9DED9A
  91 005a A69D751F 		.ascii	"\246\235u\037\2763s\316\314\367\177\377\345\374s\326"
  91      BE3373CE 
  91      CCF77FFF 
  91      E5FC73D6 
  92 006a 4824F2B9 		.ascii	"H$\362\271\213\220w\011!\357\003!\220I@Z\333NH\276\""
  92      8B907709 
  92      21EF0321 
  92      9049405A 
  92      DB4E48BE 
  93 007f 81CC2F64 		.ascii	"\201\314/d\311\267*L\210j5\004\314D\265\373\370|\216"
  93      C9B72A4C 
  93      886A3504 
  93      CC44B5FB 
  93      F87C8E
  94 0092 018C7CDD 		.ascii	"\001\214|\335(e\360u\023[\317\340\3639&0\363u\263\224"
  94      2865F075 
  94      135BCFE0 
  94      F3392630 
ARM GAS  C:\Users\user\AppData\Local\Temp\ccujIdCh.s 			page 7


  94      F375B394 
  95 00a6 CED715B6 		.ascii	"\316\327\025\266\236\316\347s\024\260\360u\213\344\345"
  95      9ECEE773 
  95      14B0F075 
  95      8BE4E5
  96 00b5 EB56B6EE 		.ascii	"\353V\266\356\345\3639V\360\340\010\036)\215/\333\330"
  96      E5F33956 
  96      F0E0081E 
  96      298D2FDB 
  96      D8
  97 00c6 721A9FCE 		.ascii	"r\032\237\316\261I\366\373^:\353\254\236Eg\355\222#"
  97      B149F6FB 
  97      5E3AEBAC 
  97      9E4567ED 
  97      9223
  98 00d8 EECE012E 		.ascii	"\356\316\001.N\355\214^\270\300\315/\334R*gKal\251|"
  98      4EED8C5E 
  98      B8C0CD2F 
  98      DC522A67 
  98      4B616CA9 
  99 00ed 3E270500 		.ascii	">'\005\000GU\001\262B\222}\006c\206\311\234\256X\274"
  99      475501B2 
  99      42927D06 
  99      6386C99C 
  99      AE58BC
 100 0100 564F9ACD 		.ascii	"VO\232\315\356p\272\334\251)\260\302,\023\3763\212\321"
 100      EE70BADC 
 100      A929B0C2 
 100      2C13FE33 
 100      8AD1
 101 0112 2C468B18 		.ascii	",F\213\030=bt\213q\215\274A\206\306\342\033\015\322"
 101      3D62748B 
 101      718DBC41 
 101      86C6E21B 
 101      0DD2
 102 0124 A42D2AFD 		.ascii	"\244-*\375\2056t[\213\324\240\257\212\022}'\310`\013"
 102      8536745B 
 102      8BD4A0AF 
 102      8A127D27 
 102      C8600B
 103 0137 4C22F4B1 		.ascii	"L\"\364\261k\365/\276u\230\014|\036\266\202\211f\203"
 103      6BF52FBE 
 103      75980C7C 
 103      1EB68289 
 103      6683
 104 0149 D49D8690 		.ascii	"\324\235\206\220\372\"R\254\206\356l\202u\363g\030I"
 104      FA2252AC 
 104      86EE6C82 
 104      75F36718 
 104      49
 105 015a 950C2604 		.ascii	"\225\014&\004\005\301\202`E\260!8\020\\\010n\204\024"
 105      05C18260 
 105      45B02138 
 105      105C086E 
 105      8414
 106 016c 040F8217 		.ascii	"\004\017\202\027!\035\301\207\220\2110\012!\013a4\302"
 106      211DC187 
ARM GAS  C:\Users\user\AppData\Local\Temp\ccujIdCh.s 			page 8


 106      9089300A 
 106      210B6134 
 106      C2
 107 017d 18846C84 		.ascii	"\030\204l\204\261\010\343\020\306#L@\230\2100\031a\012"
 107      B108E310 
 107      C6234C40 
 107      98883019 
 107      610A
 108 018f C2548469 		.ascii	"\302T\204i\010~\204\351\010\204\224P\3454\250\245\262"
 108      087E84E9 
 108      08849450 
 108      E534A8A5 
 108      B2
 109 01a0 4407B91F 		.ascii	"D\007\271\037\032\007\373\016\006\255\350\012uo}\260"
 109      1A07FB0E 
 109      06ADE80A 
 109      756F7DB0 
 110 01b0 B1C3BC5A 		.ascii	"\261\303\274Z\256\222%@o\003\025\3157,\374V\275\277"
 110      AE922540 
 110      6F0315CD 
 110      372CFC56 
 110      BDBF
 111 01c2 5235D0A9 		.ascii	"R5\320\251\333\227\2375\030\253\240\"\237\006\252\372"
 111      DB979F35 
 111      18ABA022 
 111      9F06AAFA 
 112 01d2 B52A5986 		.ascii	"\265*Y\206\237!\013j\250F|\341\301\372SW\354\376mj "
 112      9F210B6A 
 112      A8467CE1 
 112      C1FA5357 
 112      ECFE6D6A 
 113 01e7 5FCDAE92 		.ascii	"_\315\256\222\015\360\013TA9\013!\324\202\237>\260\367"
 113      0DF00B54 
 113      41390B21 
 113      D4829F3E 
 113      B0F7
 114 01f9 ECC65623 		.ascii	"\354\306V#2\032\000C\015\260\215\276\311D\264\364\232"
 114      321A0043 
 114      0DB08DBE 
 114      C944B4F4 
 114      9A
 115 020a 12451899 		.ascii	"\022E\030\231\210\037\236\007\266[\370\255z%\237\211"
 115      881F9E07 
 115      B65BF8AD 
 115      7A259F89 
 116 021a A86CBBD0 		.ascii	"\250l\273\320d\215\023a\202:*b\273\020\321\336Q2h\216"
 116      648D1361 
 116      823A2A62 
 116      BB10D1DE 
 116      5132688E 
 117 022e 13B18389 		.ascii	"\023\261\203\211\300DA=\0231T\363\350\200#*B\202\235"
 117      C044413D 
 117      133154F3 
 117      E880232A 
 117      42829D
 118 0241 5CC2FEFE 		.ascii	"\\\302\376\376\363\\B\205lLp4\373_\375\004$\371\225"
 118      F35C4285 
ARM GAS  C:\Users\user\AppData\Local\Temp\ccujIdCh.s 			page 9


 118      6C4C7034 
 118      FB5FFD04 
 118      24F995
 119 0254 1990D0C0 		.ascii	"\031\220\320\300.\032\353~(\034.\002\316$\310v5\205"
 119      2E1AEB7E 
 119      281C2E02 
 119      CE24C876 
 119      3585
 120 0266 8B14B408 		.ascii	"\213\024\264\010\364\267\233\333[o\021\376\352\260\264"
 120      F4B79BDB 
 120      5B6F11FE 
 120      EAB0B4
 121 0275 47B3B417 		.ascii	"G\263\264\027\374\224\236^\225\3122\241\273Bf.t\365"
 121      FC949E5E 
 121      95CA32A1 
 121      BB42662E 
 121      74F5
 122 0287 9AB961E5 		.ascii	"\232\271a\345\177\023\213(\355\323\250\033\270\023#"
 122      7F138B28 
 122      EDD3A81B 
 122      B81323
 123 0296 452D464E 		.ascii	"E-FNf\341|\315\221\307!\027\367B\202\375\224\347:\004"
 123      66E17CCD 
 123      91C72117 
 123      F74282FD 
 123      94E73A04 
 124 02aa BA8FB509 		.ascii	"\272\217\265\011W-\364\211\272;\015O\034\374\011\002"
 124      572DF489 
 124      BA3B0D4F 
 124      1CFC0902 
 125 02ba 07D012C1 		.ascii	"\007\320\022\301\212\363\021\272\233\241T6\210\222\333"
 125      8AF311BA 
 125      9BA15436 
 125      8892DB
 126 02c9 DF7F79B3 		.ascii	"\337\177y\263\320i\325\027\200\203L%\333|\207\242*\205"
 126      D069D517 
 126      80834C25 
 126      DB7C87A2 
 126      2A85
 127 02db 7D1B273B 		.ascii	"}\033';<\024\374\232+\030\211D\".8\234|\264\217h\306"
 127      3C14FC9A 
 127      2B188944 
 127      222E389C 
 127      7CB48F68 
 128 02f0 42186D1B 		.ascii	"B\030m\033+\223\232>\021\025\207>\266\243\032[#\223"
 128      2B939A3E 
 128      1115873E 
 128      B6A31A5B 
 128      2393
 129 0302 9E94A663 		.ascii	"\236\224\246c\032K\023jr\260\0120j\025\320\337,\"\353"
 129      1A4B136A 
 129      72B00A30 
 129      6A15D0DF 
 129      2C22EB
 130 0315 D25B01CD 		.ascii	"\322[\001\315\032\365o\321\330v\011_\335\234\357Y_Y"
 130      1AF56FD1 
 130      D876095F 
ARM GAS  C:\Users\user\AppData\Local\Temp\ccujIdCh.s 			page 10


 130      DD9CEF59 
 130      5F59
 131 0327 17F0E8DA 		.ascii	"\027\360\350\332!\314+\240'V\001\356\270\224g\210\224"
 131      21CC2BA0 
 131      275601EE 
 131      B8946788 
 131      94
 132 0338 9B6229BF 		.ascii	"\233b)\277\033\335])\372<>\256\025fKB\312=\234\254\256"
 132      1BDD5D29 
 132      FA3C3EAE 
 132      15664B42 
 132      CA3D9CAC 
 133 034d 251816AA 		.ascii	"%\030\026\252\236\000\264&\237\360\023\232\2516\014"
 133      9E00B426 
 133      9FF0139A 
 133      A9360C
 134 035c AE87B7A6 		.ascii	"\256\207\267\246{\274Xuw\277\223Z@\333Y\343\211u6\003"
 134      7BBC5875 
 134      77BF935A 
 134      40DB59E3 
 134      89753603 
 135 0370 DD1E1DD1 		.ascii	"\335\036\035\321\266\263\246Xd\314\253O\355)Fo@\372"
 135      B6B3A658 
 135      64CCAB4F 
 135      ED29466F 
 135      40FA
 136 0382 CE84B693 		.ascii	"\316\204\266\223N\311^\245\317\234\326\250\177\307@"
 136      4EC95EA5 
 136      CF9CD6A8 
 136      7FC740
 137 0391 A4B32A33 		.ascii	"\244\263*3kUV\036\026\232}z\253\354\214F}6\261\317d"
 137      6B55561E 
 137      169A7D7A 
 137      ABEC8C46 
 137      7D36B1CF 
 138 03a6 52BE971B 		.ascii	"R\276\227\033Kf\\Y\245\213\262Rb\037\257\312bkR\311"
 138      4B665C59 
 138      A58BB252 
 138      621FAFCA 
 138      626B52C9 
 139 03ba 39C774E0 		.ascii	"9\307t\340\031\001\376`\311i\335|\361G\361UX\27358\013"
 139      1901FE60 
 139      C969DD7C 
 139      F147F155 
 139      58BB3538 
 140 03cf CE47F3B3 		.ascii	"\316G\363\263\365\246(\334Q\372\202\330\245USwB~\262"
 140      F5A628DC 
 140      51FA82D8 
 140      A5555377 
 140      427EB2
 141 03e2 385967EF 		.ascii	"8Yg\357\323\016\013/\\J\247@O\362\031\273\240\031\273"
 141      D30E0B2F 
 141      5C4AA740 
 141      4FF219BB 
 141      A019BB
 142 03f5 8819CB62 		.ascii	"\210\031\313b\031\263h\031\253\215flt\302\0074\373\277"
 142      19B36819 
ARM GAS  C:\Users\user\AppData\Local\Temp\ccujIdCh.s 			page 11


 142      AB8D666C 
 142      74C20734 
 142      FBBF
 143 0407 BE9F9718 		.ascii	"\276\237\227\0305~j\340rb\306\306p\276\236\326}g\314"
 143      357E6AE0 
 143      7262C6C6 
 143      70BE9ED6 
 143      7D67CC
 144 041a 514700AE 		.ascii	"QG\000\256$\246pL\\\012\275,\205%\262\025SXJ\367\030"
 144      24A6704C 
 144      5C0ABD2C 
 144      8525B215 
 144      53584AF7 
 145 042f 95084C62 		.ascii	"\225\010Lb\333M!1[oQ]\325\274\277\226(q,\347;\021Y5"
 145      DB4D2131 
 145      5B6F515D 
 145      D5BCBF96 
 145      28712CE7 
 146 0447 608CC5DA 		.ascii	"`\214\305\332\015\177&j\034\033\2471M\224\231-Vf\221"
 146      0D7F266A 
 146      1C1BA731 
 146      4D94992D 
 146      566691
 147 045a 2DC9F580 		.ascii	"-\311\365\200\353Z\017\350ee\266k\240R\265\212\303G"
 147      EB5A0FE8 
 147      6565B66B 
 147      A052B58A 
 147      C347
 148 046c 7575930C 		.ascii	"uu\223\0147\242u\326\323\"\334\037\027\337*\314\354"
 148      37A275D6 
 148      D322DC1F 
 148      17DF2ACC 
 148      EC
 149 047d 10545278 		.ascii	"\020TRxt\247\302o\325\320Z\325I\247N]\332w..\207\012"
 149      74A7C26F 
 149      D5D05AD5 
 149      49A74E5D 
 149      DA772E2E 
 150 0493 F4511937 		.ascii	"\364Q\0317\205\214=\017\037\254\211\227\321\317d\340"
 150      858C3D0F 
 150      1FAC8997 
 150      D1CF64E0 
 151 04a3 49186ED1 		.ascii	"I\030n\321\0001\307gj\326:W\037?)j\177\335\361|z&\272"
 151      0031C767 
 151      6AD63A57 
 151      1F3F296A 
 151      7FDDF17C 
 152 04ba 2D42512A 		.ascii	"-BQ*\333\311\010\260\012j\371\210??>^\235\205\251\313"
 152      DBC908B0 
 152      0A6AF988 
 152      3F3F3E5E 
 152      9D85A9CB 
 153 04ce 6F385866 		.ascii	"o8Xf\344\267jw!S\327Y^pU\321\324Y\341.UwG\250\273\325"
 153      E4B76A77 
 153      2153D759 
 153      5E7055D1 
 153      D459E12E 
ARM GAS  C:\Users\user\AppData\Local\Temp\ccujIdCh.s 			page 12


 154 04e8 FED3111B 		.ascii	"\376\323\021\033UW\306\324\331\340\036S\247\240\272"
 154      5557C6D4 
 154      D9E01E53 
 154      A7A0BA
 155 04f7 81A8BA41 		.ascii	"\201\250\272A\203f.\364\274r\267\023\371mp4pd\245\001"
 155      83662EF4 
 155      BC72B713 
 155      F96D7034 
 155      7064A501 
 156 050b EEC7E439 		.ascii	"\356\307\3449H\230\360\014]\370\346\245S\254\235\251"
 156      4898F00C 
 156      5DF8E6A5 
 156      53AC9DA9 
 157 051b EBDB117E 		.ascii	"\353\333\021~\352\340\267\3520?\305\206\313\325\372"
 157      EAE0B7EA 
 157      303FC586 
 157      CBD5FA
 158 052a D801F233 		.ascii	"\330\001\3623z0v\300\003\252\357/\241/0\024.3\305E\357"
 158      7A3076C0 
 158      03AAEF2F 
 158      A12F3014 
 158      2E33C545 
 159 053f 21D387FF 		.ascii	"!\323\207\377\037`\220%q{}m\205\211\307\253@\202G\300"
 159      1F609025 
 159      717B7D6D 
 159      8589C7AB 
 159      408247C0 
 160 0553 779B931C 		.ascii	"w\233\223\0342q-\227bZtZ\032\322,=f\226\276\277\370"
 160      32712D97 
 160      625A745A 
 160      1AD22C3D 
 160      6696BEBF 
 161 0568 B05D1696 		.ascii	"\260]\026\226\2340,,\271b_\325\201\032Q4\023\364\365"
 161      9C302C2C 
 161      B9625FD5 
 161      811A5134 
 161      13F4F5
 162 057b 8B275A5D 		.ascii	"\213'Z]>MhN\023)\031\353\302I\266\242g\032\365\010\266"
 162      3E4D684E 
 162      132919EB 
 162      C249B6A2 
 162      671AF508 
 163 0590 A2894CB2 		.ascii	"\242\211L\262[kE\303\321B\237\254w\237?\327\250_$\036"
 163      5B6B45C3 
 163      D1429FAC 
 163      779F3FD7 
 163      A85F241E 
 164 05a4 51A650BE 		.ascii	"Q\246P\276\227\317$S(\313\306\003\203\255b\353+\020"
 164      97CF2453 
 164      28CBC603 
 164      83AD62EB 
 164      2B10
 165 05b6 896DF254 		.ascii	"\211m\362T\261\311Sb\301\214\344\362\227\246\352sX\225"
 165      B1C95362 
 165      C18CE4F2 
 165      97A6EA73 
 165      5895
ARM GAS  C:\Users\user\AppData\Local\Temp\ccujIdCh.s 			page 13


 166 05c8 50951555 		.ascii	"P\225\025U\345K\377\214\3454J\306\332a\222\261,\320"
 166      E54BFF8C 
 166      E5344AC6 
 166      DA6192B1 
 166      2CD0
 167 05da A80B251A 		.ascii	"\250\013%\032\313i\254UX8\271_\037W\200q\331\220+\230"
 167      CB69AC55 
 167      5838B95F 
 167      1F578071 
 167      D9902B98 
 168 05ee 20733A25 		.ascii	" s:%{\025\231E\032u1\312\234N\356BA\365\246ZF/\302\015"
 168      7B159945 
 168      1A7531CA 
 168      9C4EEE42 
 168      41F5A65A 
 169 0606 34CCB443 		.ascii	"4\314\264C\317\231\375\316\202\017\347}0w\301\354\305"
 169      CF99FDCE 
 169      820FE77D 
 169      3077C1EC 
 169      C5
 170 0617 B99FE6CE 		.ascii	"\271\237\346\316]\366\325\242\334\274\005\013\361:o"
 170      5DF6D5A2 
 170      DCBC050B 
 170      F13A6F
 171 0626 E91B6FBF 		.ascii	"\351\033o\277\345\317[\352_\374\311\022\377\027y_.["
 171      E5CF5BEA 
 171      5FFCC912 
 171      FF17795F 
 171      2E5B
 172 0638 EA9F3BEF 		.ascii	"\352\237;\357\2757gp\2343s\371r\\\371x\311\222E\257"
 172      BD376770 
 172      9C3373F9 
 172      725CF978 
 172      C99245AF 
 173 064c 2F247F03 		.ascii	"/$\177\003X\301(\036"
 173      58C1281E 
 174              		.text
 175              		.section	.gnu.lto_.symbol_nodes.79a076c7,"",%progbits
 176 0000 789C6365 		.ascii	"x\234ce`b\360`\000\002\246\351L\365\014\014\023\316"
 176      6062F060 
 176      0002A6E9 
 176      4CF50C0C 
 176      13CE
 177 0012 313000A9 		.ascii	"10\000\251]\015\216@\221\031L\365\214(\"\254S\231\030"
 177      5D0D8E40 
 177      91194CF5 
 177      8C2822AC 
 177      539918
 178 0025 1A95808A 		.ascii	"\032\225\200\212\031g2\3253\201\245\030\030\032\032"
 178      196732D5 
 178      3381A518 
 178      181A1A
 179 0034 1C181898 		.ascii	"\034\030\030\230\201\260\245\377\215<\003\000m'\020"
 179      81B0A5FF 
 179      8D3C0300 
 179      6D2710
 180 0043 54       		.ascii	"T"
ARM GAS  C:\Users\user\AppData\Local\Temp\ccujIdCh.s 			page 14


 181              		.text
 182              		.section	.gnu.lto_.refs.79a076c7,"",%progbits
 183 0000 789C6365 		.ascii	"x\234ce`b`d\000\002\000\000I\000\011"
 183      60626064 
 183      00020000 
 183      490009
 184              		.text
 185              		.section	.gnu.lto_.decls.79a076c7,"",%progbits
 186 0000 789CCD59 		.ascii	"x\234\315Y\013PTW\232\356sOC\323\015b\012\254lj\206"
 186      0B505457 
 186      9AEE734F 
 186      43D30D62 
 186      0AAC6C6A 
 187 0015 DD615DB3 		.ascii	"\335a]\263a\267jD0\223Le\037\025l$0\243\211\325m\262"
 187      61B76A44 
 187      30934C65 
 187      1F156C24 
 187      30A389D5 
 188 002b 33536418 		.ascii	"3Sd\030\004\262R\021\310\010n%U\273;W\036\212\306\007"
 188      04B25211 
 188      C8086E25 
 188      55BB3B57 
 188      1E8AC607 
 189 003f A0C480A2 		.ascii	"\240\304\200\242\210\370  \242(\017\001m\036\"\264\212"
 189      88F82020 
 189      A2280F01 
 189      6D1E22B4 
 189      8A
 190 0050 061FBC5F 		.ascii	"\006\037\274_\212HP\011\202\370@\"\373\237s\356\345"
 190      8A485009 
 190      82F84022 
 190      FB9F73EE 
 190      E5
 191 0061 9EBEDD4E 		.ascii	"\236\276\335N\234\252\255\255\355\342\277\367\376\367"
 191      9CAAADAD 
 191      EDE2BFF7 
 191      FEF7
 192 006f 7CE77F9D 		.ascii	"|\347\177\235\377<\376\213\223F\320\234\373\231F\363"
 192      FF3CFE8B 
 192      9346D09C 
 192      FB9946F3 
 193 007f 1BAD46B3 		.ascii	"\033\255F\263\010i43\360\303\032\215\346\250F\371\021"
 193      08693433 
 193      F0C31A8D 
 193      E6A846F9 
 193      11
 194 0090 BE18A804 		.ascii	"\276\030\250\004\350\004\020\3004g5\266\277\217\341"
 194      E80410C0 
 194      346735B6 
 194      BF8FE1
 195 009f A51EEE1F 		.ascii	"\245\036\356\037\001\275\001\3647\300\3775P#<\377=\334"
 195      01BD01F4 
 195      37C0FF35 
 195      50233CFF 
 195      3DDC
 196 00b1 5F077A03 		.ascii	"_\007z\0031\271.@s\341y\036\320O\200\246\2017\300}>"
 196      31B92E40 
ARM GAS  C:\Users\user\AppData\Local\Temp\ccujIdCh.s 			page 15


 196      73E1791E 
 196      D04F80A6 
 196      8137C07D 
 197 00c6 90139037 		.ascii	"\220\023\2207Rt\376\003b:\325\277px\357\376#\372\336"
 197      5274FE03 
 197      623AD5BF 
 197      7078EFFE 
 197      23FADE
 198 00d9 067A0B28 		.ascii	"\006z\013(\021H\004\372\027\240]@\231@n\234\316W\201"
 198      114804FA 
 198      17A05D40 
 198      99406E9C 
 198      CE5781
 199 00ec 04623FD1 		.ascii	"\004b?\321+\351\367\007\372#P\006\320\024`\237K~\227"
 199      2BE9F707 
 199      FA235006 
 199      D014609F 
 199      4B7E97
 200 00ff 38B06517 		.ascii	"8\260e\027Fe[\033j\204^\324\215\004\200\275B\337\"\304"
 200      46655B1B 
 200      6A845ED4 
 200      8D0480BD 
 200      42DF22C4 
 201 0113 AE881265 		.ascii	"\256\210\022eg\344\037B\364=\274\025\350\225\001\351"
 201      67E41F42 
 201      F43DBC15 
 201      E89501E9 
 202 0123 2B24F790 		.ascii	"+$\367\220xAb\005I$\375\223:#N\"kf\232\344\037\263\231"
 202      78416205 
 202      4924FD93 
 202      3A234E22 
 202      6B669AE4 
 203 013a 3DD06E72 		.ascii	"=\320nro$(\012\020\342;p\002\231\331R\373\254}\032\305"
 203      6F24280A 
 203      10E23B70 
 203      0299D952 
 203      FBAC7D1A 
 204 014f 39247BFF 		.ascii	"9${\377 \353\342\220\241\017\365\220\267\271\357\"\372"
 204      20EBE290 
 204      A10FF590 
 204      B7B9EF22 
 204      FA
 205 0160 2E6BEFF6 		.ascii	".k\357\366\022\214!\254\360\334\367\364H\320\302\"\221"
 205      128C21AC 
 205      F0DCF7F4 
 205      48D0C222 
 205      91
 206 0171 FD5C7EA6 		.ascii	"\375\\~\246\204\355\334\314c\313\334m\030y\030\220\000"
 206      84EDDCCC 
 206      63CBDC6D 
 206      18791890 
 206      00
 207 0182 6CEBD8C5 		.ascii	"l\353\330\305\034W`\347\031\320+\300>Y\177\275\326\360"
 207      1C5760E7 
 207      19D02BC0 
 207      3E597FBD 
 207      D6F0
ARM GAS  C:\Users\user\AppData\Local\Temp\ccujIdCh.s 			page 16


 208 0194 DA57B457 		.ascii	"\332W\264W\222\370\212\200>z\025\025!/T\210\274@\371"
 208      92F88A80 
 208      3E7A1515 
 208      212F5488 
 208      BC40F9
 209 01a7 51F41A5C 		.ascii	"Q\364\032\\Wi\231\244\365\035\007\263\265\363s\305\334"
 209      576999A4 
 209      F51D07B3 
 209      B5F373C5 
 209      DC
 210 01b8 7ED172BE 		.ascii	"~\321r\276\376\235\201\023\242\230\002\335\264\004\206"
 210      FE9D8113 
 210      A29802DD 
 210      B40486
 211 01c7 0A1046DF 		.ascii	"\012\020F\337\240\205\304dx\204\353\021\324\207\320"
 211      A085C464 
 211      7884EB11 
 211      D487D0
 212 01d6 61D40B0E 		.ascii	"a\324\013\016\025\243\371\320]\034\256\352\236\213\303"
 212      15A3F9D0 
 212      5D1CAEEA 
 212      9E8BC3
 213 01e5 A8B51B8F 		.ascii	"\250\265\033\217\366\037q\223D\215\374c\226hI\004A\002"
 213      F61F7193 
 213      448DFC63 
 213      96684904 
 213      4102
 214 01f7 15744C11 		.ascii	"\025tL\021tL-\250\204\012j\276S\327\213\361gT\320\215"
 214      744C2DA8 
 214      840A6ABE 
 214      53D78BF1 
 214      6754D08D 
 215 020b 82E2AF89 		.ascii	"\202\342\257\211M\375\"\330\264\317\2730\251q\213\270"
 215      4DFD22D8 
 215      B4CFBB30 
 215      A9718BB8 
 216 021b 1F51CBD1 		.ascii	"\037Q\313\321qE\322q\"\211<\234\240\022z\232\012\012"
 216      7145D271 
 216      22893C9C 
 216      A0127A9A 
 216      0A0A
 217 022d 3104E10D 		.ascii	"1\004\341\015\003\"\3430\027^\035\273W\371t\016{E\344"
 217      0322E330 
 217      175E1DBB 
 217      57F9740E 
 217      7B45E4
 218 0240 B66E1FCF 		.ascii	"\266n\037\317\327\341ZD\231o\223K\366`\026B-\031\212"
 218      D7E15A44 
 218      996F934B 
 218      F6601642 
 218      2D198A
 219 0253 4BD9B7DC 		.ascii	"K\331\267\334Y\010\275wa!\313\332V\247E>\206C$\206\226"
 219      5908BD77 
 219      6121CBDA 
 219      56A7453E 
 219      86432486 
 220 0268 3B95FF9A 		.ascii	";\225\377\2325.\212\336\250\022\031\320)\305\2027\014"
ARM GAS  C:\Users\user\AppData\Local\Temp\ccujIdCh.s 			page 17


 220      352E8ADE 
 220      A81219D0 
 220      29C58237 
 220      0C
 221 0279 704D15C5 		.ascii	"pM\025\305D1-I\324\007kP9D\271\014\242\214*\220\017"
 221      44312D49 
 221      D4076B50 
 221      3944B90C 
 221      A28C2A90 
 222 028e D14A70E8 		.ascii	"\321Jp\350$\274,\205\227\240\245 ?=\317\031W\320\321"
 222      24BC2C85 
 222      97A0A520 
 222      3F3DCF19 
 222      57D0D1
 223 02a1 151ACF74 		.ascii	"\025\032\317t\265k\221\301\307\241\200j\007\002\230"
 223      B56B91C1 
 223      C7A1806A 
 223      070298
 224 02b0 3197DBE7 		.ascii	"1\227\333\3477\246\220\300V\2011\247\025c\30066\244"
 224      37A690C0 
 224      568131A7 
 224      1563C036 
 224      36A4
 225 02c2 D7F3BFCF 		.ascii	"\327\363\277\317\321\203+\244]\234\332\340\003\257J"
 225      D1832BA4 
 225      5D9CDAE0 
 225      03AF4A
 226 02d1 F26FFF1D 		.ascii	"\362o\377\035\316\303\324\361\2073\3733]_? \346\326"
 226      CEC3D4F1 
 226      8733FB33 
 226      5D5F3F20 
 226      E6D6
 227 02e3 41746F79 		.ascii	"Atoyf\303\210\353)\366\014\2235k\203\206\276\251!\326"
 227      66C388EB 
 227      29F60C93 
 227      356B8386 
 227      BEA921D6 
 228 02f7 9C45AF43 		.ascii	"\234E\257C\317\242K\347\273\245\220\245\"\340\247\217"
 228      CFA24BE7 
 228      BBA590A5 
 228      22E0A78F 
 229 0307 0CBD8A4F 		.ascii	"\014\275\212O0\251\233\313\256\366j\015\251\304B\352"
 229      30A99BCB 
 229      AEF66A0D 
 229      A9C442EA 
 230 0317 0A012982 		.ascii	"\012\001)\202\352\210m\310\327\013\376\010x\360rI\351"
 230      EA886DC8 
 230      D70BFE08 
 230      78F07249 
 230      E9
 231 0328 5C8F3409 		.ascii	"\\\2174\011\354\255\245\352\025t=\362\220\373\3205b"
 231      ECADA5EA 
 231      15743DF2 
 231      90FBD035 
 231      62
 232 0339 A8B9D1C0 		.ascii	"\250\271\321\300\324\212Dm~E\3774\302\325Loj\321\266"
 232      D48A446D 
ARM GAS  C:\Users\user\AppData\Local\Temp\ccujIdCh.s 			page 18


 232      7E45FF34 
 232      C2D54C6F 
 232      6AD1B6
 233 034c 7A4CF426 		.ascii	"zL\364&\275T\010\241\207\245q\313}\204\317K\335\007"
 233      BD5408A1 
 233      87A571CB 
 233      7D84CF4B 
 233      DD07
 234 035e 365E9564 		.ascii	"6^\225d?!|v\325C\253\023\343]\200-\037-,\237\303\262"
 234      3F217C76 
 234      D543AB13 
 234      E35D802D 
 234      1F2D2C9F 
 235 0374 C2429A67 		.ascii	"\302B\232g\352\036\267\317\301\227^\306\345\213\262"
 235      EA1EB7CF 
 235      C1975EC6 
 235      E58BB2
 236 0383 CB8BA8D6 		.ascii	"\313\213\250\326\314\232\314S\356\222\313\242\354\262"
 236      CC9ACC53 
 236      EE92CBA2 
 236      ECB2
 237 0391 15D0CD14 		.ascii	"\025\320\315\024}\211\272|Qvy\346\273\216\003zf\306"
 237      7D89BA7C 
 237      517679E6 
 237      BB8E037A 
 237      66C6
 238 03a3 18E17755 		.ascii	"\030\341wU\336\034s\307mLoz\375\344\204+\356bLw\336"
 238      DE1C73C7 
 238      6D4C6F7A 
 238      FDE4842B 
 238      EE624C77 
 239 03b8 CE835A86 		.ascii	"\316\203Z\206\034&|\316\364t\262\026\367\263\306\304"
 239      1C267CCE 
 239      F474B216 
 239      F7B3C6C4 
 240 03c8 AA8E7469 		.ascii	"\252\216ti\231\350\247\023 qG\2763\036a\215\317F\017"
 240      99E8A713 
 240      207147BE 
 240      331E618D 
 240      CF460F
 241 03db 8F39E387 		.ascii	"\2179\343\207\214)\037\310<+)l'|\375\304\236\007n\370"
 241      8C291FC8 
 241      3C2B296C 
 241      277CFDC4 
 241      9E076EF8 
 242 03ef 396B4CC9 		.ascii	"9kL\311\277\266E\207S\265\224\271:\264?\331\215!\257"
 242      BFB64587 
 242      53B594B9 
 242      3AB43FD9 
 242      8D21AF
 243 0402 107EA26B 		.ascii	"\020~\242kk\243\033\316`\215\015M\267\256\272\340=\214"
 243      6BA31BCE 
 243      608D0D4D 
 243      B7AEBAE0 
 243      3D8C
 244 0414 F9F2DCA9 		.ascii	"\371\362\334\251F)]\232\350R3\\\262\021\343C\254Q\216"
 244      46295D9A 
ARM GAS  C:\Users\user\AppData\Local\Temp\ccujIdCh.s 			page 19


 244      E852335C 
 244      B211E343 
 244      AC518E
 245 0427 AC8714D9 		.ascii	"\254\207\024\331\007W\3527\353q\011k\274\264)#S\300"
 245      0757EA37 
 245      EB71096B 
 245      BCB42923 
 245      53C0
 246 0439 158C3932 		.ascii	"\025\21492\264g\233\244\360\227$4\273\307r\334\260\205"
 246      B4679BA4 
 246      F0972434 
 246      BBC772DC 
 246      B085
 247 044b B5551F48 		.ascii	"\265U\037H)p\301V\306T\225W7Jc\267\010\330\344\226\255"
 247      2970C156 
 247      C6549557 
 247      374A63B7 
 247      08D8E496 
 248 0460 DD6EB895 		.ascii	"\335n\270\225\265\025\017o\264\350p'cvO\364|'9K&G\365"
 248      B5150F6F 
 248      B4E87027 
 248      63764FF4 
 248      7C27394B 
 249 0477 A5A745EE 		.ascii	"\245\247E\356\370&k\223\327\001\017\272\016\240\352"
 249      F8266B93 
 249      D7010FBA 
 249      0EA0EA
 250 0486 AE53BEF8 		.ascii	"\256S\276\370\036k\332?\\\271c.\236d\314h\362\355~W"
 250      1E6BDA3F 
 250      5CB9632E 
 250      9E64CC68 
 250      F2ED7E57 
 251 049a 867B0DD8 		.ascii	"\206{\015\330\201\236;\233\335\361s\326\266\341lf\215"
 251      819E3B9B 
 251      DDF173D6 
 251      B6E16C66 
 251      8D
 252 04ab 1EA73AB1 		.ascii	"\036\247:\261EGZ\233=\330\332\334\320\337\213p:k\272"
 252      45475A9B 
 252      3DD8DADC 
 252      D0DF8B70 
 252      3A6BBA
 253 04be BBD9D221 		.ascii	"\273\331\322!\340l\306\024Tn\035p\302\007\030s\253<"
 253      E06CC614 
 253      546E1D70 
 253      C2071873 
 253      AB3C
 254 04d0 F991161F 		.ascii	"\371\221\026\037fL\341\364\336+z\\\304\230+\247\373"
 254      664CE1F4 
 254      DE2B7A5C 
 254      C4982BA7 
 254      FB
 255 04e1 6FBBE393 		.ascii	"o\273\343\223\214\231h82!\215o\032\231\031\326\324\335"
 255      8C996838 
 255      32218D6F 
 255      1A9919D6 
 255      D4DD
ARM GAS  C:\Users\user\AppData\Local\Temp\ccujIdCh.s 			page 20


 256 04f3 8B58B68A 		.ascii	"\213X\266\212z`\017]\315~\340\214\313)v\376\276\212"
 256      7A600F5D 
 256      CD7EE08C 
 256      CB2976FE 
 256      BE8A
 257 0505 CA6706B4 		.ascii	"\312g\006\264`\201\347\002\325\317\307\226\315\023\223"
 257      6081E702 
 257      D5CFC796 
 257      CD1393
 258 0514 9344CBCC 		.ascii	"\223D\313\3141\274\351\250u\013,\022\0105B\246\236\207"
 258      31BCE9A8 
 258      750B2C12 
 258      083542A6 
 258      9E87
 259 0526 95E019F2 		.ascii	"\225\340\031\362T&W\003M[?\270hX\217\221\337\303\212"
 259      54265703 
 259      4D5B3FB8 
 259      68588F91 
 259      DFC38A
 260 0539 9F8C29BA 		.ascii	"\237\214)\272O\215\356\245\350rr\325\244Ks\340]\255"
 260      4F8DEEA5 
 260      E87272D5 
 260      A44B73E0 
 260      5DAD
 261 054b 063D06C0 		.ascii	"\006=\006\300#\332F\340d\361\331\"\370\240\257\204\005"
 261      23DA46E0 
 261      64F1D922 
 261      F8A0AF84 
 261      05
 262 055c 28092811 		.ascii	"(\011(\021\350K\240\355@;\201~@\013\320\327p\317\006"
 262      E84BA0ED 
 262      403B817E 
 262      400BD0D7 
 262      70CF06
 263 056f 9A86E754 		.ascii	"\232\206\347T\270g\000m\004J\003\332\012\264\031h\012"
 263      B867006D 
 263      044A03DA 
 263      0AB41968 
 263      0A
 264 0580 DAD2E19E 		.ascii	"\332\322\341\236\014\264\015h\003P&\320\016\240\347"
 264      0CB40D68 
 264      035026D0 
 264      0EA0E7
 265 058f D09605F7 		.ascii	"\320\226\005\367\024\240M@\353\201\236\302\273\031 "
 265      14A04D40 
 265      EB819EC2 
 265      BB1920
 266 059e 119E7709 		.ascii	"\021\236w\011\013\350\246\302\234\032\377XqjD\355\324"
 266      0BE8A6C2 
 266      9C1AFF58 
 266      716A44ED 
 266      D4
 267 05af 779C530C 		.ascii	"w\234S\014\336\311\301G\325\360{\352\210\335\014S\320"
 267      DEC9C147 
 267      D5F07BEA 
 267      88DD0C53 
 267      D0
ARM GAS  C:\Users\user\AppData\Local\Temp\ccujIdCh.s 			page 21


 268 05c0 D7D4E8AB 		.ascii	"\327\324\350\253v\302[W+\360s\216\207C\206\223m\242"
 268      76C25B57 
 268      2BF0738E 
 268      87438693 
 268      6DA2
 269 05d2 5382C362 		.ascii	"S\202\303b\212j\325p\013o\013A\327\255^O\321\260\016"
 269      8A6AD570 
 269      0B6F0B41 
 269      D7AD5E4F 
 269      D1B00E
 270 05e5 A10B125A 		.ascii	"\241\013\022Z^\235P\223\332\362\251P\305\224\011\265"
 270      5E9D5093 
 270      DAF2A950 
 270      C59409B5 
 271 05f5 EC66357A 		.ascii	"\354f5z\234C?T\243}\325nNqy\324\245Fw\330\311\346bx"
 271      9C433F54 
 271      A37DD56E 
 271      4E7179D4 
 271      A54677D8 
 272 060d 458D6E51 		.ascii	"E\215nQ\243\255\034\272]\215\276a\207\346,\271\255F"
 272      A3AD1CBA 
 272      5D8DBE61 
 272      87E62CB9 
 272      AD46
 273 061f 0FDA057C 		.ascii	"\017\332\005|\352c%\204\303\352\020\336\261\013!g\312"
 273      EA632584 
 273      C3EA10DE 
 273      B10B2167 
 273      CA
 274 0630 65C786F3 		.ascii	"e\307\206\363Q\271\311\331\322\357xvq\302\353\270<\034"
 274      51B9C9D9 
 274      D2EF7876 
 274      71C2EBB8 
 274      3C1C
 275 0642 773C3E4C 		.ascii	"w<>L8;Q\364v{\254\027ED`\032\3514\301\246\000\234K,"
 275      383B51F4 
 275      767BAC17 
 275      4544601A 
 275      E934C1A6 
 276 065a BDBD1E19 		.ascii	"\275\275\036\031Ib\323\"\272a\335T\013\033\260\263\264"
 276      4962D322 
 276      BA61DD54 
 276      0B1BB0B3 
 276      B4
 277 066b 8E73ACD3 		.ascii	"\216s\254\323\361\370\361p+g\352\0035\374{\265c\255"
 277      F1F8F170 
 277      2B67EA03 
 277      35FC7BB5 
 277      63AD
 278 067d 5C186E39 		.ascii	"\\\030n9\266\205K\352\361\337+#\322\243\036\221n\273"
 278      B6854BEA 
 278      F1DF2B23 
 278      D2A31E91 
 278      6EBB
 279 068f A071B287 		.ascii	"\240q\262\207\034\0177\207\356\344\334\274\356x\362"
 279      1C0F3787 
 279      EEE4DCBC 
ARM GAS  C:\Users\user\AppData\Local\Temp\ccujIdCh.s 			page 22


 279      EE78F2
 280 069e F276735E 		.ascii	"\362vs^\2169\366r6\225 \346\255\222p\022\3626\307y\312"
 280      8E39F672 
 280      369520E6 
 280      AD927012 
 280      F236C779 
 281 06b3 C770849B 		.ascii	"\307p\204\233`\223\016'\030\277\352p\313\310\023\307"
 281      60930E27 
 281      18BFEA70 
 281      CBC813C7 
 282 06c3 EB026FCA 		.ascii	"\353\002o\312\315\217\025S\356;^\322\370I0\022\246\204"
 282      CD8F1553 
 282      EE3B5ED2 
 282      F8493012 
 282      A684
 283 06d5 BC551DF2 		.ascii	"\274U\035\362o\355\366\014.,w\035/\257\024\015{\331"
 283      6FEDF60C 
 283      2E2C771D 
 283      2FAF140D 
 283      7BD9
 284 06e7 6451518F 		.ascii	"dQQ\217+\336\346LO\316\211u\315\267\335\220\217'K\337"
 284      2BDEE64C 
 284      4FCE8975 
 284      CDB7DD90 
 284      8F274BDF 
 285 06fb D16167A8 		.ascii	"\321ag\250\216P\216\340\211v\013\263\307a\222\314\216"
 285      8E508EE0 
 285      89760BB3 
 285      C76192CC 
 285      8E
 286 070c 371BB407 		.ascii	"7\033\264\007\366\230\377o\373\015\270x|p2I\353\266"
 286      F698FF6F 
 286      FB0DB878 
 286      7C703249 
 286      EBB6
 287 071e 79B61AA0 		.ascii	"y\266\032\240\036)\007\312\275\202\033\255v\340\276"
 287      1E2907CA 
 287      BD821BAD 
 287      76E0BE
 288 072d 0B6BBB12 		.ascii	"\013k\273\022\367\026h\221'\354\336\274\213\312\201"
 288      F7166891 
 288      27ECDEBC 
 288      8BCA81
 289 073c 729FC0FC 		.ascii	"r\237\300\374\333\017\376\345\201\236\\\233}m\250K\232"
 289      DB0FFEE5 
 289      819E5C9B 
 289      7D6DA84B 
 289      9A
 290 074d D4F2F2B3 		.ascii	"\324\362\362\263Op\274&\263\010\267t\261\005\002P\266"
 290      4F70BC26 
 290      B308B774 
 290      B1050250 
 290      B6
 291 075e 0B0491D5 		.ascii	"\013\004\221\325\313\313\232t(K\036\304\354\023\015"
 291      CBCB9A74 
 291      284B1EC4 
 291      EC130D
ARM GAS  C:\Users\user\AppData\Local\Temp\ccujIdCh.s 			page 23


 292 076d 6775389B 		.ascii	"gu8\233\015bAMw\236V\031\304.:\210\007\241\357\001e"
 292      0D62414D 
 292      779E5619 
 292      C42E3A88 
 292      07A1EF01 
 293 0782 108942DB 		.ascii	"\020\211B\333A\234M\246|p\354EN\222z\262`\352\011\342"
 293      419C4DA6 
 293      7C70EC45 
 293      4E927AB2 
 293      60EA09E2 
 294 0796 8379D026 		.ascii	"\203y\320&\230\207\244`\036\"\301D}O\332z\335x0\251"
 294      9887A460 
 294      1E22C144 
 294      7D4FDA7A 
 294      DD7830A9 
 295 07aa 3415F061 		.ascii	"4\025\360a\301M6\3500\305\347\264\347\235\021\360!\352"
 295      C14D36E8 
 295      30C5E7B4 
 295      E79D11F0 
 295      21EA
 296 07bc 073A3195 		.ascii	"\007:1\225\366\267P\254Zh\001\375\323\034V@'\262\002"
 296      F6B750AC 
 296      5A6801FD 
 296      D31C5640 
 296      27B202
 297 07cf FA       		.ascii	"\372"
 298 07d0 88E20A3C 		.ascii	"\210\342\012<\332\326\275\005\002\251Z\237\266nKq\302"
 298      DAD6BD05 
 298      02A95A9F 
 298      B66E4B71 
 298      C2
 299 07e1 B54C547D 		.ascii	"\265LT}OI\211\013nb\214\\\366\314\223\312\236\037\006"
 299      4F49890B 
 299      6E628C5C 
 299      F6CC93CA 
 299      9E1F06
 300 07f4 CFF6EBF1 		.ascii	"\317\366\353\361e\332\350\\\177\260\265\322\035Ns>\236"
 300      65DAE85C 
 300      7FB0B5D2 
 300      1D4E733E 
 300      9E
 301 0805 DC89ADF9 		.ascii	"\334\211\255\3710wb;\012\252\217\013/X\367\245\025\357"
 301      3077623B 
 301      0AAA8F0B 
 301      2F58F7A5 
 301      15EF
 302 0817 9F95E9F7 		.ascii	"\237\225\351\367\215c\270\237\222\004CU,\011\216\333"
 302      8D63B89F 
 302      92044355 
 302      2C098EDB 
 303 0827 26013F38 		.ascii	"&\001?8E\202\227\264\232\035\227F\246\004F\346\004\214"
 303      458297B4 
 303      9A1D9746 
 303      A60446E6 
 303      048C
 304 0839 4C29D031 		.ascii	"L)\3201\240b\2334|T\305\245N\241\332\002\365\3125\365"
 304      A0629B34 
ARM GAS  C:\Users\user\AppData\Local\Temp\ccujIdCh.s 			page 24


 304      7C54C5A5 
 304      4EA1DA02 
 304      F5CA35F5 
 305 084d 4FB6CB9C 		.ascii	"O\266\313\234=\2309\007\261\372z\360\007\330%o\260D"
 305      3D983907 
 305      B1FA7AF0 
 305      07D8256F 
 305      B044
 306 085f CBAAAF2D 		.ascii	"\313\252\257-\026f\023\355F\265\226$Z\031t>\251\214"
 306      166613ED 
 306      46B59624 
 306      5A19743E 
 306      A98C
 307 0871 CE71BB44 		.ascii	"\316q\273D\223}A\247\300\205\037s\007T6\035\332>\201"
 307      937D41A7 
 307      C0851F73 
 307      0754361D 
 307      DA3E81
 308 0884 F91C2AB3 		.ascii	"\371\034*\263I\270r)\341\312i\002=\230\316)\227*\220"
 308      49B87229 
 308      E1CA6902 
 308      3D98CE29 
 308      972A90
 309 0897 796468FB 		.ascii	"ydh\373\322\322tl\250sia\375eM\226\363\013+\313\323"
 309      D2D2746C 
 309      A8736961 
 309      FD654D96 
 309      F30B2BCB 
 310 08ac 82545996 		.ascii	"\202TY\226\261\202\366iry?R\227\226\225`~\205@\340U"
 310      B182F669 
 310      72793F52 
 310      97969560 
 310      7E8540E0 
 311 08c1 8287DC89 		.ascii	"\202\207\334\211\240O\265\266=\322\343\333,\307r\237"
 311      A04FB5B6 
 311      3DD2E3DB 
 311      2CC7729F 
 312 08d1 A7E7B9CA 		.ascii	"\247\347\271\312\325s\352\313T\317\233\256w\237\260"
 312      D573EACB 
 312      54CF9BAE 
 312      779FB0
 313 08e0 515623FC 		.ascii	"QV#\374\031eU\215\255\315\010\2170eu\343%\207\245B\016"
 313      1965558D 
 313      ADCD088F 
 313      306575E3 
 313      2587A542 
 314 08f5 93D23B6B 		.ascii	"\223\322;k\374\312\334\027:Y+;i\021\250\336\216'\347"
 314      FCCADC17 
 314      3A592B3B 
 314      6911A8DE 
 314      8E27E7
 315 0908 3A9DD44E 		.ascii	":\235\324N*\371VG\365\326\312z{K\263\206tj+_\210\036"
 315      2AF95647 
 315      F5D6CA7A 
 315      7B4BB386 
 315      746A2B5F 
 316 091e 7A5E6AD5 		.ascii	"z^j\325\341\357\231\225;2\236X]\360\004c&\012\307\016"
ARM GAS  C:\Users\user\AppData\Local\Temp\ccujIdCh.s 			page 25


 316      E1EF9995 
 316      3B329E58 
 316      5DF00463 
 316      260AC70E 
 317 0932 3AE3C78C 		.ascii	":\343\307\214)\236\2348mP\013}a\011\377\365\323\375"
 317      299E9C38 
 317      6D500B7D 
 317      6109FFF5 
 317      D3FD
 318 0944 2373F033 		.ascii	"#s\3603\326\365\376\350\3641w,\352X=WT\333\342\212S"
 318      D6F5FEE8 
 318      F431772C 
 318      EA583D57 
 318      54DBE28A 
 319 0959 18339DB6 		.ascii	"\0303\235\266\257T\217\277dL\335\201\275\031z\234\306"
 319      AF548FBF 
 319      644CDD81 
 319      BD197A9C 
 319      C6
 320 096a 9899B4D4 		.ascii	"\230\231\264\324,\035\316d\314\316\226\235\007\\q6c"
 320      2C1DCE64 
 320      CCCE969D 
 320      075C7136 
 320      63
 321 097b 9E0DEFEC 		.ascii	"\236\015\357\354@,\220n\\\225?O\252\362\213\037m\333"
 321      402C906E 
 321      5C953F4F 
 321      AAF28B1F 
 321      6DDB
 322 098d E58A7319 		.ascii	"\345\212s\031\266\255#\271R\302\272\002\233v\241\357"
 322      B6AD23B9 
 322      52C2BA02 
 322      9B76A1EF 
 323 099d 372F8CF9 		.ascii	"7/\214\371U9\346\255,\346\307R\006\013\\\240\257\227"
 323      5539E6AD 
 323      2CE6C752 
 323      060B5CA0 
 323      AF97
 324 09af 01B62BEE 		.ascii	"\001\266+\356s\232\027\373\234v\3222qT\213\363\251\036"
 324      739A17FB 
 324      9C76D232 
 324      71548BF3 
 324      A91E
 325 09c1 A1ECE460 		.ascii	"\241\354\344`\266\201\373`\2660e#\371F\325\016!\272"
 325      B681FB60 
 325      B6306523 
 325      F946D50E 
 325      21BA
 326 09d3 A14C33AF 		.ascii	"\241L3\257\331\017fcy\"~M\203\026\323\357#\250\015\346"
 326      D90F6663 
 326      79227E4D 
 326      8316D3EF 
 326      23A80DE6 
 327 09e7 9597946C 		.ascii	"\225\227\224l\327a\230\2561\003\012\366\035i\230\203"
 327      D76198AE 
 327      31030AF6 
 327      1D699883 
ARM GAS  C:\Users\user\AppData\Local\Temp\ccujIdCh.s 			page 26


 328 09f7 8B9986AC 		.ascii	"\213\231\206\254\314\332\223\356\263\032.\267\317/\245"
 328      CCDA93EE 
 328      B31A2EB7 
 328      CF2FA5
 329 0a06 5FC1BA40 		.ascii	"_\301\272@C\207\242\241]x\201\212N\307*\254M\027\267"
 329      4387A2A1 
 329      5D78818A 
 329      4EC72AAC 
 329      4D17B7
 330 0a19 6A954145 		.ascii	"j\225AET\336\025h\277L\363\271\233f\312U9Sr\213\262"
 330      54DE1568 
 330      BF4CF3B9 
 330      9B66CA55 
 330      3953728B 
 331 0a2e EEE9D87C 		.ascii	"\356\351\330|y)\351\007\262\222\246\234x\351=\177Nz"
 331      7929E907 
 331      B292A69C 
 331      78E93D7F 
 331      4E7A
 332 0a40 4D6BF7BB 		.ascii	"Mk\367\273\270\214\215\333dK\367\000\302\247\031\223"
 332      B88C8DDB 
 332      644BF700 
 332      C2A71993 
 333 0a50 7CA1F9B0 		.ascii	"|\241\371\260\016\237a\314\275\202KM\316\270\2011\203"
 333      0E9F61CC 
 333      BD824B4D 
 333      CEB88131 
 333      83
 334 0a61 43531518 		.ascii	"CS\025\03073\346\320\275\274\255z\334\"\365\031\034"
 334      3733E6D0 
 334      BDBCAD7A 
 334      DC22F519 
 334      1C
 335 0a72 6D91BE3B 		.ascii	"m\221\276;l!\203\367l\254\354\232\234%\344\323\326\310"
 335      6C2183F7 
 335      6CACEC9A 
 335      9C25E4D3 
 335      D6C8
 336 0a84 E4ED1917 		.ascii	"\344\355\031\027|\215\202\377\352\336\311\364\203nH"
 336      7C8D82FF 
 336      EADEC9F4 
 336      836E48
 337 0a93 FE04E069 		.ascii	"\376\004\340i\373q\000V_8\324\265=\303=\227\255\242"
 337      FB710056 
 337      5F38D4B5 
 337      3DC33D97 
 337      ADA2
 338 0aa5 D86F41A8 		.ascii	"\330oA\250W\360@\337B\314\307`\211\223\275\261\257o"
 338      57F040DF 
 338      42CCC760 
 338      8993BDB1 
 338      AF6F
 339 0ab7 EBFE8B3B 		.ascii	"\353\376\213;\254Kh\307u\337N\220_\367'vr\254\007\331"
 339      AC4B68C7 
 339      75DF4E90 
 339      5FF72776 
 339      72AC07D9 
ARM GAS  C:\Users\user\AppData\Local\Temp\ccujIdCh.s 			page 27


 340 0acb 6725F4EC 		.ascii	"g%\364\354\032l_\367q\262[\324\262\355\013s\353\177"
 340      1A6C5FF7 
 340      71B25BD4 
 340      B2ED0B73 
 340      EB7F
 341 0add 2BF00B6A 		.ascii	"+\360\013j\270\315\331~'\021.\241\311\374>\247F\333"
 341      B8CDD97E 
 341      27112EA1 
 341      C9FC3EA7 
 341      46DB
 342 0aef D50D539C 		.ascii	"\325\015S\234)\227\324h\273\272\317\312\241o\252\321"
 342      2997D468 
 342      BBBACFCA 
 342      A16FAAD1 
 343 0aff DC9ECB6F 		.ascii	"\334\236\313oEC\020\206\3334a\306\244}\350\031\244\333"
 343      45431086 
 343      DB3461C6 
 343      A47DE819 
 343      A4DB
 344 0b11 03D87FBE 		.ascii	"\003\330\177\276\003\372\036\350\011\320\0049\211\002"
 344      03FA1EE8 
 344      09D00439 
 344      8902
 345 0b1f 0D03DD05 		.ascii	"\015\003\335\005\032\005z\014t\217\2348\201\306\311"
 345      1A057A0C 
 345      748F9C38 
 345      81C6C9
 346 0b2e 69949C64 		.ascii	"i\224\234d\201\356\223\323-\320\010\320$\320#\240\207"
 346      81EE93D3 
 346      2DD008D0 
 346      24D023A0 
 346      87
 347 0b3f B35B3389 		.ascii	"\263[3\211\301\324\177*1\030t8x|1\304\205\267Y\015\036"
 347      C1D47F2A 
 347      31187438 
 347      787C31C4 
 347      85B7590D 
 348 0b54 5087A093 		.ascii	"P\207\240\223\013A\277\032mW\362u\376IA\337Q\243m\276"
 348      0B41BF1A 
 348      6D57F275 
 348      FE4941DF 
 348      51A36DBE 
 349 0b68 63902CB2 		.ascii	"c\220,\262JYt\006\262\250ZB\313\273\223mYF\026\221V"
 349      4A597406 
 349      B2A85A42 
 349      CBBB936D 
 349      59461691 
 350 0b7d 090DBB16 		.ascii	"\011\015\273\026-nl\320\366Ex\035\347\346E\307#m\363"
 350      2D6E6CD0 
 350      F645781D 
 350      E7E645C7 
 350      236DF3
 351 0b90 C186F373 		.ascii	"\301\206\363s\300\361P\333\3009\351V\3079j\363E\200"
 351      C0F150DB 
 351      C039E956 
 351      C7396AF3 
 351      4580
ARM GAS  C:\Users\user\AppData\Local\Temp\ccujIdCh.s 			page 28


 352 0ba2 93DEE738 		.ascii	"\223\336\3478\212\374\021~t\232\235\336\306\324Gx\022"
 352      8AFC117E 
 352      749A9DDE 
 352      C6D44778 
 352      12
 353 0bb3 B5D1E7F3 		.ascii	"\265\321\347\3632Dr\016;\017\201h\224\204\315\236\264"
 353      3244720E 
 353      3B0F8168 
 353      9484CD9E 
 353      B4
 354 0bc4 7BD5F363 		.ascii	"{\325\363c\212\233\037\015\216\347\207\215\245\234c"
 354      8A9B1F0D 
 354      8EE7878D 
 354      A59C63
 355 0bd3 4D8EB363 		.ascii	"M\216\263c\366\340\326\322\227\331\242\305\373]\350"
 355      F6E0D6D2 
 355      97D9A2C5 
 355      FB5DE8
 356 0be2 8A5FDE56 		.ascii	"\212_\336V\232\351\216<}\034\315\005\264\036\373\374"
 356      9AE98E3C 
 356      7D1CCD05 
 356      B41EFBFC 
 357 0bf2 9F4C07E9 		.ascii	"\237L\007\351\360;C\313\023\021{\242\031e\263\031\243"
 357      F03B43CB 
 357      13117BA2 
 357      1965B319 
 357      A3
 358 0c03 A74630FB 		.ascii	"\247F0\373\253\213\335I:\376\360G\200\312\306\232\210"
 358      AB8BDD49 
 358      3AFEF047 
 358      80CAC69A 
 358      88
 359 0c14 D9E10FEE 		.ascii	"\331\341\017\356\344\337[\367s2\234\3607\324G4\236\335"
 359      E4DF5BF7 
 359      73329CF0 
 359      37D44734 
 359      9EDD
 360 0c26 78D7804B 		.ascii	"x\327\200K\030\263\273\370\233d\214K\031\323]\275\276"
 360      18B3BBF8 
 360      9B648C4B 
 360      19D35DBD 
 360      BE
 361 0c37 C11D5731 		.ascii	"\301\035W1f`_\342\240\023\2660\246\242\346\276?[\331"
 361      66605FE2 
 361      A013B630 
 361      A6A2E6BE 
 361      3F5BD9
 362 0c4a BD803BDD 		.ascii	"\275\200;\335\363\300\"\375\363\257\237,\364\373\356"
 362      F3C022FD 
 362      F3AF9F2C 
 362      F4FBEE
 363 0c59 0EF7BBE2 		.ascii	"\016\367\273\342\006\012\325\377P\321\260\337\031\261"
 363      060AD5FF 
 363      50D1B0DF 
 363      19B1
 364 0c67 15DD872B 		.ascii	"\025\335\207+\025\012\012\270Ra\003\306h\013v\2748\363"
 364      150A0AB8 
ARM GAS  C:\Users\user\AppData\Local\Temp\ccujIdCh.s 			page 29


 364      526103C6 
 364      680B76BC 
 364      38F3
 365 0c79 B1DF84BD 		.ascii	"\261\337\204\275P*&m\004M\002\237\016\203\220\201\241"
 365      502A266D 
 365      044D029F 
 365      0E839081 
 365      A1
 366 0c8a 6A06DA06 		.ascii	"j\006\332\006\264\003h;P\032\320Vl\363%\365WJ\022lV"
 366      B403683B 
 366      501AD056 
 366      6CF325F5 
 366      574A126C 
 367 0c9f EBB3DB3A 		.ascii	"\353\263\333:Z9t\212\032m\367\201\361\346\257l\013\003"
 367      5A39748A 
 367      1A6DF781 
 367      F1E6AF6C 
 367      0B03
 368 0cb1 1BB4DD82 		.ascii	"\033\264\335\2022\302\241\223\324\262\355'\316\243f"
 368      32C2A193 
 368      D4B2ED27 
 368      CEA366
 369 0cc0 36710066 		.ascii	"6q\000f_\3736Z\271\002f\243\3030\362K\031\2479\331\261"
 369      5FFB365A 
 369      B90266A3 
 369      C330F24B 
 369      19A739D9 
 370 0cd5 57B31361 		.ascii	"W\263\023aC\207\330\356\212/\260\211\3204<\\\350\252"
 370      4387D8EE 
 370      8A2FB089 
 370      D0343C5C 
 370      E8AA
 371 0ce7 9A08F260 		.ascii	"\232\010\362`\240\257`\014\376\222\361`n=\267\322\204"
 371      A0AF600C 
 371      FE92F160 
 371      6E3DB7D2 
 371      84
 372 0cf8 CE848E3B 		.ascii	"\316\204\216;\361lB\023'\251\372+]\005\205\356|Bg\332"
 372      F16C4213 
 372      27A9FA2B 
 372      5D0585EE 
 372      7C4267DA 
 373 0d0c 24F42E29 		.ascii	"$\364.)\241\311\335mu\370\232\2605k\"\303\242c\243\023"
 373      A1C9DD6D 
 373      75F89AB0 
 373      356B22C3 
 373      A263A313 
 374 0d20 5CDE7BFF 		.ascii	"\\\336{\377Co\243\237\237&\310\370N\250i\345\007\346"
 374      436FA39F 
 374      9F26C8F8 
 374      4EA869E5 
 374      07E6
 375 0d32 50E3EAE8 		.ascii	"P\343\352\350U\321\346\204u\221\321q\241\021\3449.\336"
 375      55D1E684 
 375      7591D171 
 375      A111E439 
 375      2EDE
ARM GAS  C:\Users\user\AppData\Local\Temp\ccujIdCh.s 			page 30


 376 0d44 EFEDB77C 		.ascii	"\357\355\267|\343\342}\241\237\357gqk\023\342}\315+"
 376      E3E27DA1 
 376      9FEF6771 
 376      6B13E27D 
 376      CD2B
 377 0d56 972FF667 		.ascii	"\227/\366g\327\2407?\377\334W\222\2700B\363J|B\314b"
 377      D7A0373F 
 377      FFDC5792 
 377      B83042F3 
 377      4A7C42CC 
 378 0d6b FFB08835 		.ascii	"\377\260\2105q\021\237R\005\272\310\230\360\020\270"
 378      71119F52 
 378      05BAC898 
 378      F010B8
 379 0d7a 07FFE5F2 		.ascii	"\007\377\345\362\227-\013\364\015\\\036\360\037\376"
 379      972D0BF4 
 379      0D5C1EF0 
 379      1FFE
 380 0d88 BE4C2848 		.ascii	"\276L(HZ\270Zc\010\013[\027\035\233\000|\302\247\021"
 380      5AB85A63 
 380      080B5B17 
 380      1D9B007C 
 380      C2A711
 381 0d9b EF84AE4D 		.ascii	"\357\204\256M\210\213gr\342\231\314\204\270\2705\361"
 381      888B6772 
 381      E299CC84 
 381      B8B835F1 
 382 0dab A1FF1EBB 		.ascii	"\241\377\036\273\316\233>y\207\257\215\361\216\212Y"
 382      CE9B3E79 
 382      87AF8DF1 
 382      8E8A59
 383 0dba 15151919 		.ascii	"\025\025\031\031\025\031\372\326\302\305\336\376\213"
 383      1519FAD6 
 383      C2C5DEFE 
 383      8B
 384 0dc7 FCDEFEA3 		.ascii	"\374\336\376\243_(\274\377yl\\l\324\317\243\302WE\207"
 384      5F28BCFF 
 384      796C5C6C 
 384      D4CFA3C2 
 384      574587
 385 0dda 46C746AC 		.ascii	"F\307F\254Y\027\031\025\032\023\016\262b\243B\303\""
 385      59171915 
 385      1A130EB2 
 385      62A342C3 
 385      22
 386 0deb A33E095F 		.ascii	"\243>\011_\267&!,\341\213\317\242\342A\255\213\254\364"
 386      B726212C 
 386      E18BCFA2 
 386      E241AD8B 
 386      ACF4
 387 0dfd 0FFFFB4A 		.ascii	"\017\377\373J\343\277\210\017\015\213O\210\004\015\240"
 387      E3BF880F 
 387      0D8B4F88 
 387      040DA0
 388 0e0c 69AEF98B 		.ascii	"i\256\371\213\370\204\250\030c\334\332(#\011\243\336"
 388      F884A818 
 388      63DCDA28 
ARM GAS  C:\Users\user\AppData\Local\Temp\ccujIdCh.s 			page 31


 388      2309A3DE 
 389 0e1c B4D4BCD4 		.ascii	"\264\324\274\324\364\321\322\300\267\015+\226-\013\361"
 389      F4D1D2C0 
 389      B70D2B96 
 389      2D0BF1
 390 0e2b 371B83DE 		.ascii	"7\033\203\33639\231\315\306\367L\263Moa\243\331\244"
 390      333999CD 
 390      C6F74CB3 
 390      4D6F61A3 
 390      D9A4
 391 0e3d 5D126854 		.ascii	"]\022hT^\375B\037\260b\211\377\262\025K\3377\221'?\366"
 391      5EFD421F 
 391      B06289FF 
 391      B2154BDF 
 391      3791273F 
 392 0e52 24B7BEA9 		.ascii	"$\267\276\251\017\010^\262Xj\015\236\305\005\253q\213"
 392      0F085EB2 
 392      586A0D9E 
 392      C505AB71 
 392      8B
 393 0e63 75440ABC 		.ascii	"uD\012\274!w?\276\305_G$\320\226`\011\021l\213\360s"
 393      21773FBE 
 393      C55F4724 
 393      D0966009 
 393      116C8BF0 
 394 0e78 217D4DE6 		.ascii	"!}M\346\225&\362\340G\036f\333\026\271\220\336\254-"
 394      9526F2E0 
 394      471E66DB 
 394      16B990DE 
 394      AC2D
 395 0e8a 58060533 		.ascii	"X\006\0053\0206\206\230\264\304I\035\370K\356\202\321"
 395      10368698 
 395      B4C4491D 
 395      F84BEE82 
 395      D1
 396 0e9b A40B34FE 		.ascii	"\244\0134\376\232<\276\377\343i\024\021\027\023\023"
 396      9A3CBEFF 
 396      E3691411 
 396      171313
 397 0eaa 17EB1BF5 		.ascii	"\027\353\033\365y\202\257q\2719\304\014\331\304\245"
 397      7982AF71 
 397      B939C40C 
 397      D9C4A5
 398 0eb9 2A4DA54F 		.ascii	"*M\245O\336\\\344\367y\024\304\332\325d4\206\255\204"
 398      DE5CE4F7 
 398      7914C4DA 
 398      D5643486 
 398      AD84
 399 0ecb 210E8CFA 		.ascii	"!\016\214\372\304u\305\277\231\344\347\237\310sdUx\304"
 399      C475C5BF 
 399      99E4E79F 
 399      C8736455 
 399      78C4
 400 0edd A7EB3E0B 		.ascii	"\247\353>\013\213\214\213\011\217\216\245\011\355L|"
 400      8B8C8B09 
 400      8F8EA509 
 400      ED4C7C
ARM GAS  C:\Users\user\AppData\Local\Temp\ccujIdCh.s 			page 32


 401 0eec 09FA9D73 		.ascii	"\011\372\235sH\240\361\203\300\245\204\363\017\372\235"
 401      48A0F183 
 401      C0A584F3 
 401      0FFA9D
 402 0efb 7BE092F7 		.ascii	"{\340\222\367\226\033?\224\273kC\314\001&\355\362\345"
 402      961B3F94 
 402      BB6B43CC 
 402      0126EDF2 
 402      E5
 403 0f0c 41261C10 		.ascii	"A&\034\020h\302\201p_\021d\322\006\004\221A\012\012"
 403      68C28170 
 403      5F1164D2 
 403      06049141 
 403      0A0A
 404 0f1e 30394113 		.ascii	"09A\023\000\002\011\037L.F\2708\231\203a\020\2619x\205"
 404      0002091F 
 404      4C2E46B8 
 404      38998361 
 404      10B13978 
 405 0f33 9EA5F82F 		.ascii	"\236\245\370/\303\022t\322\035\033\215\320b49\005\204"
 405      C31274D2 
 405      1D1B8DD0 
 405      62343905 
 405      84
 406 0f44 988C26ED 		.ascii	"\230\214&\355G+?0iC\000\355d\\\361aH \\\003\214\246"
 406      472B3F30 
 406      694300ED 
 406      645CF161 
 406      48205C03 
 407 0f5a 9798C176 		.ascii	"\227\230\301v\241\2212\020\032\326F\205E\304\274I\022"
 407      A1913210 
 407      1AD64685 
 407      45C4BC49 
 407      12
 408 0f6b DD6C5C42 		.ascii	"\335l\\B\375p\372`\305J\243I0\233t\360\360\353\245\277"
 408      FD70FA60 
 408      C54AA349 
 408      309B74F0 
 408      F0EBA5BF 
 409 0f7f 3569C905 		.ascii	"5i\311\005\203&g\332\3427'hY\2009X\366\371\177\000\007"
 409      832667DA 
 409      E2372768 
 409      59803958 
 409      F6F97F00 
 410 0f94 4B40F0   		.ascii	"K@\360"
 411              		.text
 412              		.section	.gnu.lto_.symtab.79a076c7,"",%progbits
 413 0000 68616C5F 		.ascii	"hal_lld_init\000"
 413      6C6C645F 
 413      696E6974 
 413      00
 414 000d 00       		.ascii	"\000"
 415 000e 00       		.ascii	"\000"
 416 000f 00       		.ascii	"\000"
 417 0010 00000000 		.ascii	"\000\000\000\000\000\000\000\000"
 417      00000000 
 418 0018 AE000000 		.ascii	"\256\000\000\000"
ARM GAS  C:\Users\user\AppData\Local\Temp\ccujIdCh.s 			page 33


 419 001c 73746D33 		.ascii	"stm32_clock_init\000"
 419      325F636C 
 419      6F636B5F 
 419      696E6974 
 419      00
 420 002d 00       		.ascii	"\000"
 421 002e 00       		.ascii	"\000"
 422 002f 00       		.ascii	"\000"
 423 0030 00000000 		.ascii	"\000\000\000\000\000\000\000\000"
 423      00000000 
 424 0038 B0000000 		.ascii	"\260\000\000\000"
 425 003c 53797374 		.ascii	"SystemCoreClock\000"
 425      656D436F 
 425      7265436C 
 425      6F636B00 
 426 004c 00       		.ascii	"\000"
 427 004d 00       		.ascii	"\000"
 428 004e 00       		.ascii	"\000"
 429 004f 00000000 		.ascii	"\000\000\000\000\000\000\000\000"
 429      00000000 
 430 0057 BF000000 		.ascii	"\277\000\000\000"
 431 005b 646D6149 		.ascii	"dmaInit\000"
 431      6E697400 
 432 0063 00       		.ascii	"\000"
 433 0064 02       		.ascii	"\002"
 434 0065 00       		.ascii	"\000"
 435 0066 00000000 		.ascii	"\000\000\000\000\000\000\000\000"
 435      00000000 
 436 006e B2000000 		.ascii	"\262\000\000\000"
 437              		.text
 438              		.section	.gnu.lto_.opts,"",%progbits
 439 0000 272D666D 		.ascii	"'-fmath-errno' '-fsigned-zeros' '-ftrapping-math' '"
 439      6174682D 
 439      6572726E 
 439      6F272027 
 439      2D667369 
 440 0033 2D666E6F 		.ascii	"-fno-trapv' '-fno-openmp' '-fno-openacc' '-mcpu=cor"
 440      2D747261 
 440      70762720 
 440      272D666E 
 440      6F2D6F70 
 441 0066 7465782D 		.ascii	"tex-m4' '-mno-thumb-interwork' '-mthumb' '-ggdb' '-"
 441      6D342720 
 441      272D6D6E 
 441      6F2D7468 
 441      756D622D 
 442 0099 4F322720 		.ascii	"O2' '-fomit-frame-pointer' '-falign-functions=16' '"
 442      272D666F 
 442      6D69742D 
 442      6672616D 
 442      652D706F 
 443 00cc 2D666675 		.ascii	"-ffunction-sections' '-fdata-sections' '-fno-common"
 443      6E637469 
 443      6F6E2D73 
 443      65637469 
 443      6F6E7327 
 444 00ff 2720272D 		.ascii	"' '-flto'\000"
ARM GAS  C:\Users\user\AppData\Local\Temp\ccujIdCh.s 			page 34


 444      666C746F 
 444      2700
 445              		.text
 446              		.comm	__gnu_lto_v1,1,1
 447              		.comm	__gnu_lto_slim,1,1
 448              		.ident	"GCC: (GNU Tools for ARM Embedded Processors 6-2017-q1-update) 6.3.1 20170215 (release) [AR
ARM GAS  C:\Users\user\AppData\Local\Temp\ccujIdCh.s 			page 35


DEFINED SYMBOLS
                            *ABS*:00000000 hal_lld.c
                            *COM*:00000001 __gnu_lto_v1
                            *COM*:00000001 __gnu_lto_slim

NO UNDEFINED SYMBOLS
