ARM GAS  C:\Users\user\AppData\Local\Temp\ccAmFYFf.s 			page 1


   1              		.cpu cortex-m4
   2              		.eabi_attribute 20, 1
   3              		.eabi_attribute 21, 1
   4              		.eabi_attribute 23, 3
   5              		.eabi_attribute 24, 1
   6              		.eabi_attribute 25, 1
   7              		.eabi_attribute 26, 1
   8              		.eabi_attribute 30, 2
   9              		.eabi_attribute 34, 1
  10              		.eabi_attribute 18, 4
  11              		.file	"nvic.c"
  12              		.text
  13              	.Ltext0:
  14              		.section	.gnu.lto_.profile.79a075f9,"",%progbits
  15 0000 789C6365 		.ascii	"x\234ce`b`a```d\220\022\003\000\000\312\000="
  15      60626061 
  15      60606064 
  15      90120300 
  15      00CA003D 
  16              		.text
  17              		.section	.gnu.lto_.icf.79a075f9,"",%progbits
  18 0000 789C6365 		.ascii	"x\234ce`b\220b@\000\026\206\027\337\372'q3~\336ur'\033"
  18      60629062 
  18      40001686 
  18      17DFFA27 
  18      71337EDE 
  19 0018 D385E635 		.ascii	"\323\205\3465\217\270\231;\356\375hab\000\000\253P\014"
  19      8FB8993B 
  19      EEFD6861 
  19      620000AB 
  19      500C
  20 002a 3B       		.ascii	";"
  21              		.text
  22              		.section	.gnu.lto_.jmpfuncs.79a075f9,"",%progbits
  23 0000 789C6365 		.ascii	"x\234ce`b\220b@\000\026\006&FF\346\372zF \250g\202\260"
  23      60629062 
  23      40001606 
  23      264646E6 
  23      FA7A4620 
  24 0018 99416C06 		.ascii	"\231Al\006\000)\250\003:"
  24      0029A803 
  24      3A
  25              		.text
  26              		.section	.gnu.lto_.inline.79a075f9,"",%progbits
  27 0000 789C4D8C 		.ascii	"x\234M\214\321\021\2000\014B!M\323\350\217#\324\011"
  27      D1118030 
  27      0C42214D 
  27      D3E88F23 
  27      D409
  28 0012 5CD2453A 		.ascii	"\\\322E:\222\2438\202\261\236U>\270\343\036\220!\330"
  28      92A33882 
  28      B19E553E 
  28      B8E31E90 
  28      21D8
  29 0024 F1498179 		.ascii	"\361I\201y\242pe\204\333\324\316\015\326\252@\216E\021"
  29      A2706584 
  29      DBD4CE0D 
ARM GAS  C:\Users\user\AppData\Local\Temp\ccAmFYFf.s 			page 2


  29      D6AA408E 
  29      4511
  30 0036 C9833808 		.ascii	"\311\2038\010/d\257$m\365\251\004\325~\"\310J\366\227"
  30      2F64AF24 
  30      6DF5A904 
  30      D57E22C8 
  30      4AF697
  31 0049 14BBDF41 		.ascii	"\024\273\337A(\241\330;\035pLq\001\226\277\015\245"
  31      28A1D83B 
  31      1D704C71 
  31      0196BF0D 
  31      A5
  32              		.text
  33              		.section	.gnu.lto_.pureconst.79a075f9,"",%progbits
  34 0000 789C6365 		.ascii	"x\234ce`b\340d```a\220b\224b\222b\226\002\000\002\321"
  34      6062E064 
  34      60606061 
  34      90629462 
  34      92629602 
  35 0017 0083     		.ascii	"\000\203"
  36              		.text
  37              		.section	.gnu.lto_nvicEnableVector.79a075f9,"",%progbits
  38 0000 789C9D53 		.ascii	"x\234\235SML\023A\024\236o_\333m\241\324\263\261\021"
  38      4D4C1341 
  38      149E6F5F 
  38      DB6DA1D4 
  38      B3B111
  39 0013 0E260D17 		.ascii	"\016&\015\0277\\4\361\206\030\016&\304\004<\366\242"
  39      375C34F1 
  39      86180E26 
  39      C4043CF6 
  39      A2
  40 0024 F54013E9 		.ascii	"\365@\023\351\022@\342\215\241`\211h\224(P16[\023\224"
  40      1240E28D 
  40      A1608968 
  40      94285031 
  40      365B1394 
  41 0038 3FA180A8 		.ascii	"?\241\200\250\0245i\032\022\323\003\032\2157\022\017"
  41      1435691A 
  41      12D3031A 
  41      8D37120F 
  42 0048 62343D60 		.ascii	"b4=`\260\361\340\201\242ov\233h\242\036t\222\231yo\336"
  42      B0F1E081 
  42      A26F769B 
  42      68A21E74 
  42      9299796F 
  43 005d F7BDF7BE 		.ascii	"\367\275\367\276\231]\267\320\304q\022\342\244\020\342"
  43      995DB7D0 
  43      C47112E2 
  43      A410E2
  44 006c 004F9080 		.ascii	"\000O\220\2006\362R\210~\257\006(Cz!\3724\364\341:%"
  44      36F25288 
  44      7EAF0628 
  44      437A21FA 
  44      34F4E13A 
  45 0081 09F9A18F 		.ascii	"\011\371\241\217Y\255~J\362\310%K\373\345t\016\026\323"
  45      59AD7E4A 
ARM GAS  C:\Users\user\AppData\Local\Temp\ccAmFYFf.s 			page 3


  45      F2C8254B 
  45      FBE5740E 
  45      16D3
  46 0093 2778AA81 		.ascii	"'x\252\201)\3243\352\365\340\342\035\272F\026\001.v"
  46      29D433EA 
  46      F5E0E21D 
  46      BA461601 
  46      2E76
  47 00a5 BF6CDCDE 		.ascii	"\277l\334\336\012(WC\035\273e9:\036\240\023\020lO\344"
  47      0A285743 
  47      1DBB6539 
  47      3A1EA013 
  47      106C4FE4 
  48 00b9 C7366B42 		.ascii	"\3076kB\367\244\214\313\334\372(\311C\026\021fA\234"
  48      F7A48CCB 
  48      DCFA28C9 
  48      43161166 
  48      419C
  49 00cb 10330862 		.ascii	"\0203\010b\032A\301G\002s\0101|.\376i\233\250\331\246"
  49      1A41C147 
  49      02730831 
  49      7C2EFE69 
  49      9BA8D9A6 
  50 00df 5E2E94B7 		.ascii	"^.\224\267\364\012\365\303X\205\372\340\017\324y\204"
  50      F40AF5C3 
  50      5885FAE0 
  50      0FD47984 
  51 00ef 14FEFDD2 		.ascii	"\024\376\375\322\336X\215\307\345\364\212\005x\300{"
  51      DE588DC7 
  51      E5F48A05 
  51      78C07B
  52 00fe E60D7272 		.ascii	"\346\015rr\357\373\220\314\275\275\217d\263\037Pp\215"
  52      EFFB90CC 
  52      BDBD8F64 
  52      B31F5070 
  52      8D
  53 010f 892E528B 		.ascii	"\211.R\213\033\252\262\316\246\333\253\026\037/\036"
  53      1BAAB2CE 
  53      A6DBAB16 
  53      1F2F1E
  54 011e 21863987 		.ascii	"!\2069\207\272\234+\244\251\235\212\210\227\206\312"
  54      BA9C2BA4 
  54      A99D8A88 
  54      9786CA
  55 012d 992A9536 		.ascii	"\231*\2256EZ\212 \212\030\330I\3009 >\373\365Z<p!\303"
  55      455A8A20 
  55      8A18D849 
  55      C039203E 
  55      FBF55A3C 
  56 0144 ED15911F 		.ascii	"\355\025\221\037/\324*\014G\307/\345_\351*\252\333\362"
  56      2FD42A0C 
  56      47C72FE5 
  56      5FE92AAA 
  56      DBF2
  57 0156 56EE7EFE 		.ascii	"V\356~\376\346w\\\231\037\220\001>\272\261]Z\015XH\365"
  57      E6775C99 
  57      1F90013E 
ARM GAS  C:\Users\user\AppData\Local\Temp\ccAmFYFf.s 			page 4


  57      BAB15D5A 
  57      0D5848F5 
  58 016a F3EDA70F 		.ascii	"\363\355\247\017Z\344\305\022\353\\\344D\212\260\361"
  58      5AE4C512 
  58      EB5CE444 
  58      8AB0F1
  59 0179 6E79649F 		.ascii	"nyd\2371/\007\373e\235E>,\303\302-\373]T\266\331\257"
  59      312F07FB 
  59      659D453E 
  59      2CC3C22D 
  59      FB5D54B6 
  60 018f D3D49051 		.ascii	"\323\324\220Q\301t\314\242*<\204\221\"\267\375f+h\340"
  60      C174CCA2 
  60      2A3C8491 
  60      22B7FD66 
  60      2B68E0
  61 01a2 1655C3A5 		.ascii	"\026U\303\245Dj)]\351Y\3470\023\013\223k\273~\247g7"
  61      446A295D 
  61      E959E730 
  61      130B936B 
  61      BB7EA767 
  62 01b7 1ED93D0F 		.ascii	"\036\331=\017\354&f|\016\310\353\200nN.dk\024\310\215"
  62      EC26667C 
  62      0EC8EB80 
  62      6E4E2E64 
  62      6B14C88D 
  63 01cb 5A3C7640 		.ascii	"Z<v@;\211\202\356\200|\252\376\372\213\204\327I\003"
  63      3B8982EE 
  63      807CAAFE 
  63      FA8B84D7 
  63      4903
  64 01dd 3C4190A9 		.ascii	"<A\220\251\216z\243\242\376_\264Uc\325\326\206\337\265"
  64      8E7AA3A2 
  64      FE5FB455 
  64      63D5D686 
  64      DFB5
  65 01ef F55AE447 		.ascii	"\365Z\344GVi\323mmkJ\233\317.U\034\336\252\376\257b"
  65      5669D36D 
  65      6D6B4A9B 
  65      CF2E551C 
  65      DEAAFEAF 
  66 0204 4FED62DA 		.ascii	"O\355b\332_\212=\373Y\354\271Sl\033\361t\346\252}\215"
  66      5F8A3DFB 
  66      59ECB953 
  66      6C1BF174 
  66      E6AA7D8D 
  67 0218 F64F31CC 		.ascii	"\366O1\314\215\362G\302\011\032\233\216\205[O\237j\013"
  67      8DF247C2 
  67      091A9B8E 
  67      855B4F9F 
  67      6A0B
  68 022a 37B547CF 		.ascii	"7\265G\317F\333z.\234\213\232\341\210\262\315\356\206"
  68      46DB7A2E 
  68      9C8B9AE1 
  68      88B2CDEE 
  68      86
  69 023b A3470CB3 		.ascii	"\243G\014\263\333h?s\336\3504\273z\272\215\210\331\321"
ARM GAS  C:\Users\user\AppData\Local\Temp\ccAmFYFf.s 			page 5


  69      DB683F73 
  69      DEE834BB 
  69      7ABA8D88 
  69      D9D1
  70 024d 61C68CC6 		.ascii	"a\306\214\306\326\226\246\226\213F\2547\0329\034\021"
  70      D696A696 
  70      8B46AC37 
  70      1A391C11 
  71 025d 88B93ABB 		.ascii	"\210\271:\273\242\346\017\317[\037\221"
  71      A2E60FCF 
  71      5B1F91
  72              		.text
  73              		.section	.gnu.lto_nvicDisableVector.79a075f9,"",%progbits
  74 0000 789C9592 		.ascii	"x\234\225\222Mh\023Q\020\307\337\377M>\266\266\211W"
  74      4D681351 
  74      10C7DFFF 
  74      4D3EB6B6 
  74      8957
  75 0012 C1A03D08 		.ascii	"\301\240=\010\245\027\227\\\024\274\225\250\267\"\264"
  75      A517975C 
  75      14BC95A8 
  75      B722B4
  76 0021 1E73D128 		.ascii	"\036s\321(4`\263bj\361\326\227~l\241\242\026mS+\206"
  76      3460B362 
  76      6AF1D697 
  76      7E6CA1A2 
  76      166D532B 
  77 0036 8D1069DA 		.ascii	"\215\020i\332\332\246\037Q[Oa\021$`\024\005O\202\007"
  77      DAA61F51 
  77      5B4F6111 
  77      24601405 
  77      4F8207
  78 0049 2B450F15 		.ascii	"+E\017\025-=x\250\325y\273\036\004O>x\037\363\3667\363"
  78      2D3D78A8 
  78      D579BB1E 
  78      044F3E78 
  78      1FF3F637 
  79 005e 9F99B741 		.ascii	"\237\231\267A!\305E)\304)!\304A\236 \0019\376J\210\234"
  79      21C54529 
  79      C42921C4 
  79      419E2001 
  79      39FE4A88 
  80 0073 21017D50 		.ascii	"!\001}P\006\304\200\304\000n\321\024\301\035\335\\\227"
  80      06C480C4 
  80      006ED114 
  80      C11DDD5C 
  80      97
  81 0084 ED338A47 		.ascii	"\3553\212Gm\252\032\262\325\310\001\207\204\230\346"
  81      6DAA1AB2 
  81      D5C80187 
  81      8498E6
  82 0093 A90766D0 		.ascii	"\251\007f\320\316\324\233\341\245\373t\223\034\002\002"
  82      CED49BE1 
  82      A5FB7493 
  82      1C0202
  83 00a2 6C7E6FDC 		.ascii	"l~o\334\333\210jS\242\225\315\237j\"\037\245\223\020"
  83      DB886A53 
ARM GAS  C:\Users\user\AppData\Local\Temp\ccAmFYFf.s 			page 6


  83      A295CD9F 
  83      6A221FA5 
  83      9310
  84 00b4 7C9E7627 		.ascii	"|\236v'\337G\332\036*5\250j/'H\035q\2100\007\342\200"
  84      DF47DA1E 
  84      2A35A86A 
  84      2F27481D 
  84      71883007 
  85 00ca 98450C65 		.ascii	"\230E\014e\304\004_\011\314\243M\363\037\227\367&#\241"
  85      C4045F09 
  85      CCA34DF3 
  85      1F97F726 
  85      23A1
  86 00dc 802F8847 		.ascii	"\200/\210G\010\201\367\312[\324\324\336\257QU\373T\302"
  86      0881F7CA 
  86      5BD4D4DE 
  86      AF5155FB 
  86      54C2
  87 00ee BBD306A0 		.ascii	"\273\323\006\240q\311\216\001\322K\200\227\240\020c"
  87      71C98E01 
  87      D24B8097 
  87      A01063
  88 00fd ECA32BBA 		.ascii	"\354\243+\272NR\357\364\005C\333vc\265\010\035\247@"
  88      4E52EFF4 
  88      0543DB76 
  88      63B5081D 
  88      A740
  89 010f B2406085 		.ascii	"\262@`\205z\351\331n\213N6\210 \026X\236\261]{\266\311"
  89      7AE9D96E 
  89      8B4E3688 
  89      2016589E 
  89      B15D7BB6 
  90 0124 87C887EE 		.ascii	"\207\310\207\356\224\026\327#\032\012\3400\026}\350"
  90      9416D723 
  90      1A0AE030 
  90      167DE8
  91 0133 9B5D0FFB 		.ascii	"\233]\017\373\220\256\271\372\374\205m\370a\200\012"
  91      90AEB9FA 
  91      FC856DF8 
  91      61800A
  92 0142 62ECCA90 		.ascii	"b\354\312\220\233\257\233\232a ?\342\276\016k \3445"
  92      9BAF9B9A 
  92      61203FE2 
  92      BE0E6B20 
  92      E435
  93 0154 A2FAE0EB 		.ascii	"\242\372\340\353\217\026\337T\356\220\212\362\325\355"
  93      8F16DF54 
  93      EE908AF2 
  93      D5ED
  94 0162 ADEDB5A8 		.ascii	"\255\355\265\250\203B\216\233]<\344P\030\313\334\221"
  94      83428E9B 
  94      5D3CE450 
  94      18CBDC91 
  95 0172 2556D30E 		.ascii	"%V\323\016\215\017+\343\373\315\0055\234S\255\016\031"
  95      8D0F2BE3 
  95      FBCD0535 
  95      9C53AD0E 
ARM GAS  C:\Users\user\AppData\Local\Temp\ccAmFYFf.s 			page 7


  95      19
  96 0183 588183BB 		.ascii	"X\201\203\273\3363\350hs;e\212W\364\307b\277CMX\205"
  96      DE33E868 
  96      733B658A 
  96      57F4C762 
  96      BF434D58 
  97 0198 C9157A4F 		.ascii	"\311\025zOTE\234S\324\311\354|.o\204\377\244\363?b\373"
  97      54459C53 
  97      D4C9EC7C 
  97      2E6F84FF 
  97      A4F33F62 
  98 01ad F0D813C3 		.ascii	"\360\330\023\303\277b\031\207\232\361D\213\301\023{"
  98      BF621987 
  98      9AF1448B 
  98      C1137B
  99 01bc 8AF8DFB5 		.ascii	"\212\370\337\2656C`\215cna\2608\177\303k\274\367\337"
  99      3643608D 
  99      636E61B0 
  99      387FC36B 
  99      BCF7DF
 100 01cf 8C31CE4F 		.ascii	"\2141\316O\302\011v$N$\273\316\236\351N&z\322\347\323"
 100      C2097624 
 100      4E24BBCE 
 100      9EE94E26 
 100      7AD2E7D3 
 101 01e3 DD7D572F 		.ascii	"\335}W/\244\255dJ\237\255l\374\3701\323\312\232=\347"
 101      A4AD644A 
 101      9FAD6CFC 
 101      F831D3CA 
 101      9A3DE7
 102 01f6 2E9997AD 		.ascii	".\231\227\255+}Y3e\365\366Z\031\263\243\2533\321y\315"
 102      2B7D5933 
 102      65F5F65A 
 102      19B3A3AB 
 102      33D179CD 
 103 020a CCF4A753 		.ascii	"\314\364\247SGS\002\231\3372\204\332\231"
 103      47530299 
 103      DF3284DA 
 103      99
 104              		.text
 105              		.section	.gnu.lto_nvicSetSystemHandlerPriority.79a075f9,"",%progbits
 106 0000 789C6D51 		.ascii	"x\234mQMh\023Q\020\236o'\311\256\202=\027\355\241\007"
 106      4D681351 
 106      109E6F27 
 106      C9AE823D 
 106      17EDA107 
 107 0014 21F4A04B 		.ascii	"!\364\240K.\012\336J<Z*\255\307\\j*d\241\315\226\244"
 107      2E0ADE4A 
 107      3C5A2AAD 
 107      C75C6A2A 
 107      64A1CD96 
 108 0029 8AB7BE6C 		.ascii	"\212\267\276l\332\006[\250\242\246\251b\330@\221jkM"
 108      DA065BA8 
 108      A2A6A962 
 108      D840916A 
 108      6B4D
 109 003b AB5E8241 		.ascii	"\253^\202ABN\346PE\217\275iE\011\030P\333\253\325yk"
ARM GAS  C:\Users\user\AppData\Local\Temp\ccAmFYFf.s 			page 8


 109      424EE650 
 109      458FBD69 
 109      45091850 
 109      DBABD579 
 110 0050 040F3E78 		.ascii	"\004\017>x\373\346\357\233\375\276\2310\031\324\001"
 110      FBE6EF9B 
 110      FDBE9930 
 110      19D401
 111 005f D145223A 		.ascii	"\321E\":!\027L0n\275!\312Y\006\240\015e\201f\014\314"
 111      21174C30 
 111      6EBD21CA 
 111      5906A00D 
 111      6581660C 
 112 0074 E0269718 		.ascii	"\340&\227\030\315\302\347\2321\260\246\3444J\007\221"
 112      CDC2E79A 
 112      31B0A6E4 
 112      344A0791 
 113 0084 7935D7EB 		.ascii	"y5\327\3533\321=\271\372`\015\003R\365nv\353\001/\261"
 113      33D13DB9 
 113      FA600D03 
 113      52F56E76 
 113      EB012FB1 
 114 0098 CF4048DC 		.ascii	"\317@H\334\357;\367\367z\264k\240_\334\374\235Wu\213"
 114      EF3BF7F7 
 114      7AB46BA0 
 114      5FDCFC9D 
 114      57758B
 115 00ab CF83C4EE 		.ascii	"\317\203\304\356\250V.\022}\250\224\247\032\237\212"
 115      A8562E12 
 115      7DA894A7 
 115      1A9F8A
 116 00ba AC4EFACC 		.ascii	"\254N\372\314X\007KC<F\037\036\241\217$D\330@T\3127"
 116      58074B43 
 116      3C461F1E 
 116      A18F2444 
 116      D84054CA 
 117 00cf BC2F1DE6 		.ascii	"\274/\035\346\013\001\364F\353\347\236\331\205\036\224"
 117      0B01F446 
 117      EBE79ED9 
 117      851E94
 118 00de BAD027FF 		.ascii	"\272\320'\377\201n\"\252\353?n\037\026\217EB\253\177"
 118      816E22AA 
 118      EB3F6E1F 
 118      168F4542 
 118      AB7F
 119 00f0 E9E22922 		.ascii	"\351\342)\"\242\234\252\357\321P\207\277\012B\240ww"
 119      A29CAAEF 
 119      D15087BF 
 119      0A42A077 
 119      77
 120 0101 DF32018D 		.ascii	"\3372\001\2150\004\033b\375\011C\377\234hA@z \213l\350"
 120      30041B62 
 120      FD0943FF 
 120      9C684140 
 120      7A208B6C 
 121 0116 97DBF07E 		.ascii	"\227\333\360~\024vju\350Fe6\312\014j#\377m\276\033`"
 121      14766A75 
ARM GAS  C:\Users\user\AppData\Local\Temp\ccAmFYFf.s 			page 9


 121      E8466536 
 121      CA0C6A23 
 121      FF6DBE1B 
 122 012b 89FD3B8B 		.ascii	"\211\375;\2130B\250\012\2476\232\313\255S\272F\262\313"
 122      3042A80A 
 122      A7369ACB 
 122      AD53BA46 
 122      B2CB
 123 013d 73CDB7A6 		.ascii	"s\315\267\246\316F\002M\271Z\375n\370\217\253v\363\252"
 123      CE46024D 
 123      B95AFD6E 
 123      F88FAB76 
 123      F3AA
 124 014f 47E357BC 		.ascii	"G\343W\274\017\226\217rNF^9\356\263\211m\021\267%\215"
 124      0F968F72 
 124      4E465E39 
 124      EEB3896D 
 124      11B7258D 
 125 0163 34E06BF1 		.ascii	"4\340k\361\365\372Q{S\315\346T\277\317\026\236\301\307"
 125      F5FA517B 
 125      53CDE654 
 125      BFCF169E 
 125      C1C7
 126 0175 4AB00C49 		.ascii	"J\260\014I\256\336.\307cU\235\253\244}>\202\347\260"
 126      AEDE2EC7 
 126      63559DAB 
 126      A47D3E82 
 126      E7B0
 127 0187 CB1C0EF6 		.ascii	"\313\034\016\366\364\0021a(\253\367*/\227\002\302\301"
 127      F4023161 
 127      28ABF72A 
 127      2F9702C2 
 127      C1
 128 0198 FE164483 		.ascii	"\376\026D\203h3\210\006\343\347\022#\227\206G\023\361"
 128      68338806 
 128      E3E71223 
 128      97864713 
 128      F1
 129 01a9 9473D919 		.ascii	"\224s\331\031\235\276:\356\270\211\244\266\335l\354"
 129      9DBE3AEE 
 129      B889A4B6 
 129      DD6CEC
 130 01b8 EC19DBCD 		.ascii	"\354\031\333\315\332\251\261\011{\312\315Lg\355\244"
 130      DAA9B109 
 130      7BCACD4C 
 130      67EDA4
 131 01c7 3B39E9A6 		.ascii	";9\351\246\355\301\221\241\370\320u;}\315I\236N\222"
 131      EDC191A1 
 131      F8D0753B 
 131      7DCD499E 
 131      4E92
 132 01d9 991A4B8F 		.ascii	"\231\032K\217O\\\311\204\2462\216\373\033\0336\266U"
 132      4F5CC984 
 132      A6328EFB 
 132      1B1B36B6 
 132      55
 133              		.text
ARM GAS  C:\Users\user\AppData\Local\Temp\ccAmFYFf.s 			page 10


 134              		.section	.gnu.lto_nvicClearPending.79a075f9,"",%progbits
 135 0000 789C2D51 		.ascii	"x\234-QML\023Q\020\236og\267-\011\255W\023\033\345`"
 135      4D4C1351 
 135      109E6F67 
 135      B72D09AD 
 135      57131BE5 
 136 0015 4288099B 		.ascii	"B\210\011\233^4\361F*\341DL\300c/Z\0174\221\256\261"
 136      5E34F146 
 136      2AE1444C 
 136      C0632F5A 
 136      0F3491AE 
 137 002a 48BCF15A 		.ascii	"H\274\361Z\240\015\230\000Q(bl\266\306\032~\024\012"
 137      A00D9800 
 137      5128626C 
 137      B6C61A7E 
 137      140A
 138 003c E841F0D2 		.ascii	"\350A\360\322l\274p@\203W\215\007IH<@\264\361\340\001"
 138      6CBC7040 
 138      83578D07 
 138      49483C40 
 138      B4F1E001 
 139 0050 D079BBBE 		.ascii	"\320y\273\276\344\2757\363\275o\276\2317c\221AG \352"
 139      E4BD37F3 
 139      BD6FBE99 
 139      37639141 
 139      4720EA
 140 0063 26A273B2 		.ascii	"&\242s\262\301\004c\346#Q>b\000\332P\021\320\210\201"
 140      C10463E6 
 140      23513E62 
 140      00DA5011 
 140      D08881
 141 0076 114CF33C 		.ascii	"\021L\363<\303+\035l\031\035\213JVc~;\\T\343g]&Z\220"
 141      C32B1D6C 
 141      191D8B4A 
 141      56637E3B 
 141      5C54E367 
 142 008e AD1716D1 		.ascii	"\255\027\026\321!\254\275\261\365g<\305.\003\246\270"
 142      21ACBDB1 
 142      F5673CC5 
 142      2E03A6B8 
 143 009e BF769FEE 		.ascii	"\277v\237\356\307\264k\240M\334\0235[\216\3615\220\330"
 143      C7B46BA0 
 143      4DDC1335 
 143      5B8EF135 
 143      90D8
 144 00b0 0BDEDC97 		.ascii	"\013\336\334\227h\373K\245\012\252\361a\226\325E\227"
 144      68FB4BA5 
 144      0AAAF161 
 144      96D54597 
 145 00c0 192B6011 		.ascii	"\031+`\021\3042\342XB\234\004\"\274B\273\346\177\337"
 145      C432E258 
 145      429C0422 
 145      BC42BBE6 
 145      7FDF
 146 00d2 389D8B86 		.ascii	"8\235\213\206\314 !^#$\265S\3753\032\352\364oI5\276"
 146      CC20215E 
 146      2324B553 
ARM GAS  C:\Users\user\AppData\Local\Temp\ccAmFYFf.s 			page 11


 146      FD331AEA 
 146      F46F4935 
 147 00e7 D6B0D713 		.ascii	"\326\260\327\023\0014\335\220@\223\365a\312aY\332\""
 147      0134DD90 
 147      4093F561 
 147      CA6159DA 
 147      22
 148 00f8 9A9440FD 		.ascii	"\232\224@\375\255\207l\350\233\177`\264Y<y_\205\026"
 148      AD876CE8 
 148      9B7F60B4 
 148      593C795F 
 148      8516
 149 010a ABB05161 		.ascii	"\253\260QaH\232\235\332\366q\253\256\330\202\205U\251"
 149      489A9DDA 
 149      F671ABAE 
 149      D8828555 
 149      A9
 150 011b 4168C7C5 		.ascii	"Ah\307\305\211\226\200\304\001\351qmm+\252I&.`- \375"
 150      899680C4 
 150      01E9716D 
 150      6D2BAA49 
 150      262E602D 
 151 0131 2C2E8703 		.ascii	",.\207\003\222\211Kq\241\012Xh\226\376\253[\002\013"
 151      92894B71 
 151      A10A5868 
 151      96FEAB5B 
 151      020B
 152 0143 E095773A 		.ascii	"\340\225w:5 \032\345q\357SXk\204\374v\274}~\364\247"
 152      35201AE5 
 152      71EF5358 
 152      6B84FC76 
 152      BC7D7EF4 
 153 0158 35709537 		.ascii	"5p\2257\252b\002=:l\276\213\271\250\344\245\345\325"
 153      AA62023D 
 153      3A6CBE8B 
 153      B9A8E4A5 
 153      E5D5
 154 016a F32E87B1 		.ascii	"\363.\207\261.}\251K:\035\260\373ms\346\214\275\252"
 154      2E7DA94B 
 154      3A1DB0FB 
 154      6D73E68C 
 154      BDAA
 155 017c C6F2AACD 		.ascii	"\306\362\252\315\345\0106\340\342\211?\014\255\266\362"
 155      E50836E0 
 155      E2893F0C 
 155      ADB6F2
 156 018b 7B891375 		.ascii	"{\211\023u\375X\035v\271\005\233\260\345\213\376\240"
 156      FD581D76 
 156      B9059BB0 
 156      E58BFEA0 
 157 019b DE2021F5 		.ascii	"\336 !\365\320!\012\325\027\323~y\376\000'\031\272-"
 157      D0210AD5 
 157      17D37E79 
 157      FE002719 
 157      BA2D
 158 01ad C2E94A5E 		.ascii	"\302\351J^M\365\335\270\336\237J\016dne\372\207\356"
 158      4DF5DDB8 
ARM GAS  C:\Users\user\AppData\Local\Temp\ccAmFYFf.s 			page 12


 158      DE9F4A0E 
 158      646E65FA 
 158      87EE
 159 01bf DFCE38A9 		.ascii	"\337\3168\251\264\266\235\\\342\312e\333\311\331\003"
 159      B4B69D5C 
 159      E2CA65DB 
 159      C9D903
 160 01ce 37EFD877 		.ascii	"7\357\330w\235{C9;\355\014\016:Y\273\253\2577\331\373"
 160      9D7B4339 
 160      3BED0C0E 
 160      3A59BBAB 
 160      AF37D9FB 
 161 01e2 C0CE0E67 		.ascii	"\300\316\016g\322\235iB\366\037\327\260\262C"
 161      D29D6942 
 161      F61FD7B0 
 161      B243
 162              		.text
 163              		.section	.gnu.lto_.symbol_nodes.79a075f9,"",%progbits
 164 0000 789C6365 		.ascii	"x\234ce`b\360b\000\002\246\251L\365\014\014\023\316"
 164      6062F062 
 164      0002A6A9 
 164      4CF50C0C 
 164      13CE
 165 0012 313000A9 		.ascii	"10\000\251]\015\216@\221iL\365\214\250\"\323\231\352"
 165      5D0D8E40 
 165      91694CF5 
 165      8CA822D3 
 165      99EA
 166 0024 99504566 		.ascii	"\231PEf0\3253\243\2100\000\000\271\320\022\036"
 166      30D533A3 
 166      88300000 
 166      B9D0121E 
 167              		.text
 168              		.section	.gnu.lto_.refs.79a075f9,"",%progbits
 169 0000 789C6365 		.ascii	"x\234ce`b`d\000\002\000\000I\000\011"
 169      60626064 
 169      00020000 
 169      490009
 170              		.text
 171              		.section	.gnu.lto_.decls.79a075f9,"",%progbits
 172 0000 789CBD59 		.ascii	"x\234\275Y{P\224\327\025\337\373\335\005\226\005\321"
 172      7B5094D7 
 172      15DFFBDD 
 172      059605D1 
 173 0010 22939896 		.ascii	"\"\223\230\226t\034\307\214\314\264\021\3204\246\231"
 173      741CC78C 
 173      CCB411D0 
 173      34A699
 174 001f 4E2B59B5 		.ascii	"N+Y\2652\035\023f1N\377`\206\"l\"\255B\012\330\321L"
 174      321D1366 
 174      314EFF60 
 174      86226C22 
 174      AD420AD8 
 175 0035 D37C0828 		.ascii	"\323|\010(\242\022PP\001\037<\304\027*\"\010(\"\017"
 175      A2125050 
 175      011F3CC4 
 175      172A2208 
ARM GAS  C:\Users\user\AppData\Local\Temp\ccAmFYFf.s 			page 13


 175      28220F
 176 0048 15790841 		.ascii	"\025y\010A\020\2217\" \002\"\017_ B\317}|\354\307\347"
 176      10913722 
 176      2002220F 
 176      5F2042CF 
 176      7D7CECC7 
 177 005d 62F347A6 		.ascii	"b\363G\246\337xv\367\334\373\273\347\374\3569\367\236"
 177      DF7876F7 
 177      DCFBBBE7 
 177      FCEE39F7 
 177      9E
 178 006e 7B3F3453 		.ascii	"{?4S\011\252?\276\247R\335\020T\252\203H\245\232\204"
 178      09AA3FBE 
 178      A752DD10 
 178      54AA8348 
 178      A59A84
 179 0081 C74CA552 		.ascii	"\307L\245R\235U\031\0375\310e\220\253 \205 \305\252"
 179      9D55191F 
 179      35C86590 
 179      AB208520 
 179      C5AA
 180 0093 379FCD30 		.ascii	"7\237\3150v\026|\257\003\261\005\261\003\311\004\261"
 180      76167CAF 
 180      03B105B1 
 180      03C904B1 
 181 00a3 075904F2 		.ascii	"\007Y\004\362\005i\003\314\\\220&\370\335\010\322\007"
 181      056903CC 
 181      5C9026F8 
 181      DD08D207 
 182 00b3 D20B8241 		.ascii	"\322\013\202A\004h\267\004\261\000A\334\237\362\371"
 182      0468B704 
 182      B10041DC 
 182      9FF2F9
 183 00c2 0E3AAC4D 		.ascii	"\016:\254M\370P\332\227\354J~`j*\015b>\020\237\207\362"
 183      F850DA97 
 183      EC4A7E60 
 183      6A2A0D62 
 183      3E109F87 
 184 00d7 09860EED 		.ascii	"\011\206\016\355\014\374\211m\003\364{\203\270 f\223"
 184      0CFC896D 
 184      03F47B83 
 184      B8206693 
 185 00e7 D8F90BB7 		.ascii	"\330\371\013\267W\310\365 4\335f\330\0146\011_7\023"
 185      57C8F520 
 185      34DD66D8 
 185      0C36095F 
 185      3713
 186 00f9 7CC9704B 		.ascii	"|\311pKn\323T\214\017`\224\275\347z\276\320\212\232"
 186      6ED3548C 
 186      0F6094BD 
 186      E77ABED0 
 186      8A9A
 187 010b 11CC09CD 		.ascii	"\021\314\011\315\241\255\010\261OD\205\252\223\322\203"
 187      A1AD08B1 
 187      4F4485AA 
 187      93D283
 188 011a 106D8756 		.ascii	"\020m\207VA\305\015KMH\032\301u\201\253\0027I\377\361"
ARM GAS  C:\Users\user\AppData\Local\Temp\ccAmFYFf.s 			page 14


 188      41C50D4B 
 188      4D481AC1 
 188      7581AB02 
 188      3749FFF1 
 189 012e C1486691 		.ascii	"\301Hf\221u3O\322\303\270\263\037t\2304\032\011F\007"
 189      75334FD2 
 189      C3B8B31F 
 189      7498341A 
 189      094607
 190 0141 08C907C8 		.ascii	"\010\311\007\310\0142\332\274\177\212\237\31289$\315"
 190      0C32DABC 
 190      7F8A9FCA 
 190      383924CD 
 191 0151 7E28EE56 		.ascii	"~(\356V\267\266\015\265\220\326\304\345\210\266%\334"
 191      B7B60DB5 
 191      90D6C4E5 
 191      88B625DC 
 192 0161 E9481130 		.ascii	"\351H\0210\244\026~\267\215\236\\\265\370\214\310\036"
 192      A4167EB7 
 192      8D9E5CB5 
 192      F88CC81E 
 193 0171 CD6F8C61 		.ascii	"\315o\214ak)=\225\206#1Z\244E\304\347lhJ\357\2774:\213"
 193      6B293D95 
 193      8623315A 
 193      A445C4E7 
 193      6C684AEF 
 194 0189 351144CD 		.ascii	"5\021D\315\017\303\307,\260=\375};\364\374!\202\266"
 194      0FC3C72C 
 194      B03DFD7D 
 194      3BF4FC21 
 194      82B6
 195 019b D52235F1 		.ascii	"\325\"5\361Z\031\377\300\006T;-\232\177\000\013q\345"
 195      5A19FFC0 
 195      06543B2D 
 195      9A7F000B 
 195      71E5
 196 01ad F5C56AE4 		.ascii	"\365\305j\344\240=N\234\024N>]\024\275C\024\005\224"
 196      A03D4E9C 
 196      144E3E5D 
 196      14BD4314 
 196      0594
 197 01bf 81B4E82C 		.ascii	"\201\264\350,\302\3504ZL(/\"\211\017\027\305mbT\210"
 197      C2E8345A 
 197      4C282F22 
 197      890F17C5 
 197      6D625488 
 198 01d3 68B95A85 		.ascii	"h\271Z\205\322\221=:\207\354U\350<r N\011\016\235\201"
 198      D2913D3A 
 198      87EC55E8 
 198      3C72204E 
 198      090E9D81 
 199 01e7 C6346804 		.ascii	"\3064h\004/\247\216E'\233\343}\2100\020J\2566\335S#"
 199      2FA78E45 
 199      279BE37D 
 199      8830104A 
 199      AE36DD53 
 200 01fc AD834903 		.ascii	"\255\203I\003Y&\01402\017\323\026\224\204\0212\231@"
ARM GAS  C:\Users\user\AppData\Local\Temp\ccAmFYFf.s 			page 15


 200      59260C30 
 200      320FD316 
 200      94841132 
 200      9940
 201 020e E682910C 		.ascii	"\346\202\221\014pcq(\036m\233\243&K\207\000\326\253"
 201      70637128 
 201      1E6D9BA3 
 201      264B8700 
 201      D6AB
 202 0220 4953446A 		.ascii	"ISDj\331\030\236j\273\210h\343\215\311\027\205\263Y"
 202      D9189E6A 
 202      BB8868E3 
 202      8DC91785 
 202      B359
 203 0232 0404129C 		.ascii	"\004\004\022\234\301[\207\255X\004\346\200Zq{\270\336"
 203      C15B87AD 
 203      5804E680 
 203      5A717BB8 
 203      DE
 204 0243 7ADE7E1A 		.ascii	"z\336~\032\345\020q\216\200\326\275\203r\201H\016\020"
 204      E510718E 
 204      80D6BD83 
 204      7281480E 
 204      10
 205 0254 51A14B68 		.ascii	"Q\241Kh\036|f#5s9~/\270\337|A\242\230\330.\026>)X\370"
 205      1E7C6623 
 205      3573397E 
 205      2FB8DF7C 
 205      41A298D8 
 206 026e F0822802 		.ascii	"\360\202(\002EQMp\350\224\221#\374\204\317\223\250\015"
 206      45514D70 
 206      E8949123 
 206      FC84CF93 
 206      A80D
 207 0280 A113A815 		.ascii	"\241\023\250\025V\300e\264\000\206\327\265\346\017b"
 207      56C065B4 
 207      0086D7B5 
 207      E60F62
 208 028f 5CC0F26B 		.ascii	"\\\300\362k\202\376\365\363i\257mf\344\222O\271\\\221"
 208      82FEF5F3 
 208      69AF6D66 
 208      E4924FB9 
 208      5C91
 209 02a1 B8ECBF90 		.ascii	"\270\354\277\220>!p.5\357\305\211\205\333D\022-@\241"
 209      3E21702E 
 209      35EFC589 
 209      85DB4412 
 209      2D40A1
 210 02b4 3C23933C 		.ascii	"<#\223<%\223\253\224I\306\313\276\020\214o3&\307\373"
 210      2593AB94 
 210      49C6CBBE 
 210      108C6F33 
 210      26C7FB
 211 02c7 C62E594B 		.ascii	"\306.YK\226~5e\211\314\251\300h\251@i\251\220Z\312?"
 211      967E3565 
 211      89CCA9C0 
 211      68A94069 
ARM GAS  C:\Users\user\AppData\Local\Temp\ccAmFYFf.s 			page 16


 211      A9905ACA 
 212 02dc 71C0150F 		.ascii	"q\300\025\0170Cy\271\215/4\334P\357\373\323(\025\031"
 212      304379B9 
 212      8D2F34DC 
 212      50EFFBD3 
 212      281519
 213 02ef 0D15290D 		.ascii	"\015\025)\015\025SCg\352\216\346Y\2634\211\366d\245"
 213      15534367 
 213      EA8EE659 
 213      B33489F6 
 213      64A5
 214 0301 16EDC8E2 		.ascii	"\026\355\310\342\372\240\005\3501g\037\344 \246G\331"
 214      FAA005E8 
 214      31671FE4 
 214      20A647D9 
 215 0311 81DE5377 		.ascii	"\201\336Sw\"~\026\313\243\230\204\240\341\360\370x\250"
 215      227E16CB 
 215      A39884A0 
 215      E1F0F878 
 215      A8
 216 0322 1A4F322A 		.ascii	"\032O2*\367\357NT\360e\037bF\266A\366\243\275V\332p"
 216      F7EF4E54 
 216      F0651F62 
 216      46B641F6 
 216      A3BD56DA 
 217 0337 1259BA04 		.ascii	"\022Y\272\004I\207\264\010U\250\214\254)\344h\217J\331"
 217      4987B408 
 217      55A88CAC 
 217      29E4688F 
 217      4AD9
 218 0349 FA1D692A 		.ascii	"\372\035i*J\324\332FQ\264(\316W\323\034\225\000\374"
 218      4AD4DA46 
 218      51B428CE 
 218      57D31C95 
 218      00FC
 219 035b 06859723 		.ascii	"\006\205\227#[i\020Aw\246v&Zr\346\346\240o\217\356H"
 219      5B691041 
 219      77A67626 
 219      5A72E6E6 
 219      A06F8FEE 
 220 0370 B1E1CC09 		.ascii	"\261\341\314\011\261\352\350\335\373\324\234)\331\255"
 220      B1EAE8DD 
 220      FBD49C29 
 220      D9AD
 221 037e 91F5D17F 		.ascii	"\221\365\321\177\302;1\345y/c\337y3\206}B\260C\023\251"
 221      C23B31E5 
 221      792F63DF 
 221      7933867D 
 221      42B04313 
 222 0393 B1E633F2 		.ascii	"\261\3463\362\254\226x\376\310x\246\207u\236\322\300"
 222      AC9678FE 
 222      C878A687 
 222      759ED2C0 
 223 03a3 687B2805 		.ascii	"h{(\005HV\007\354Y\035\310*\0349\253\306\273\251'!;"
 223      485607EC 
 223      591DC82A 
 223      1C39ABC6 
ARM GAS  C:\Users\user\AppData\Local\Temp\ccAmFYFf.s 			page 17


 223      BBA92721 
 224 03b8 AB335E2B 		.ascii	"\2533^+\333\352\357\344\212\342\034T\007\023\2535\346"
 224      DBEAEFE4 
 224      8AE21C54 
 224      0713AB35 
 224      E6
 225 03c9 C67E6AA7 		.ascii	"\306~j\247\017&\213x\236\012-\265GN\260M\357\3006\265"
 225      0F268B78 
 225      9E0A2DB5 
 225      474EB04D 
 225      EFC036B5 
 226 03dd E7DBB406 		.ascii	"\347\333\264\006\350\334\346\373\374\350\311\353\263"
 226      E8DCE6FB 
 226      FCE8C9EB 
 226      B3
 227 03ea F07EE620 		.ascii	"\360~\346 .\266(\313f\312\001l\337L\272}\357\201\207"
 227      2EB628CB 
 227      66CA016C 
 227      DF4CBA7D 
 227      EF8187
 228 03fd BB460F75 		.ascii	"\273F\017uh\006\027\365\246]\214t]\31117\246\002Q{\225"
 228      680617F5 
 228      A65D8C74 
 228      5DC93137 
 228      A602517B 
 229 0412 D07F8B46 		.ascii	"\320\177\213F\244\201\246\242ZJE\342\231\270~\013\022"
 229      A481A6A2 
 229      5A4A45E2 
 229      99B87E0B 
 229      12
 230 0423 BE909F66 		.ascii	"\276\220\237f\275M\014\353\265\220[o|\233\365\354\266"
 230      BD4D0CEB 
 230      B5905B6F 
 230      7C9BF5EC 
 230      B6
 231 0434 989D7C49 		.ascii	"\230\235|I&\222bz\271e\250\320\212\351\355$\374\243"
 231      2692627A 
 231      B965A8D0 
 231      8AE9ED24 
 231      FCA3
 232 0446 FD07EB34 		.ascii	"\375\007\3534<\3216\240_\03394d\215\217\260L\0277\345"
 232      3CD136A0 
 232      5F1B3934 
 232      648D8FB0 
 232      4C1737E5 
 233 045a 87F34C2F 		.ascii	"\207\363L/\003u[oF\202\345\214\211\276/%\272\235\361"
 233      03755B6F 
 233      4682E58C 
 233      89BE2F25 
 233      BA9DF1
 234 046d 0CEB3EDC 		.ascii	"\014\353>\334,(\027d+\300[(\274\203\362\274/\361<\360"
 234      2C281764 
 234      2BC05B28 
 234      BC83F2BC 
 234      2FF13CF0 
 235 0481 78F4977C 		.ascii	"x\364\227|=\312k\276-\255\371\350\\O\301!-gI\012\342"
 235      3DCA6BBE 
ARM GAS  C:\Users\user\AppData\Local\Temp\ccAmFYFf.s 			page 18


 235      2DADF9E8 
 235      5C4FC121 
 235      2D67490A 
 236 0496 B5DA8434 		.ascii	"\265\332\2044\013|\222\261|\032\021\366\202\357\033"
 236      0B7C92B1 
 236      7C1A11F6 
 236      82EF1B
 237 04a5 B2E9EA93 		.ascii	"\262\351\352\223\272^jgd\331#\261|\310XF\034J>l\256"
 237      BA5E6A67 
 237      64D923B1 
 237      7CC85846 
 237      1C4A3E6C 
 238 04ba 64D905F0 		.ascii	"d\331\005\360N\012\177DY\366H,\303\317D^\303,W?\345"
 238      4E0A7F44 
 238      59F6482C 
 238      C3CF445E 
 238      C32C573F 
 239 04cf 54801165 		.ascii	"T\200\021e\211\331q\323\266e\357\333\354\277\310~\325"
 239      89D971D3 
 239      B665EFDB 
 239      ECBFC87E 
 239      D5
 240 04e0 C4A79D88 		.ascii	"\304\247\235\210I\304\363\032\242\3719\320.\337\266"
 240      49C4F31A 
 240      A2F939D0 
 240      2EDFB6
 241 04ef 767CDB06 		.ascii	"v|\333\006\367\234\337\201\361Y\026\207\221\003a;5\014"
 241      F79CDF81 
 241      F1591687 
 241      9103613B 
 241      350C
 242 0501 FC2EA8A5 		.ascii	"\374.\250\245\011\207~=c\030\206\2440\0142\232W\253"
 242      09877E3D 
 242      631886A4 
 242      300C329A 
 242      57AB
 243 0513 9A722D95 		.ascii	"\232r-\225a\030\000\370c\012\037\2464\207$\232Y\371"
 243      611800F8 
 243      630A1FA6 
 243      3487249A 
 243      59F9
 244 0525 43A952F5 		.ascii	"C\251R\365 4\273\322:R\2648\207\3218]\270\253\224\247"
 244      2034BBD2 
 244      3A52B438 
 244      87D1385D 
 244      B8AB94A7 
 245 0539 2391E46A 		.ascii	"#\221\344j2a\360\2605\276\302:\245D\332\362D\376\370"
 245      3261F0B0 
 245      35BEC23A 
 245      A544DAF2 
 245      44FEF8
 246 054c 283B43C0 		.ascii	"(;C\300%\254\363u[T\224\005\037I\326f[C]\2065\256`\235"
 246      25ACF375 
 246      5B549405 
 246      1F49D666 
 246      5B435D86 
 247 0564 D9DD6525 		.ascii	"\331\335e%\322H\322\2713\275c\227\031\276\303:\357\267"
ARM GAS  C:\Users\user\AppData\Local\Temp\ccAmFYFf.s 			page 19


 247      D248D2B9 
 247      33BD6397 
 247      19BEC33A 
 247      EFB7
 248 0576 3C8CB0C1 		.ascii	"<\214\260\301\015L\271Y\262\355\357\370\001\373]\361"
 248      0D4CB959 
 248      B2EDEFF8 
 248      01FB5DF1 
 249 0586 20F4B76C 		.ascii	" \364\267lP()\3207\216e\034\305,~\211t\371g\026E\204"
 249      502829D0 
 249      378E651C 
 249      C52C7E89 
 249      74F96716 
 250 059c CCC63D14 		.ascii	"\314\306=\024<\373\332\375\023\011\032\264\220?s\311"
 250      3CFBDAFD 
 250      13091AB4 
 250      903F73C9 
 251 05ac 87C3C264 		.ascii	"\207\303\302d14\030N\316\327\177\030\275\023*\212\333"
 251      3134184E 
 251      CED77F18 
 251      BD132A8A 
 251      DB
 252 05bd AD5113B2 		.ascii	"\255Q\023\262EUP\034\"\204\271S\333\016U\32009\223\333"
 252      4555501C 
 252      2284B953 
 252      DB0E55D0 
 252      303993DB 
 253 05d1 2A1B50BE 		.ascii	"*\033P\276\025>B1\352\003\364K\216\226\322\216^LC\207"
 253      153E4231 
 253      EA03F44B 
 253      8E96D28E 
 253      5E4C4387 
 254 05e5 00FADB38 		.ascii	"\000\372\3338\212&\213#X`\350\251\225uM\216&ujx\013"
 254      8A268B23 
 254      5860E8A9 
 254      95754D8E 
 254      26756A78 
 255 05fa B30D5941 		.ascii	"\263\015YA\257\271m)W|]\311\3205[\215\350\347J\3643"
 255      AFB96D29 
 255      577C5DC9 
 255      D0355B8D 
 255      E8E74AF4 
 256 060f 25EFDE2D 		.ascii	"%\357\336-F\336\023J\336\216\012\360\230\014<\256\004"
 256      46DE134A 
 256      DE8E0AF0 
 256      980C3CAE 
 256      04
 257 0620 BF529A6E 		.ascii	"\277R\232n\224\205\344\251\022=bDG\363U\270\\\255\202"
 257      9485E4A9 
 257      123D6244 
 257      47F355B8 
 257      5CAD82
 258 0633 45620FC7 		.ascii	"Eb\017\307\004\351\"h\330\\\350\007\301\001\355\020"
 258      04E92268 
 258      D85CE807 
 258      C101ED10 
 259 0643 16A23090 		.ascii	"\026\2420\220p\220H\220\020\220\355 ;Av\201\354\001"
ARM GAS  C:\Users\user\AppData\Local\Temp\ccAmFYFf.s 			page 20


 259      70904890 
 259      1090ED20 
 259      3B417681 
 259      EC01
 260 0655 8902D906 		.ascii	"\211\002\331\006\262\033$TXHo\242, \035\262\200<Q\006"
 260      B21B2454 
 260      58486FA2 
 260      2C201DB2 
 260      803C5106 
 261 0669 A45F19BE 		.ascii	"\244_\031\276\342o\031\032\016Pt\223\243\245c\025]\177"
 261      E26F191A 
 261      0E507493 
 261      A3A56315 
 261      5D7F
 262 067b 237CB239 		.ascii	"#|\2629v+\347\370\340\015\3332&cJ&\243F4;\236Z_\332"
 262      762BE7F8 
 262      E00DDB32 
 262      26634A26 
 262      A346343B 
 263 0693 068B2222 		.ascii	"\006\213\"\"(\025?\232\214\223z>j\267W\024K\235H]\205"
 263      28153F9A 
 263      8C937A3E 
 263      6AB75714 
 263      4B9D485D 
 264 06a8 6B0AB325 		.ascii	"k\012\263%U[x_\231\262\005\213~\342n\333u\204\263\324"
 264      555B785F 
 264      99B2058B 
 264      7EE26EDB 
 264      7584B3D4 
 265 06bc F4080CBE 		.ascii	"\364\010\014\276r\264\312\0129\314e>\356\216i\340\346"
 265      72B4CA0A 
 265      39CC653E 
 265      EE8E69E0 
 265      E6
 266 06cd 8EF6C1E0 		.ascii	"\216\366\301\340ha\352\000$\036M\347\005\355\205t\374"
 266      6861EA00 
 266      241E4DE7 
 266      05ED8574 
 266      FC
 267 06de 1CA9217B 		.ascii	"\034\251!{52c\330\306:b\352\312MY\030KV\214`M\337H\340"
 267      353263D8 
 267      C63A62EA 
 267      CA4D5918 
 267      4B568C60 
 268 06f6 9B5CBD2A 		.ascii	"\233\\\275*o6\363*\023N6\362\344\243\206\024^\222\006"
 268      6F36F32A 
 268      134E36F2 
 268      E4A38614 
 268      5E9206
 269 0709 E9ABCAF8 		.ascii	"\351\253\312\370\341\034\256\333\311J\213\035/-\343"
 269      E11CAEDB 
 269      C94A8B1D 
 269      2F2DE3
 270 0718 BBF2E366 		.ascii	"\273\362\343f\276\263\304\011\274:\236c\325q44\247\035"
 270      BEB3C409 
 270      BC3A9E63 
 270      D5713434 
ARM GAS  C:\Users\user\AppData\Local\Temp\ccAmFYFf.s 			page 21


 270      A71D
 271 072a 29ABE341 		.ascii	")\253\343A\010\301\001\201\300\343\005[i\020A_\254\251"
 271      08C10181 
 271      C0E3055B 
 271      6910415F 
 271      ACA9
 272 073c 7F6E89AF 		.ascii	"\177n\211\257\322\360\242\304\211\350d+\351\304\010"
 272      D2F0A2C4 
 272      89E8642B 
 272      E9C408
 273 074b FF2927C6 		.ascii	"\377)'\306\316\272\346\013\323\234\035\022\336\342\254"
 273      CEBAE60B 
 273      D39C1D12 
 273      DEE2AC
 274 075a B63B2994 		.ascii	"\266;)\224\237\357\325*\331\253\202-{U\220\252\246\035"
 274      9FEFD52A 
 274      D9AB822D 
 274      7B5590AA 
 274      A61D
 275 076c AF9A7925 		.ascii	"\257\232y%5e\010_c\334\212\207\317\237\340cI\025\017"
 275      3565085F 
 275      63DC8A87 
 275      CF9FE063 
 275      49150F
 276 077f 8F1BAE9E 		.ascii	"\217\033\256\236=cLR\244\230$\013\224f\303\313\033\215"
 276      3D634C52 
 276      A498240B 
 276      9466C3CB 
 276      1B8D
 277 0791 66CA9824 		.ascii	"f\312\230$\002\315\243\224\3461J3E\242\331\232\031\327"
 277      02CDA394 
 277      E6314A33 
 277      45A2D99A 
 277      19D7
 278 07a3 6DA19CD4 		.ascii	"m\241\234\324\214\350]7.\226\360\344\226\022\275{\""
 278      8CE85D37 
 278      2E96F0E4 
 278      9612BD7B 
 278      22
 279 07b4 B3DC0297 		.ascii	"\263\334\002\2272\326\373\366\276,\327\340[L\311\031"
 279      32D6FBF6 
 279      BE2CD7E0 
 279      5B4CC919 
 280 07c4 48CB99C5 		.ascii	"H\313\231\305\220\205D\217\317{Z\316"
 280      9085448F 
 280      CF7B5ACE 
 281 07d0 6F2C1A59 		.ascii	"o,\032Y\267\035\357\036I\033L5\307\325llDvm\253z\306"
 281      B71DEF1E 
 281      491B4C35 
 281      C7D56C6C 
 281      44766DAB 
 282 07e6 F99E95E6 		.ascii	"\371\236\225\346\353D\247\033\233\037{\321F9\3354\230"
 282      EB44A71B 
 282      9B1F7BD1 
 282      4639DD34 
 282      98
 283 07f7 C0693A81 		.ascii	"\300i:\201st\002g\245\011\234{6rY\253\234\356\214\350"
ARM GAS  C:\Users\user\AppData\Local\Temp\ccAmFYFf.s 			page 22


 283      73740267 
 283      A5099C7B 
 283      367259AB 
 283      9CEE8CE8 
 284 080b 93DD8722 		.ascii	"\223\335\207\"y\036>\001\365\340hR\357,|\207\221|<0"
 284      791E3E01 
 284      F5E06852 
 284      EF2C7C87 
 284      917C3C30 
 285 081f 9E0E271B 		.ascii	"\236\016'\033S\362r\256\224\360\3319\201\232v\246\250"
 285      53F272AE 
 285      94F0D939 
 285      819A76A6 
 285      A8
 286 0830 CA0AB7B2 		.ascii	"\312\012\267\262\276\361\250\243\231\226\270\223)\011"
 286      BEF1A8A3 
 286      9996B893 
 286      2909
 287 083e 232D8FF8 		.ascii	"#-\217\370\352w \211N9\262\327\022?b}\223Q\341q\026"
 287      EA772089 
 287      4E39B2D7 
 287      123F627D 
 287      9351E171 
 288 0853 78802931 		.ascii	"x\200)1U1)Vx\204)\003\241]\355|\355\314\003\365UOL\003"
 288      55312956 
 288      78842903 
 288      A15DED7C 
 288      EDCC03F5 
 289 086b 7F7BB196 		.ascii	"\177{\261\226\335E\354\370]\344\334\363\310\003Vx\224"
 289      DD45ECF8 
 289      5DE4DCF3 
 289      C8035678 
 289      94
 290 087c 0DAD6F08 		.ascii	"\015\255o\010\275\304\261V\240FU\264\375u\306\310\026"
 290      BDC4B156 
 290      A04655B4 
 290      FD75C6C8 
 290      16
 291 088d 4891BDCA 		.ascii	"H\221\275\312VRy\351\255=j\345u\371\012\004+\217\006"
 291      565279E9 
 291      AD3D6AE5 
 291      75F90A04 
 291      2B8F06
 292 08a0 AB9006AB 		.ascii	"\253\220\006\253@\012VJ\\\310\230\231\362\372;#:\277"
 292      400A564A 
 292      5CC89899 
 292      F2FA3B23 
 292      3ABF
 293 08b2 A679397E 		.ascii	"\246y9~\3158>\253j\276\217p\260\031UB+\312NX\3400\246"
 293      CD383EAB 
 293      6ABE8F70 
 293      B0195542 
 293      2BCA4E58 
 294 08c9 F49FAA2C 		.ascii	"\364\237\252,5\307\273\230\322\331=\226\213q\024S\216"
 294      35C7BB98 
 294      D2D93D96 
 294      8B711453 
ARM GAS  C:\Users\user\AppData\Local\Temp\ccAmFYFf.s 			page 23


 294      8E
 295 08da F727EFB1 		.ascii	"\367'\357\261\304\261|L\347@\025\217\317n\262\231^\015"
 295      C4B17C4C 
 295      E740158F 
 295      CF6EB299 
 295      5E0D
 296 08ec 66DF9122 		.ascii	"f\337\221\"BV[\357\263\256I\015N\240\340w\373\263\242"
 296      42565BEF 
 296      B3AE490D 
 296      4EA0E077 
 296      FBB3A2
 297 08ff 53ADA75F 		.ascii	"S\255\247_&\330\343\000\302\016\213\201\327\244f\037"
 297      26D8E300 
 297      C20E8B81 
 297      D7A4661F 
 298 090f 74424582 		.ascii	"tBE\202-\312\207r[\013\005O\232\012\272,(.\011\305\337"
 298      2DCA8772 
 298      5B0B054F 
 298      9A0ABA2C 
 298      282E09C5 
 299 0924 192F0925 		.ascii	"\031/\011%\034=UL\350\321\234\216\030:\006\214\027\177"
 299      1C3D554C 
 299      E8D19C8E 
 299      183A068C 
 299      177F
 300 0936 CFCE9654 		.ascii	"\317\316\226T\260\235\304\321\322\206CG\224\266\207"
 300      B09DC4D1 
 300      D2864347 
 300      94B687
 301 0945 65B62F29 		.ascii	"e\266/)m\263+\205d\234\336W\376c\204_T\3023\345\306"
 301      6DB32B85 
 301      649CDE57 
 301      FE63845F 
 301      54C233E5 
 302 095a 6388718E 		.ascii	"c\210q\216&\233\340\244\022}\\IeLF%W\211\316V\242\313"
 302      269BE0A4 
 302      127D5C49 
 302      654C4625 
 302      5789CE56 
 303 0970 65E81B4A 		.ascii	"e\350\033J\364i#Z~x\225A\030JiW-?\271Z\341\344\272\003"
 303      F469235A 
 303      7E789541 
 303      184A6957 
 303      2D3FB95A 
 304 0988 A7D12D90 		.ascii	"\247\321-\220\032\220&\220\273 - \025 U \267A\032A~"
 304      1A902690 
 304      BB202D20 
 304      15205520 
 304      B7411A41 
 305 099d 046906A9 		.ascii	"\004i\006\251\003\271\017\322\006R\015\322\016R\011"
 305      03B90FD2 
 305      06520DD2 
 305      0E5209
 306 09ac 720FA401 		.ascii	"r\017\244\001\244~\352\322Ab0\366oc\014n\232L\236lR"
 306      A47EEAD2 
 306      416230F6 
 306      6F630C6E 
ARM GAS  C:\Users\user\AppData\Local\Temp\ccAmFYFf.s 			page 24


 306      9A4C9E6C 
 307 09c1 8DB2F05E 		.ascii	"\215\262\360^P\202\317+C\320(\013\3015%\372\350\033"
 307      5082CF2B 
 307      43D0280B 
 307      C13525FA 
 307      E81B
 308 09d3 E8EF8DE8 		.ascii	"\350\357\215\350r%:vZ\352\3105\226\257\242\303\260\212"
 308      72253A76 
 308      5AEAC835 
 308      96AFA2C3 
 308      B08A
 309 09e5 12385A3A 		.ascii	"\0228Z:\213\370\273\201\374\252\311\321pF\321\213\351"
 309      8BF8BB81 
 309      FCAAC9D1 
 309      7046D18B 
 309      E9
 310 09f6 34F47E41 		.ascii	"4\364~A\271\212\212e\323\3141\235i9\274F6\317\353\246"
 310      B98A8A65 
 310      D3CC319D 
 310      6939BC46 
 310      36CFEBA6 
 311 0a0a 533D0D2E 		.ascii	"S=\015.\263\236ez\215\312\341\0352\353\305\246\243\310"
 311      B39E657A 
 311      8DCAE11D 
 311      32EBC5A6 
 311      A3C8
 312 0a1c E0ECA234 		.ascii	"\340\354\24240\316.c\265\312\313\030\211\332\300\004"
 312      30CE2E63 
 312      B5CACB18 
 312      89DAC004 
 313 0a2c BF8CA543 		.ascii	"\277\214\245C \316pcR\371G\247\224\373cL\266?N\230\336"
 313      20CE7063 
 313      52F947A7 
 313      94FB634C 
 313      B63F4E98 
 314 0a41 1FD398CA 		.ascii	"\037\323\230\312&\226azu08\224\244\252\266\330*5N\242"
 314      2696617A 
 314      75303894 
 314      A4AAB6D8 
 314      2A354EA2 
 315 0a55 2549C8A9 		.ascii	"%I\310\251\317\214\265As\035L\355\005\324\011[\340\377"
 315      CF8CB541 
 315      731D4CED 
 315      05D4095B 
 315      E0FF
 316 0a67 B11D58F8 		.ascii	"\261\035X\370\272'\315\311=\363\0018\3540\3363k\351"
 316      BA27CDC9 
 316      3DF30138 
 316      EC30DE33 
 316      6BE9
 317 0a79 3D93FCA1 		.ascii	"=\223\374\241\360Vs\210\205\374*\370`\332U\260\213_"
 317      F0567388 
 317      85FC2AF8 
 317      60DA55B0 
 317      8B5F
 318 0a8b 05BBE855 		.ascii	"\005\273\350U\2608\241.C\203O\263\032\235\334SY\306"
 318      B038A12E 
ARM GAS  C:\Users\user\AppData\Local\Temp\ccAmFYFf.s 			page 25


 318      43834FB3 
 318      1A9DDC53 
 318      59C6
 319 0a9d 8FC8F7C9 		.ascii	"\217\310\367\311\237/\367\365G\"V\242{H\311N\252\034"
 319      9F2FF7F5 
 319      472256A2 
 319      7B48C94E 
 319      AA1C
 320 0aaf D9AFC5B9 		.ascii	"\331\257\305\271\014\233\233\377x\011\203\222w\303\333"
 320      0C9B9BFF 
 320      78098392 
 320      77C3DB
 321 0abe 47E23BD0 		.ascii	"G\342;\320\214\207V\237th\365\262C\253\356e\376\230"
 321      8C87569F 
 321      7468F5B2 
 321      43ABEE65 
 321      FE98
 322 0ad0 352EA286 		.ascii	"5.\242\206\324\355)\303}\346\310\301\036!-\310q\351"
 322      D4ED29C3 
 322      7DE6C8C1 
 322      1E212DC8 
 322      71E9
 323 0ae2 0FE02AF4 		.ascii	"\017\340*\364\0042\332/`\351?\020\342E0?\370=i6\365"
 323      0432DA2F 
 323      60E93F10 
 323      E245303F 
 323      F83D6936 
 324 0af7 E7A4C710 		.ascii	"\347\244\307\020\366'\324\317 de\000\034\305C\214H\013"
 324      F627D4CF 
 324      20646500 
 324      1CC5438C 
 324      480B
 325 0b09 79AD7E71 		.ascii	"y\255~q<U#?\367\210\355\036\300=\244\031\037\242\347"
 325      3C55233F 
 325      F788ED1E 
 325      C03DA419 
 325      1FA2E7
 326 0b1c 5E9F74EE 		.ascii	"^\237t\356EU&\261?\325\020\037\341o\365A\302\335\026"
 326      455526B1 
 326      3FD5101F 
 326      E16FF541 
 326      C2DD16
 327 0b2f DFA295DB 		.ascii	"\337\242\225\333\036~\233\355\355/2#\315>H\021\253\013"
 327      1E7E9BED 
 327      ED2F3223 
 327      CD3E4811 
 327      AB0B
 328 0b41 C5C2BE02 		.ascii	"\305\302\276\002\247\204m\205b\310r4\002K\375\021\244"
 328      A7846D85 
 328      62C87234 
 328      024BFD11 
 328      A4
 329 0b52 B2102D90 		.ascii	"\262\020-\220\015\355\206\226\265\202\012=\025>P\315"
 329      0DED8696 
 329      B5820A3D 
 329      153E50CD 
 330 0b62 F1FB97AF 		.ascii	"\361\373\227\257\367J?\257\365\033\015\353\014\336A"
ARM GAS  C:\Users\user\AppData\Local\Temp\ccAmFYFf.s 			page 26


 330      F74A3FAF 
 330      F51B0DEB 
 330      0CDE41
 331 0b71 FE019A3F 		.ascii	"\376\001\232?\177\376\345|\235\263\263J\353\351\271"
 331      7FFEE57C 
 331      9DB3B34A 
 331      EBE9B9
 332 0b80 D9D72F68 		.ascii	"\331\327/h\351\022\317\240\177x\177\352\021\020\344"
 332      E912CFA0 
 332      7F787FEA 
 332      1110E4
 333 0b8f 1FE8E1BD 		.ascii	"\037\350\341\275\301w\275o`\320f\037_\177\217 \177\377"
 333      C177BD6F 
 333      60D0661F 
 333      5F7F8F20 
 333      7FFF
 334 0ba1 8D811E5F 		.ascii	"\215\201\036_\373m\236O\177\315\367\012\3304\337\260"
 334      FB6D9E4F 
 334      7FCDF70A 
 334      D834DFB0 
 335 0bb1 69BDC1C7 		.ascii	"i\275\301\307\307\340\343\361\361\342\245\363\22789"
 335      C7E0E3F1 
 335      F1E2A5F3 
 335      973839
 336 0bc0 2FFBA7B3 		.ascii	"/\373\247\263\007\264\177\350\347\357g\370\320\340\265"
 336      07B47FE8 
 336      E7EF67F8 
 336      D0E0B5
 337 0bcf DED7C3D7 		.ascii	"\336\327\303\327\317{\343f\037\203\307&/\260\345g\360"
 337      CF7BE366 
 337      1F83C726 
 337      2FB0E567 
 337      F0
 338 0be0 F0F4317C 		.ascii	"\360\3641|\345\265yc\220g\320\326o\014\201\2137\250"
 338      E5B57963 
 338      9067D0D6 
 338      6F0C818B 
 338      37A8
 339 0bf2 3492D3BF 		.ascii	"4\222\323\277\375\374N\003\267\006zx\006\006\371\200"
 339      FDFC4E03 
 339      B7067A78 
 339      0606F980 
 340 0c02 07F0E4A2 		.ascii	"\007\360\344\242\373\324C\277\366\013w\017\035q\340"
 340      FBD443BF 
 340      F60B770F 
 340      1D71E0
 341 0c11 CE1C5067 		.ascii	"\316\034Pg\376\201\316\313>v\364\017t\334\340\265\321"
 341      FE81CECB 
 341      3E76F40F 
 341      74DCE0B5 
 341      D1
 342 0c22 F11BFF80 		.ascii	"\361\033\377\200\240@Go\377M\233\374\375\034]\364kt"
 342      A040476F 
 342      FF4D9BFC 
 342      FD1C5DF4 
 342      6B74
 343 0c34 6BB63892 		.ascii	"k\2668\222\240-\366V\375\202|\257\360\0154F\317\236"
ARM GAS  C:\Users\user\AppData\Local\Temp\ccAmFYFf.s 			page 27


 343      A02DF656 
 343      FD827CAF 
 343      F00D3446 
 343      CF9E
 344 0c46 B4B81B82 		.ascii	"\264\270\033\202\334\267\006\006\0316\255\366\362\363"
 344      DCB70606 
 344      1936ADF6 
 344      F2F3
 345 0c54 D9680870 		.ascii	"\331h\010p\013\360\365\017\360\015\332Jc\255\333h\360"
 345      0BF0F50F 
 345      F00DDA4A 
 345      63ADDB68 
 345      F0
 346 0c65 0A7033F8 		.ascii	"\012p3\370\001\211\257-\365+\335W\352\327\255\\\361"
 346      0189AF2D 
 346      F52BDD57 
 346      EAD7AD5C 
 346      F1
 347 0c76 3BC1D5CD 		.ascii	";\301\325\315\222\305\373\023\317 \013\376=\325\375"
 347      92C5FB13 
 347      CF200BFE 
 347      3DD5FD
 348 0c85 91DAD5E5 		.ascii	"\221\332\325\3453\375\224\272T\355\252s3\252K\324\256"
 348      33FD94BA 
 348      54EDAA73 
 348      33AA4BD4 
 348      AE
 349 0c96 EE6E7A8D 		.ascii	"\356nz\215\236i\316\320\271\322\330\351\004\235+\365"
 349      9E69CED0 
 349      B9D2D8E9 
 349      049D2BF5 
 350 0ca6 6AF7B5AE 		.ascii	"j\367\265\256\372U\377{\276|\226\206-A\216\2725\356"
 350      FA55FF7B 
 350      BE7C9686 
 350      2D418EBA 
 350      35EE
 351 0cb8 AEEE8E3C 		.ascii	"\256\356\216<r\320\021`\360\364\336\364\021\204\315"
 351      72D01160 
 351      F0F4DEF4 
 351      1184CD
 352 0cc7 F2F375AE 		.ascii	"\362\363u\256:\317\265\220.0\355\242W\257Y\263J\217"
 352      3ACFB590 
 352      2E30EDA2 
 352      57AF59B3 
 352      4A8F
 353 0cd9 5D56E8F1 		.ascii	"]V\350\361\012\370v[\245W\273\254r\327\253?[\345\242"
 353      0AF8765B 
 353      A557BBAC 
 353      72D7AB3F 
 353      5BE5A2
 354 0cec 37832E00 		.ascii	"7\203.\000\254 \372j\362\241\203\0173\367\325:w=v_\355"
 354      AC20FA6A 
 354      F2A1830F 
 354      33F7D53A 
 354      773D765F 
 355 0d01 86753AF8 		.ascii	"\206u:\370\326\351\315\\\\\365:\275z\335\332/\364\300"
 355      D6E9CD5C 
ARM GAS  C:\Users\user\AppData\Local\Temp\ccAmFYFf.s 			page 28


 355      5CF53ABD 
 355      7ADDDA2F 
 355      F4C0
 356 0d13 1D103AB7 		.ascii	"\035\020:\267/]W\300\247\213N\257q\327}F}\315\362\364"
 356      2F5D57C0 
 356      A78B4EAF 
 356      71D77D46 
 356      7DCDF2F4 
 357 0d27 FC6AB39F 		.ascii	"\374j\263\237\267\247\347\342e\316\277w\326H\232\332"
 357      B7A7E7E2 
 357      65CEBF77 
 357      D6489ADA 
 358 0d37 7B8357C0 		.ascii	"{\203W\300\177\001\2226\001\""
 358      7F019236 
 358      0122
 359              		.text
 360              		.section	.gnu.lto_.symtab.79a075f9,"",%progbits
 361 0000 6E766963 		.ascii	"nvicEnableVector\000"
 361      456E6162 
 361      6C655665 
 361      63746F72 
 361      00
 362 0011 00       		.ascii	"\000"
 363 0012 00       		.ascii	"\000"
 364 0013 00       		.ascii	"\000"
 365 0014 00000000 		.ascii	"\000\000\000\000\000\000\000\000"
 365      00000000 
 366 001c BA000000 		.ascii	"\272\000\000\000"
 367 0020 6E766963 		.ascii	"nvicDisableVector\000"
 367      44697361 
 367      626C6556 
 367      6563746F 
 367      7200
 368 0032 00       		.ascii	"\000"
 369 0033 00       		.ascii	"\000"
 370 0034 00       		.ascii	"\000"
 371 0035 00000000 		.ascii	"\000\000\000\000\000\000\000\000"
 371      00000000 
 372 003d BE000000 		.ascii	"\276\000\000\000"
 373 0041 6E766963 		.ascii	"nvicSetSystemHandlerPriority\000"
 373      53657453 
 373      79737465 
 373      6D48616E 
 373      646C6572 
 374 005e 00       		.ascii	"\000"
 375 005f 00       		.ascii	"\000"
 376 0060 00       		.ascii	"\000"
 377 0061 00000000 		.ascii	"\000\000\000\000\000\000\000\000"
 377      00000000 
 378 0069 C0000000 		.ascii	"\300\000\000\000"
 379 006d 6E766963 		.ascii	"nvicClearPending\000"
 379      436C6561 
 379      7250656E 
 379      64696E67 
 379      00
 380 007e 00       		.ascii	"\000"
 381 007f 00       		.ascii	"\000"
ARM GAS  C:\Users\user\AppData\Local\Temp\ccAmFYFf.s 			page 29


 382 0080 00       		.ascii	"\000"
 383 0081 00000000 		.ascii	"\000\000\000\000\000\000\000\000"
 383      00000000 
 384 0089 C2000000 		.ascii	"\302\000\000\000"
 385              		.text
 386              		.section	.gnu.lto_.opts,"",%progbits
 387 0000 272D666D 		.ascii	"'-fmath-errno' '-fsigned-zeros' '-ftrapping-math' '"
 387      6174682D 
 387      6572726E 
 387      6F272027 
 387      2D667369 
 388 0033 2D666E6F 		.ascii	"-fno-trapv' '-fno-openmp' '-fno-openacc' '-mcpu=cor"
 388      2D747261 
 388      70762720 
 388      272D666E 
 388      6F2D6F70 
 389 0066 7465782D 		.ascii	"tex-m4' '-mno-thumb-interwork' '-mthumb' '-ggdb' '-"
 389      6D342720 
 389      272D6D6E 
 389      6F2D7468 
 389      756D622D 
 390 0099 4F322720 		.ascii	"O2' '-fomit-frame-pointer' '-falign-functions=16' '"
 390      272D666F 
 390      6D69742D 
 390      6672616D 
 390      652D706F 
 391 00cc 2D666675 		.ascii	"-ffunction-sections' '-fdata-sections' '-fno-common"
 391      6E637469 
 391      6F6E2D73 
 391      65637469 
 391      6F6E7327 
 392 00ff 2720272D 		.ascii	"' '-flto'\000"
 392      666C746F 
 392      2700
 393              		.text
 394              		.comm	__gnu_lto_v1,1,1
 395              		.comm	__gnu_lto_slim,1,1
 396              		.ident	"GCC: (GNU Tools for ARM Embedded Processors 6-2017-q1-update) 6.3.1 20170215 (release) [AR
ARM GAS  C:\Users\user\AppData\Local\Temp\ccAmFYFf.s 			page 30


DEFINED SYMBOLS
                            *ABS*:00000000 nvic.c
                            *COM*:00000001 __gnu_lto_v1
                            *COM*:00000001 __gnu_lto_slim

NO UNDEFINED SYMBOLS
